Using pre-set license
Built from '2020.3/staging' branch; Version is '2020.3.11f1 (99c7afb366b3) revision 10078127'; Using compiler version '192528614'; Build Type 'Release'
OS: 'Windows 10 Pro; OS build 19042.1165; Version 2009; 64bit' Language: 'ko' Physical Memory: 8146 MB
BatchMode: 1, IsHumanControllingUs: 0, StartBugReporterOnCrash: 0, Is64bit: 1, IsPro: 0

 COMMAND LINE ARGUMENTS:
C:\Users\admin\Desktop\2020.3.13f1\Editor\Unity.exe
-adb2
-batchMode
-noUpm
-name
AssetImportWorker0
-projectPath
C:/Users/admin/HollowNightTeam
-logFile
Logs/AssetImportWorker0.log
-srvPort
50446
Successfully changed project path to: C:/Users/admin/HollowNightTeam
C:/Users/admin/HollowNightTeam
Using Asset Import Pipeline V2.
Refreshing native plugins compatible for Editor in 52.73 ms, found 3 plugins.
Preloading 0 native plugins for Editor in 0.00 ms.
Initialize engine version: 2020.3.11f1 (99c7afb366b3)
[Subsystems] Discovering subsystems at path C:/Users/admin/Desktop/2020.3.13f1/Editor/Data/Resources/UnitySubsystems
[Subsystems] Discovering subsystems at path C:/Users/admin/HollowNightTeam/Assets
GfxDevice: creating device client; threaded=0
Direct3D:
    Version:  Direct3D 11.0 [level 11.1]
    Renderer: NVIDIA GeForce GTX 1060 3GB (ID=0x1c02)
    Vendor:   
    VRAM:     2988 MB
    Driver:   27.21.14.5671
Initialize mono
Mono path[0] = 'C:/Users/admin/Desktop/2020.3.13f1/Editor/Data/Managed'
Mono path[1] = 'C:/Users/admin/Desktop/2020.3.13f1/Editor/Data/MonoBleedingEdge/lib/mono/unityjit'
Mono config path = 'C:/Users/admin/Desktop/2020.3.13f1/Editor/Data/MonoBleedingEdge/etc'
Using monoOptions --debugger-agent=transport=dt_socket,embedding=1,server=y,suspend=n,address=127.0.0.1:56700
Begin MonoManager ReloadAssembly
Registering precompiled unity dll's ...
Register platform support module: C:/Users/admin/Desktop/2020.3.13f1/Editor/Data/PlaybackEngines/WindowsStandaloneSupport/UnityEditor.WindowsStandalone.Extensions.dll
Registered in 0.002049 seconds.
Native extension for WindowsStandalone target not found
Refreshing native plugins compatible for Editor in 47.84 ms, found 3 plugins.
Preloading 0 native plugins for Editor in 0.00 ms.
Mono: successfully reloaded assembly
- Completed reload, in  1.423 seconds
Platform modules already initialized, skipping
Registering precompiled user dll's ...
Registered in 0.005180 seconds.
Begin MonoManager ReloadAssembly
Native extension for WindowsStandalone target not found
Refreshing native plugins compatible for Editor in 72.22 ms, found 3 plugins.
Preloading 0 native plugins for Editor in 0.00 ms.
Mono: successfully reloaded assembly
- Completed reload, in  1.963 seconds
Platform modules already initialized, skipping
========================================================================
Worker process is ready to serve import requests
Launched and connected shader compiler UnityShaderCompiler.exe after 0.07 seconds
Refreshing native plugins compatible for Editor in 0.99 ms, found 3 plugins.
Preloading 0 native plugins for Editor in 0.00 ms.
Unloading 2085 Unused Serialized files (Serialized files now loaded: 0)
System memory in use before: 93.7 MB.
System memory in use after: 93.7 MB.

Unloading 32 unused Assets to reduce memory usage. Loaded Objects now: 2524.
Total: 4.548600 ms (FindLiveObjects: 0.342400 ms CreateObjectMapping: 0.680000 ms MarkObjects: 3.361400 ms  DeleteObjects: 0.163300 ms)

========================================================================
Received Import Request.
  path: Assets/BJY_Scripts/Mantis_baby.cs
  artifactKey: Guid(23251874b7df08f48b43d8fa94face47) Importer(815301076,1909f56bfc062723c751e8b465ee728b)
Start importing Assets/BJY_Scripts/Mantis_baby.cs using Guid(23251874b7df08f48b43d8fa94face47) Importer(815301076,1909f56bfc062723c751e8b465ee728b)  -> (artifact id: '983639966fc37cd1aeaced89716c59a7') in 0.060201 seconds
  Import took 0.064253 seconds .

========================================================================
Received Import Request.
  Time since last request: 525.545814 seconds.
  path: Assets/BJY_Scripts/Mantis_baby.cs
  artifactKey: Guid(23251874b7df08f48b43d8fa94face47) Importer(815301076,1909f56bfc062723c751e8b465ee728b)
Start importing Assets/BJY_Scripts/Mantis_baby.cs using Guid(23251874b7df08f48b43d8fa94face47) Importer(815301076,1909f56bfc062723c751e8b465ee728b)  -> (artifact id: 'cdb8109d07d1b4242826f14438188b26') in 0.004974 seconds
  Import took 0.009554 seconds .

========================================================================
Received Import Request.
  Time since last request: 176.510931 seconds.
  path: Assets/BJY_Scripts/Mantis_baby.cs
  artifactKey: Guid(23251874b7df08f48b43d8fa94face47) Importer(815301076,1909f56bfc062723c751e8b465ee728b)
Start importing Assets/BJY_Scripts/Mantis_baby.cs using Guid(23251874b7df08f48b43d8fa94face47) Importer(815301076,1909f56bfc062723c751e8b465ee728b)  -> (artifact id: '11efb6767249c1c18bc0b16e56a00b0d') in 0.008335 seconds
  Import took 0.013251 seconds .

========================================================================
Received Import Request.
  Time since last request: 58.393965 seconds.
  path: Assets/BJY_Scripts/Mantis_baby.cs
  artifactKey: Guid(23251874b7df08f48b43d8fa94face47) Importer(815301076,1909f56bfc062723c751e8b465ee728b)
Start importing Assets/BJY_Scripts/Mantis_baby.cs using Guid(23251874b7df08f48b43d8fa94face47) Importer(815301076,1909f56bfc062723c751e8b465ee728b)  -> (artifact id: '9aa3706950bf7310a8ddf5eb4cdf9c01') in 0.005637 seconds
  Import took 0.011391 seconds .

========================================================================
Received Prepare
Registering precompiled user dll's ...
Registered in 0.004959 seconds.
Begin MonoManager ReloadAssembly
Native extension for WindowsStandalone target not found
Refreshing native plugins compatible for Editor in 0.43 ms, found 3 plugins.
Preloading 0 native plugins for Editor in 0.00 ms.
Mono: successfully reloaded assembly
- Completed reload, in  1.063 seconds
Platform modules already initialized, skipping
Refreshing native plugins compatible for Editor in 0.48 ms, found 3 plugins.
Preloading 0 native plugins for Editor in 0.00 ms.
Unloading 2080 Unused Serialized files (Serialized files now loaded: 0)
System memory in use before: 93.7 MB.
System memory in use after: 93.7 MB.

Unloading 21 unused Assets to reduce memory usage. Loaded Objects now: 2528.
Total: 2.510400 ms (FindLiveObjects: 0.191800 ms CreateObjectMapping: 0.077900 ms MarkObjects: 2.033300 ms  DeleteObjects: 0.206400 ms)

========================================================================
Received Prepare
Registering precompiled user dll's ...
Registered in 0.007245 seconds.
Begin MonoManager ReloadAssembly
Native extension for WindowsStandalone target not found
Refreshing native plugins compatible for Editor in 0.66 ms, found 3 plugins.
Preloading 0 native plugins for Editor in 0.00 ms.
Mono: successfully reloaded assembly
- Completed reload, in  1.444 seconds
Platform modules already initialized, skipping
Refreshing native plugins compatible for Editor in 0.67 ms, found 3 plugins.
Preloading 0 native plugins for Editor in 0.00 ms.
Unloading 2080 Unused Serialized files (Serialized files now loaded: 0)
System memory in use before: 93.8 MB.
System memory in use after: 93.8 MB.

Unloading 21 unused Assets to reduce memory usage. Loaded Objects now: 2532.
Total: 3.204600 ms (FindLiveObjects: 0.222400 ms CreateObjectMapping: 0.103100 ms MarkObjects: 2.684000 ms  DeleteObjects: 0.193300 ms)

========================================================================
Received Prepare
Registering precompiled user dll's ...
Registered in 0.004868 seconds.
Begin MonoManager ReloadAssembly
Native extension for WindowsStandalone target not found
Refreshing native plugins compatible for Editor in 0.50 ms, found 3 plugins.
Preloading 0 native plugins for Editor in 0.00 ms.
Mono: successfully reloaded assembly
- Completed reload, in  1.284 seconds
Platform modules already initialized, skipping
Refreshing native plugins compatible for Editor in 0.46 ms, found 3 plugins.
Preloading 0 native plugins for Editor in 0.00 ms.
Unloading 2080 Unused Serialized files (Serialized files now loaded: 0)
System memory in use before: 93.8 MB.
System memory in use after: 93.8 MB.

Unloading 21 unused Assets to reduce memory usage. Loaded Objects now: 2536.
Total: 2.306400 ms (FindLiveObjects: 0.180800 ms CreateObjectMapping: 0.070600 ms MarkObjects: 1.922600 ms  DeleteObjects: 0.131400 ms)

========================================================================
Received Prepare
Registering precompiled user dll's ...
Registered in 0.004164 seconds.
Begin MonoManager ReloadAssembly
Native extension for WindowsStandalone target not found
Refreshing native plugins compatible for Editor in 0.45 ms, found 3 plugins.
Preloading 0 native plugins for Editor in 0.00 ms.
Mono: successfully reloaded assembly
- Completed reload, in  0.986 seconds
Platform modules already initialized, skipping
Refreshing native plugins compatible for Editor in 0.47 ms, found 3 plugins.
Preloading 0 native plugins for Editor in 0.00 ms.
Unloading 2080 Unused Serialized files (Serialized files now loaded: 0)
System memory in use before: 93.8 MB.
System memory in use after: 93.8 MB.

Unloading 21 unused Assets to reduce memory usage. Loaded Objects now: 2540.
Total: 2.302200 ms (FindLiveObjects: 0.207800 ms CreateObjectMapping: 0.093600 ms MarkObjects: 1.846500 ms  DeleteObjects: 0.153300 ms)

========================================================================
Received Prepare
Registering precompiled user dll's ...
Registered in 0.004392 seconds.
Begin MonoManager ReloadAssembly
Native extension for WindowsStandalone target not found
Refreshing native plugins compatible for Editor in 0.45 ms, found 3 plugins.
Preloading 0 native plugins for Editor in 0.00 ms.
Mono: successfully reloaded assembly
- Completed reload, in  1.023 seconds
Platform modules already initialized, skipping
Refreshing native plugins compatible for Editor in 0.46 ms, found 3 plugins.
Preloading 0 native plugins for Editor in 0.00 ms.
Unloading 2080 Unused Serialized files (Serialized files now loaded: 0)
System memory in use before: 93.8 MB.
System memory in use after: 93.8 MB.

Unloading 21 unused Assets to reduce memory usage. Loaded Objects now: 2544.
Total: 2.389800 ms (FindLiveObjects: 0.181600 ms CreateObjectMapping: 0.071200 ms MarkObjects: 1.990500 ms  DeleteObjects: 0.145800 ms)

========================================================================
Received Import Request.
  Time since last request: 8595.554116 seconds.
  path: Assets/BJY_Scripts/Mantis_baby.cs
  artifactKey: Guid(23251874b7df08f48b43d8fa94face47) Importer(815301076,1909f56bfc062723c751e8b465ee728b)
Start importing Assets/BJY_Scripts/Mantis_baby.cs using Guid(23251874b7df08f48b43d8fa94face47) Importer(815301076,1909f56bfc062723c751e8b465ee728b)  -> (artifact id: '5c650e98c5fd3d1d84e3c8a2315fe963') in 0.009402 seconds
  Import took 0.013241 seconds .

========================================================================
Received Import Request.
  Time since last request: 0.037345 seconds.
  path: Assets/BJY_Scripts/Mantis_baby.cs
  artifactKey: Guid(23251874b7df08f48b43d8fa94face47) Importer(815301076,1909f56bfc062723c751e8b465ee728b)
Start importing Assets/BJY_Scripts/Mantis_baby.cs using Guid(23251874b7df08f48b43d8fa94face47) Importer(815301076,1909f56bfc062723c751e8b465ee728b)  -> (artifact id: '5c650e98c5fd3d1d84e3c8a2315fe963') in 0.005064 seconds
  Import took 0.008753 seconds .

========================================================================
Received Prepare
Registering precompiled user dll's ...
Registered in 0.004716 seconds.
Begin MonoManager ReloadAssembly
Native extension for WindowsStandalone target not found
Refreshing native plugins compatible for Editor in 0.60 ms, found 3 plugins.
Preloading 0 native plugins for Editor in 0.00 ms.
Mono: successfully reloaded assembly
- Completed reload, in  1.018 seconds
Platform modules already initialized, skipping
Refreshing native plugins compatible for Editor in 0.45 ms, found 3 plugins.
Preloading 0 native plugins for Editor in 0.00 ms.
Unloading 2080 Unused Serialized files (Serialized files now loaded: 0)
System memory in use before: 93.8 MB.
System memory in use after: 93.8 MB.

Unloading 21 unused Assets to reduce memory usage. Loaded Objects now: 2548.
Total: 2.212000 ms (FindLiveObjects: 0.192200 ms CreateObjectMapping: 0.082500 ms MarkObjects: 1.783500 ms  DeleteObjects: 0.152900 ms)

========================================================================
Received Import Request.
  Time since last request: 98.441188 seconds.
  path: Assets/BJY_Scripts/Mantis_baby.cs
  artifactKey: Guid(23251874b7df08f48b43d8fa94face47) Importer(815301076,1909f56bfc062723c751e8b465ee728b)
Start importing Assets/BJY_Scripts/Mantis_baby.cs using Guid(23251874b7df08f48b43d8fa94face47) Importer(815301076,1909f56bfc062723c751e8b465ee728b)  -> (artifact id: '64f44cbe50235097caf4594a5a12db09') in 0.006075 seconds
  Import took 0.009263 seconds .

========================================================================
Received Prepare
Registering precompiled user dll's ...
Registered in 0.004678 seconds.
Begin MonoManager ReloadAssembly
Native extension for WindowsStandalone target not found
Refreshing native plugins compatible for Editor in 0.55 ms, found 3 plugins.
Preloading 0 native plugins for Editor in 0.00 ms.
Mono: successfully reloaded assembly
- Completed reload, in  1.234 seconds
Platform modules already initialized, skipping
Refreshing native plugins compatible for Editor in 0.51 ms, found 3 plugins.
Preloading 0 native plugins for Editor in 0.00 ms.
Unloading 2080 Unused Serialized files (Serialized files now loaded: 0)
System memory in use before: 93.9 MB.
System memory in use after: 93.8 MB.

Unloading 21 unused Assets to reduce memory usage. Loaded Objects now: 2552.
Total: 2.272900 ms (FindLiveObjects: 0.194900 ms CreateObjectMapping: 0.084400 ms MarkObjects: 1.861500 ms  DeleteObjects: 0.130900 ms)

========================================================================
Received Import Request.
  Time since last request: 27.836288 seconds.
  path: Assets/BJY_Scripts/Mantis_baby.cs
  artifactKey: Guid(23251874b7df08f48b43d8fa94face47) Importer(815301076,1909f56bfc062723c751e8b465ee728b)
Start importing Assets/BJY_Scripts/Mantis_baby.cs using Guid(23251874b7df08f48b43d8fa94face47) Importer(815301076,1909f56bfc062723c751e8b465ee728b)  -> (artifact id: '52e717e88709a5b6728ef933ecee0039') in 0.005800 seconds
  Import took 0.009244 seconds .

========================================================================
Received Prepare
Registering precompiled user dll's ...
Registered in 0.004719 seconds.
Begin MonoManager ReloadAssembly
Native extension for WindowsStandalone target not found
Refreshing native plugins compatible for Editor in 0.45 ms, found 3 plugins.
Preloading 0 native plugins for Editor in 0.00 ms.
Mono: successfully reloaded assembly
- Completed reload, in  0.968 seconds
Platform modules already initialized, skipping
Refreshing native plugins compatible for Editor in 0.48 ms, found 3 plugins.
Preloading 0 native plugins for Editor in 0.00 ms.
Unloading 2080 Unused Serialized files (Serialized files now loaded: 0)
System memory in use before: 93.9 MB.
System memory in use after: 93.8 MB.

Unloading 21 unused Assets to reduce memory usage. Loaded Objects now: 2556.
Total: 2.347100 ms (FindLiveObjects: 0.213500 ms CreateObjectMapping: 0.076300 ms MarkObjects: 1.911500 ms  DeleteObjects: 0.144900 ms)

========================================================================
Received Prepare
Registering precompiled user dll's ...
Registered in 0.004489 seconds.
Begin MonoManager ReloadAssembly
Native extension for WindowsStandalone target not found
Refreshing native plugins compatible for Editor in 0.48 ms, found 3 plugins.
Preloading 0 native plugins for Editor in 0.00 ms.
Mono: successfully reloaded assembly
- Completed reload, in  0.963 seconds
Platform modules already initialized, skipping
Refreshing native plugins compatible for Editor in 0.53 ms, found 3 plugins.
Preloading 0 native plugins for Editor in 0.00 ms.
Unloading 2080 Unused Serialized files (Serialized files now loaded: 0)
System memory in use before: 93.9 MB.
System memory in use after: 93.9 MB.

Unloading 21 unused Assets to reduce memory usage. Loaded Objects now: 2560.
Total: 2.372400 ms (FindLiveObjects: 0.187300 ms CreateObjectMapping: 0.077900 ms MarkObjects: 1.953000 ms  DeleteObjects: 0.153200 ms)

========================================================================
Received Prepare
Registering precompiled user dll's ...
Registered in 0.020843 seconds.
Begin MonoManager ReloadAssembly
Native extension for WindowsStandalone target not found
Refreshing native plugins compatible for Editor in 0.54 ms, found 3 plugins.
Preloading 0 native plugins for Editor in 0.00 ms.
Mono: successfully reloaded assembly
- Completed reload, in  2.193 seconds
Platform modules already initialized, skipping
Refreshing native plugins compatible for Editor in 0.45 ms, found 3 plugins.
Preloading 0 native plugins for Editor in 0.00 ms.
Unloading 2080 Unused Serialized files (Serialized files now loaded: 0)
System memory in use before: 93.9 MB.
System memory in use after: 93.9 MB.

Unloading 21 unused Assets to reduce memory usage. Loaded Objects now: 2564.
Total: 8.166600 ms (FindLiveObjects: 1.056400 ms CreateObjectMapping: 0.094900 ms MarkObjects: 6.547200 ms  DeleteObjects: 0.466900 ms)

AssetImportWorkerClient::OnTransportError - code=2 error=End of file
