Using pre-set license
Built from '2020.3/staging' branch; Version is '2020.3.11f1 (99c7afb366b3) revision 10078127'; Using compiler version '192528614'; Build Type 'Release'
OS: 'Windows 10 Pro; OS build 19042.1110; Version 2009; 64bit' Language: 'ko' Physical Memory: 8146 MB
BatchMode: 1, IsHumanControllingUs: 0, StartBugReporterOnCrash: 0, Is64bit: 1, IsPro: 0

 COMMAND LINE ARGUMENTS:
C:\Users\admin\Desktop\2020.3.13f1\Editor\Unity.exe
-adb2
-batchMode
-noUpm
-name
AssetImportWorker0
-projectPath
C:/Users/admin/Documents/GitHub/Unity/20210601 unity study
-logFile
Logs/AssetImportWorker0.log
-srvPort
64346
Successfully changed project path to: C:/Users/admin/Documents/GitHub/Unity/20210601 unity study
C:/Users/admin/Documents/GitHub/Unity/20210601 unity study
Using Asset Import Pipeline V2.
Refreshing native plugins compatible for Editor in 44.55 ms, found 2 plugins.
Preloading 0 native plugins for Editor in 0.00 ms.
Initialize engine version: 2020.3.11f1 (99c7afb366b3)
[Subsystems] Discovering subsystems at path C:/Users/admin/Desktop/2020.3.13f1/Editor/Data/Resources/UnitySubsystems
[Subsystems] Discovering subsystems at path C:/Users/admin/Documents/GitHub/Unity/20210601 unity study/Assets
GfxDevice: creating device client; threaded=0
Direct3D:
    Version:  Direct3D 11.0 [level 11.1]
    Renderer: NVIDIA GeForce GTX 1060 3GB (ID=0x1c02)
    Vendor:   
    VRAM:     2988 MB
    Driver:   27.21.14.5671
Initialize mono
Mono path[0] = 'C:/Users/admin/Desktop/2020.3.13f1/Editor/Data/Managed'
Mono path[1] = 'C:/Users/admin/Desktop/2020.3.13f1/Editor/Data/MonoBleedingEdge/lib/mono/unityjit'
Mono config path = 'C:/Users/admin/Desktop/2020.3.13f1/Editor/Data/MonoBleedingEdge/etc'
Using monoOptions --debugger-agent=transport=dt_socket,embedding=1,server=y,suspend=n,address=127.0.0.1:56500
Begin MonoManager ReloadAssembly
Registering precompiled unity dll's ...
Register platform support module: C:/Users/admin/Desktop/2020.3.13f1/Editor/Data/PlaybackEngines/WindowsStandaloneSupport/UnityEditor.WindowsStandalone.Extensions.dll
Registered in 0.002232 seconds.
Native extension for WindowsStandalone target not found
Refreshing native plugins compatible for Editor in 38.34 ms, found 2 plugins.
Preloading 0 native plugins for Editor in 0.00 ms.
Mono: successfully reloaded assembly
- Completed reload, in  1.323 seconds
Platform modules already initialized, skipping
Registering precompiled user dll's ...
Registered in 0.006163 seconds.
Begin MonoManager ReloadAssembly
Native extension for WindowsStandalone target not found
Refreshing native plugins compatible for Editor in 0.43 ms, found 2 plugins.
Preloading 0 native plugins for Editor in 0.00 ms.
Mono: successfully reloaded assembly
- Completed reload, in  1.120 seconds
Platform modules already initialized, skipping
========================================================================
Worker process is ready to serve import requests
Launched and connected shader compiler UnityShaderCompiler.exe after 0.06 seconds
Refreshing native plugins compatible for Editor in 0.43 ms, found 2 plugins.
Preloading 0 native plugins for Editor in 0.00 ms.
Unloading 1837 Unused Serialized files (Serialized files now loaded: 0)
System memory in use before: 92.0 MB.
System memory in use after: 92.1 MB.

Unloading 19 unused Assets to reduce memory usage. Loaded Objects now: 2283.
Total: 2.344300 ms (FindLiveObjects: 0.186200 ms CreateObjectMapping: 0.078000 ms MarkObjects: 1.964800 ms  DeleteObjects: 0.114100 ms)

========================================================================
Received Import Request.
  path: Assets/02 script/GameManager.cs
  artifactKey: Guid(77b445cae8c0351408087dede561feb4) Importer(815301076,1909f56bfc062723c751e8b465ee728b)
Start importing Assets/02 script/GameManager.cs using Guid(77b445cae8c0351408087dede561feb4) Importer(815301076,1909f56bfc062723c751e8b465ee728b)  -> (artifact id: '9114b295a90fb80e0f6dc29a52aff525') in 0.044741 seconds
  Import took 0.048279 seconds .

========================================================================
Received Import Request.
  Time since last request: 243.600584 seconds.
  path: Assets/02 script/GameManager.cs
  artifactKey: Guid(77b445cae8c0351408087dede561feb4) Importer(815301076,1909f56bfc062723c751e8b465ee728b)
Start importing Assets/02 script/GameManager.cs using Guid(77b445cae8c0351408087dede561feb4) Importer(815301076,1909f56bfc062723c751e8b465ee728b)  -> (artifact id: '78eedcfaefddd9a86ea380c81774a74f') in 0.009325 seconds
  Import took 0.015781 seconds .

========================================================================
Received Import Request.
  Time since last request: 329.907849 seconds.
  path: Assets/02 script/GameManager.cs
  artifactKey: Guid(77b445cae8c0351408087dede561feb4) Importer(815301076,1909f56bfc062723c751e8b465ee728b)
Start importing Assets/02 script/GameManager.cs using Guid(77b445cae8c0351408087dede561feb4) Importer(815301076,1909f56bfc062723c751e8b465ee728b)  -> (artifact id: '488cb9caffc7208c062cb27a24324859') in 0.005720 seconds
  Import took 0.010993 seconds .

========================================================================
Received Import Request.
  Time since last request: 162.322185 seconds.
  path: Assets/02 script/GameManager.cs
  artifactKey: Guid(77b445cae8c0351408087dede561feb4) Importer(815301076,1909f56bfc062723c751e8b465ee728b)
Start importing Assets/02 script/GameManager.cs using Guid(77b445cae8c0351408087dede561feb4) Importer(815301076,1909f56bfc062723c751e8b465ee728b)  -> (artifact id: '362010aa523e3cf2ee70084229c9ebd5') in 0.008750 seconds
  Import took 0.012563 seconds .

========================================================================
Received Prepare
Registering precompiled user dll's ...
Registered in 0.004400 seconds.
Begin MonoManager ReloadAssembly
Native extension for WindowsStandalone target not found
Refreshing native plugins compatible for Editor in 0.39 ms, found 2 plugins.
Preloading 0 native plugins for Editor in 0.00 ms.
Mono: successfully reloaded assembly
- Completed reload, in  0.969 seconds
Platform modules already initialized, skipping
Refreshing native plugins compatible for Editor in 0.45 ms, found 2 plugins.
Preloading 0 native plugins for Editor in 0.00 ms.
Unloading 1802 Unused Serialized files (Serialized files now loaded: 0)
System memory in use before: 89.1 MB.
System memory in use after: 89.2 MB.

Unloading 14 unused Assets to reduce memory usage. Loaded Objects now: 2286.
Total: 3.275200 ms (FindLiveObjects: 0.673300 ms CreateObjectMapping: 0.158900 ms MarkObjects: 2.393200 ms  DeleteObjects: 0.048200 ms)

========================================================================
Received Prepare
Registering precompiled user dll's ...
Registered in 0.006896 seconds.
Begin MonoManager ReloadAssembly
Native extension for WindowsStandalone target not found
Refreshing native plugins compatible for Editor in 0.39 ms, found 2 plugins.
Preloading 0 native plugins for Editor in 0.00 ms.
Mono: successfully reloaded assembly
- Completed reload, in  1.102 seconds
Platform modules already initialized, skipping
Refreshing native plugins compatible for Editor in 0.57 ms, found 2 plugins.
Preloading 0 native plugins for Editor in 0.00 ms.
Unloading 1802 Unused Serialized files (Serialized files now loaded: 0)
System memory in use before: 89.1 MB.
System memory in use after: 89.2 MB.

Unloading 14 unused Assets to reduce memory usage. Loaded Objects now: 2289.
Total: 2.414400 ms (FindLiveObjects: 0.154300 ms CreateObjectMapping: 0.050300 ms MarkObjects: 2.193200 ms  DeleteObjects: 0.015700 ms)

========================================================================
Received Import Request.
  Time since last request: 73.485142 seconds.
  path: Assets/02 script/GameManager.cs
  artifactKey: Guid(77b445cae8c0351408087dede561feb4) Importer(815301076,1909f56bfc062723c751e8b465ee728b)
Start importing Assets/02 script/GameManager.cs using Guid(77b445cae8c0351408087dede561feb4) Importer(815301076,1909f56bfc062723c751e8b465ee728b)  -> (artifact id: '323ca447c17efbbeb1e2a245dfcd5135') in 0.005409 seconds
  Import took 0.008330 seconds .

========================================================================
Received Import Request.
  Time since last request: 142.371619 seconds.
  path: Assets/03.Prefabs/EffectExamples/Shared/Fonts/Roboto-Thin.ttf
  artifactKey: Guid(cd25d80d03a864fdd90534b28f15208a) Importer(815301076,1909f56bfc062723c751e8b465ee728b)
Start importing Assets/03.Prefabs/EffectExamples/Shared/Fonts/Roboto-Thin.ttf using Guid(cd25d80d03a864fdd90534b28f15208a) Importer(815301076,1909f56bfc062723c751e8b465ee728b)  -> (artifact id: 'f9f12f3f8121f3f1ab89f8951ca8bafe') in 0.149966 seconds
  Import took 0.154315 seconds .

========================================================================
Received Import Request.
  Time since last request: 0.000222 seconds.
  path: Assets/03.Prefabs/EffectExamples/Shared/Fonts/RobotoCondensed-Bold.ttf
  artifactKey: Guid(fae067962e5934395be31c8aba4a3455) Importer(815301076,1909f56bfc062723c751e8b465ee728b)
Start importing Assets/03.Prefabs/EffectExamples/Shared/Fonts/RobotoCondensed-Bold.ttf using Guid(fae067962e5934395be31c8aba4a3455) Importer(815301076,1909f56bfc062723c751e8b465ee728b)  -> (artifact id: '9cde141679e08e44fd361a79e374d406') in 0.019375 seconds
  Import took 0.023492 seconds .

========================================================================
Received Import Request.
  Time since last request: 0.000186 seconds.
  path: Assets/03.Prefabs/EffectExamples/Shared/Fonts/Roboto-Thin.ttf
  artifactKey: Guid(cd25d80d03a864fdd90534b28f15208a) Importer(815301076,1909f56bfc062723c751e8b465ee728b)
Start importing Assets/03.Prefabs/EffectExamples/Shared/Fonts/Roboto-Thin.ttf using Guid(cd25d80d03a864fdd90534b28f15208a) Importer(815301076,1909f56bfc062723c751e8b465ee728b)  -> (artifact id: 'f9f12f3f8121f3f1ab89f8951ca8bafe') in 0.019885 seconds
  Import took 0.023243 seconds .

========================================================================
Received Import Request.
  Time since last request: 0.000184 seconds.
  path: Assets/03.Prefabs/EffectExamples/Shared/Fonts/RobotoCondensed-Bold.ttf
  artifactKey: Guid(fae067962e5934395be31c8aba4a3455) Importer(815301076,1909f56bfc062723c751e8b465ee728b)
Start importing Assets/03.Prefabs/EffectExamples/Shared/Fonts/RobotoCondensed-Bold.ttf using Guid(fae067962e5934395be31c8aba4a3455) Importer(815301076,1909f56bfc062723c751e8b465ee728b)  -> (artifact id: '9cde141679e08e44fd361a79e374d406') in 0.023763 seconds
  Import took 0.026912 seconds .

========================================================================
Received Import Request.
  Time since last request: 77.142592 seconds.
  path: Assets/02 script/EnemyDamage.cs
  artifactKey: Guid(cd0e55550c1bd21498e6f536f442c15d) Importer(815301076,1909f56bfc062723c751e8b465ee728b)
Start importing Assets/02 script/EnemyDamage.cs using Guid(cd0e55550c1bd21498e6f536f442c15d) Importer(815301076,1909f56bfc062723c751e8b465ee728b)  -> (artifact id: '7f4088cd964194535fdd8e4f195dadc3') in 0.009276 seconds
  Import took 0.013429 seconds .

========================================================================
Received Prepare
Registering precompiled user dll's ...
Registered in 0.004640 seconds.
Begin MonoManager ReloadAssembly
Native extension for WindowsStandalone target not found
Refreshing native plugins compatible for Editor in 0.52 ms, found 2 plugins.
Preloading 0 native plugins for Editor in 0.00 ms.
Mono: successfully reloaded assembly
- Completed reload, in  1.102 seconds
Platform modules already initialized, skipping
Refreshing native plugins compatible for Editor in 0.45 ms, found 2 plugins.
Preloading 0 native plugins for Editor in 0.00 ms.
Unloading 1802 Unused Serialized files (Serialized files now loaded: 0)
System memory in use before: 92.5 MB.
System memory in use after: 92.6 MB.

Unloading 14 unused Assets to reduce memory usage. Loaded Objects now: 2336.
Total: 2.820600 ms (FindLiveObjects: 0.219600 ms CreateObjectMapping: 0.324800 ms MarkObjects: 2.252400 ms  DeleteObjects: 0.022600 ms)

========================================================================
Received Import Request.
  Time since last request: 140.282628 seconds.
  path: Assets/02 script/EnemyDamage.cs
  artifactKey: Guid(cd0e55550c1bd21498e6f536f442c15d) Importer(815301076,1909f56bfc062723c751e8b465ee728b)
Start importing Assets/02 script/EnemyDamage.cs using Guid(cd0e55550c1bd21498e6f536f442c15d) Importer(815301076,1909f56bfc062723c751e8b465ee728b)  -> (artifact id: '1dafc15ccfa5936ebecdb147227ccd96') in 0.010295 seconds
  Import took 0.014008 seconds .

========================================================================
Received Import Request.
  Time since last request: 1.730521 seconds.
  path: Assets/02 script/EnemyDamage.cs
  artifactKey: Guid(cd0e55550c1bd21498e6f536f442c15d) Importer(815301076,1909f56bfc062723c751e8b465ee728b)
Start importing Assets/02 script/EnemyDamage.cs using Guid(cd0e55550c1bd21498e6f536f442c15d) Importer(815301076,1909f56bfc062723c751e8b465ee728b)  -> (artifact id: '1dafc15ccfa5936ebecdb147227ccd96') in 0.003217 seconds
  Import took 0.006294 seconds .

========================================================================
Received Prepare
Registering precompiled user dll's ...
Registered in 0.004542 seconds.
Begin MonoManager ReloadAssembly
Native extension for WindowsStandalone target not found
Refreshing native plugins compatible for Editor in 0.41 ms, found 2 plugins.
Preloading 0 native plugins for Editor in 0.00 ms.
Mono: successfully reloaded assembly
- Completed reload, in  0.951 seconds
Platform modules already initialized, skipping
Refreshing native plugins compatible for Editor in 0.55 ms, found 2 plugins.
Preloading 0 native plugins for Editor in 0.00 ms.
Unloading 1802 Unused Serialized files (Serialized files now loaded: 0)
System memory in use before: 92.5 MB.
System memory in use after: 92.7 MB.

Unloading 14 unused Assets to reduce memory usage. Loaded Objects now: 2339.
Total: 2.147900 ms (FindLiveObjects: 0.204200 ms CreateObjectMapping: 0.091100 ms MarkObjects: 1.834700 ms  DeleteObjects: 0.017000 ms)

========================================================================
Received Import Request.
  Time since last request: 609.724700 seconds.
  path: Assets/02 script/FollowCam.cs
  artifactKey: Guid(d8ec27e8086e1cf46b46ec3d39833b50) Importer(815301076,1909f56bfc062723c751e8b465ee728b)
Start importing Assets/02 script/FollowCam.cs using Guid(d8ec27e8086e1cf46b46ec3d39833b50) Importer(815301076,1909f56bfc062723c751e8b465ee728b)  -> (artifact id: '21de42220bf3ec597cc8af417751b6f6') in 0.020553 seconds
  Import took 0.024366 seconds .

========================================================================
Received Prepare
Registering precompiled user dll's ...
Registered in 0.011375 seconds.
Begin MonoManager ReloadAssembly
Native extension for WindowsStandalone target not found
Refreshing native plugins compatible for Editor in 0.39 ms, found 2 plugins.
Preloading 0 native plugins for Editor in 0.00 ms.
Mono: successfully reloaded assembly
- Completed reload, in  1.058 seconds
Platform modules already initialized, skipping
Refreshing native plugins compatible for Editor in 0.46 ms, found 2 plugins.
Preloading 0 native plugins for Editor in 0.00 ms.
Unloading 1802 Unused Serialized files (Serialized files now loaded: 0)
System memory in use before: 92.5 MB.
System memory in use after: 92.7 MB.

Unloading 14 unused Assets to reduce memory usage. Loaded Objects now: 2342.
Total: 2.342900 ms (FindLiveObjects: 0.173300 ms CreateObjectMapping: 0.117600 ms MarkObjects: 2.007900 ms  DeleteObjects: 0.043000 ms)

========================================================================
Received Import Request.
  Time since last request: 680.993740 seconds.
  path: Assets/02 script/FollowCam.cs
  artifactKey: Guid(d8ec27e8086e1cf46b46ec3d39833b50) Importer(815301076,1909f56bfc062723c751e8b465ee728b)
Start importing Assets/02 script/FollowCam.cs using Guid(d8ec27e8086e1cf46b46ec3d39833b50) Importer(815301076,1909f56bfc062723c751e8b465ee728b)  -> (artifact id: '71574ba5be85a800aa11a0bd39b53798') in 0.005935 seconds
  Import took 0.009487 seconds .

========================================================================
Received Import Request.
  Time since last request: 1.516690 seconds.
  path: Assets/02 script/FollowCam.cs
  artifactKey: Guid(d8ec27e8086e1cf46b46ec3d39833b50) Importer(815301076,1909f56bfc062723c751e8b465ee728b)
Start importing Assets/02 script/FollowCam.cs using Guid(d8ec27e8086e1cf46b46ec3d39833b50) Importer(815301076,1909f56bfc062723c751e8b465ee728b)  -> (artifact id: '71574ba5be85a800aa11a0bd39b53798') in 0.003442 seconds
  Import took 0.006621 seconds .

========================================================================
Received Prepare
Registering precompiled user dll's ...
Registered in 0.005011 seconds.
Begin MonoManager ReloadAssembly
Native extension for WindowsStandalone target not found
Refreshing native plugins compatible for Editor in 0.51 ms, found 2 plugins.
Preloading 0 native plugins for Editor in 0.00 ms.
Mono: successfully reloaded assembly
- Completed reload, in  0.969 seconds
Platform modules already initialized, skipping
Refreshing native plugins compatible for Editor in 0.42 ms, found 2 plugins.
Preloading 0 native plugins for Editor in 0.00 ms.
Unloading 1802 Unused Serialized files (Serialized files now loaded: 0)
System memory in use before: 92.6 MB.
System memory in use after: 92.7 MB.

Unloading 14 unused Assets to reduce memory usage. Loaded Objects now: 2345.
Total: 2.887400 ms (FindLiveObjects: 0.174900 ms CreateObjectMapping: 0.060100 ms MarkObjects: 2.593300 ms  DeleteObjects: 0.057900 ms)

========================================================================
Received Import Request.
  Time since last request: 1285.063120 seconds.
  path: Assets/05.Models/Barrel/Textures/barrel_nuclear_B_albedo.png
  artifactKey: Guid(d2170db6828d61d42b9fc306ed9bff3e) Importer(815301076,1909f56bfc062723c751e8b465ee728b)
Start importing Assets/05.Models/Barrel/Textures/barrel_nuclear_B_albedo.png using Guid(d2170db6828d61d42b9fc306ed9bff3e) Importer(815301076,1909f56bfc062723c751e8b465ee728b)  -> (artifact id: '52a6bea18c2695ec2927823e38442c0d') in 0.110020 seconds
  Import took 0.114951 seconds .

========================================================================
Received Import Request.
  Time since last request: 0.000273 seconds.
  path: Assets/05.Models/Barrel/Textures/barrel_old_B_normal.png
  artifactKey: Guid(248d0e6235fa7914190de62fb0aae614) Importer(815301076,1909f56bfc062723c751e8b465ee728b)
Start importing Assets/05.Models/Barrel/Textures/barrel_old_B_normal.png using Guid(248d0e6235fa7914190de62fb0aae614) Importer(815301076,1909f56bfc062723c751e8b465ee728b)  -> (artifact id: '033f00e256cff347aeab27c77b6b9377') in 0.055310 seconds
  Import took 0.059009 seconds .

========================================================================
Received Import Request.
  Time since last request: 0.000269 seconds.
  path: Assets/05.Models/Barrel/Textures/barrel_nuclear_B_albedo.png
  artifactKey: Guid(d2170db6828d61d42b9fc306ed9bff3e) Importer(815301076,1909f56bfc062723c751e8b465ee728b)
Start importing Assets/05.Models/Barrel/Textures/barrel_nuclear_B_albedo.png using Guid(d2170db6828d61d42b9fc306ed9bff3e) Importer(815301076,1909f56bfc062723c751e8b465ee728b)  -> (artifact id: '52a6bea18c2695ec2927823e38442c0d') in 0.019083 seconds
  Import took 0.022705 seconds .

========================================================================
Received Import Request.
  Time since last request: 0.000187 seconds.
  path: Assets/05.Models/Barrel/Textures/barrel_old_B_normal.png
  artifactKey: Guid(248d0e6235fa7914190de62fb0aae614) Importer(815301076,1909f56bfc062723c751e8b465ee728b)
Start importing Assets/05.Models/Barrel/Textures/barrel_old_B_normal.png using Guid(248d0e6235fa7914190de62fb0aae614) Importer(815301076,1909f56bfc062723c751e8b465ee728b)  -> (artifact id: '033f00e256cff347aeab27c77b6b9377') in 0.024161 seconds
  Import took 0.027361 seconds .

========================================================================
Received Import Request.
  Time since last request: 221.329730 seconds.
  path: Assets/Stair/Stair.FBX
  artifactKey: Guid(b9a1dcca315d0a647a257cdb8c69de3d) Importer(815301076,1909f56bfc062723c751e8b465ee728b)
Start importing Assets/Stair/Stair.FBX using Guid(b9a1dcca315d0a647a257cdb8c69de3d) Importer(815301076,1909f56bfc062723c751e8b465ee728b)  -> (artifact id: '5fd4700bdf1c01df68c149ea14f944b1') in 0.064543 seconds
  Import took 0.069075 seconds .

========================================================================
Received Import Request.
  Time since last request: 1441.915833 seconds.
  path: Assets/03.Prefabs/Barrel.prefab
  artifactKey: Guid(22cf9228bac478d4c8788f659bc4ae8c) Importer(815301076,1909f56bfc062723c751e8b465ee728b)
Start importing Assets/03.Prefabs/Barrel.prefab using Guid(22cf9228bac478d4c8788f659bc4ae8c) Importer(815301076,1909f56bfc062723c751e8b465ee728b)  -> (artifact id: '0626b13e490c766dc1d11966cb670ae3') in 0.086461 seconds
  Import took 0.092284 seconds .

========================================================================
Received Prepare
Registering precompiled user dll's ...
Registered in 0.009684 seconds.
Begin MonoManager ReloadAssembly
Native extension for WindowsStandalone target not found
Refreshing native plugins compatible for Editor in 0.39 ms, found 2 plugins.
Preloading 0 native plugins for Editor in 0.00 ms.
Mono: successfully reloaded assembly
- Completed reload, in  1.069 seconds
Platform modules already initialized, skipping
Refreshing native plugins compatible for Editor in 0.43 ms, found 2 plugins.
Preloading 0 native plugins for Editor in 0.00 ms.
Unloading 1802 Unused Serialized files (Serialized files now loaded: 0)
System memory in use before: 92.8 MB.
System memory in use after: 92.9 MB.

Unloading 14 unused Assets to reduce memory usage. Loaded Objects now: 2355.
Total: 2.328500 ms (FindLiveObjects: 0.235300 ms CreateObjectMapping: 0.087700 ms MarkObjects: 1.953100 ms  DeleteObjects: 0.051500 ms)

========================================================================
Received Import Request.
  Time since last request: 2366.301192 seconds.
  path: Assets/05.Models/Stair/Stair.FBX
  artifactKey: Guid(b9a1dcca315d0a647a257cdb8c69de3d) Importer(815301076,1909f56bfc062723c751e8b465ee728b)
Start importing Assets/05.Models/Stair/Stair.FBX using Guid(b9a1dcca315d0a647a257cdb8c69de3d) Importer(815301076,1909f56bfc062723c751e8b465ee728b)  -> (artifact id: '5975098fc7a4d5b7de7b7218d017f367') in 0.109195 seconds
  Import took 0.114464 seconds .

========================================================================
Received Prepare
Registering precompiled user dll's ...
Registered in 0.004833 seconds.
Begin MonoManager ReloadAssembly
Native extension for WindowsStandalone target not found
Refreshing native plugins compatible for Editor in 0.40 ms, found 2 plugins.
Preloading 0 native plugins for Editor in 0.00 ms.
Mono: successfully reloaded assembly
- Completed reload, in  1.008 seconds
Platform modules already initialized, skipping
Refreshing native plugins compatible for Editor in 0.41 ms, found 2 plugins.
Preloading 0 native plugins for Editor in 0.00 ms.
Unloading 1802 Unused Serialized files (Serialized files now loaded: 0)
System memory in use before: 92.8 MB.
System memory in use after: 92.9 MB.

Unloading 14 unused Assets to reduce memory usage. Loaded Objects now: 2359.
Total: 2.055100 ms (FindLiveObjects: 0.162300 ms CreateObjectMapping: 0.054800 ms MarkObjects: 1.799200 ms  DeleteObjects: 0.037800 ms)

AssetImportWorkerClient::OnTransportError - code=2 error=End of file
