Using pre-set license
Built from '2020.3/staging' branch; Version is '2020.3.10f1 (297d780c91bc) revision 2719096'; Using compiler version '192528614'; Build Type 'Release'
OS: 'Windows 10 Pro; OS build 19042.1052; Version 2009; 64bit' Language: 'ko' Physical Memory: 8147 MB
BatchMode: 1, IsHumanControllingUs: 0, StartBugReporterOnCrash: 0, Is64bit: 1, IsPro: 0

 COMMAND LINE ARGUMENTS:
C:\Program Files\Unity\Hub\Editor\2020.3.10f1\Editor\Unity.exe
-adb2
-batchMode
-noUpm
-name
AssetImportWorker1
-projectPath
C:/Users/admin/Documents/GitHub/Unity/20210601 unity study
-logFile
Logs/AssetImportWorker1.log
-srvPort
64472
Successfully changed project path to: C:/Users/admin/Documents/GitHub/Unity/20210601 unity study
C:/Users/admin/Documents/GitHub/Unity/20210601 unity study
Using Asset Import Pipeline V2.
Refreshing native plugins compatible for Editor in 45.05 ms, found 2 plugins.
Preloading 0 native plugins for Editor in 0.00 ms.
Initialize engine version: 2020.3.10f1 (297d780c91bc)
[Subsystems] Discovering subsystems at path C:/Program Files/Unity/Hub/Editor/2020.3.10f1/Editor/Data/Resources/UnitySubsystems
[Subsystems] Discovering subsystems at path C:/Users/admin/Documents/GitHub/Unity/20210601 unity study/Assets
GfxDevice: creating device client; threaded=0
Direct3D:
    Version:  Direct3D 11.0 [level 11.0]
    Renderer: NVIDIA GeForce GT 620 (ID=0xf01)
    Vendor:   
    VRAM:     969 MB
    Driver:   23.21.13.9135
Initialize mono
Mono path[0] = 'C:/Program Files/Unity/Hub/Editor/2020.3.10f1/Editor/Data/Managed'
Mono path[1] = 'C:/Program Files/Unity/Hub/Editor/2020.3.10f1/Editor/Data/MonoBleedingEdge/lib/mono/unityjit'
Mono config path = 'C:/Program Files/Unity/Hub/Editor/2020.3.10f1/Editor/Data/MonoBleedingEdge/etc'
Using monoOptions --debugger-agent=transport=dt_socket,embedding=1,server=y,suspend=n,address=127.0.0.1:56384
Begin MonoManager ReloadAssembly
Registering precompiled unity dll's ...
Register platform support module: C:/Program Files/Unity/Hub/Editor/2020.3.10f1/Editor/Data/PlaybackEngines/WindowsStandaloneSupport/UnityEditor.WindowsStandalone.Extensions.dll
Registered in 0.002003 seconds.
Native extension for WindowsStandalone target not found
Refreshing native plugins compatible for Editor in 37.74 ms, found 2 plugins.
Preloading 0 native plugins for Editor in 0.00 ms.
Mono: successfully reloaded assembly
- Completed reload, in  3.667 seconds
Platform modules already initialized, skipping
Registering precompiled user dll's ...
Registered in 0.004774 seconds.
Begin MonoManager ReloadAssembly
Native extension for WindowsStandalone target not found
Refreshing native plugins compatible for Editor in 0.48 ms, found 2 plugins.
Preloading 0 native plugins for Editor in 0.00 ms.
Mono: successfully reloaded assembly
- Completed reload, in  3.368 seconds
Platform modules already initialized, skipping
========================================================================
Worker process is ready to serve import requests
Launched and connected shader compiler UnityShaderCompiler.exe after 0.06 seconds
Refreshing native plugins compatible for Editor in 0.53 ms, found 2 plugins.
Preloading 0 native plugins for Editor in 0.00 ms.
Unloading 1832 Unused Serialized files (Serialized files now loaded: 0)
System memory in use before: 95.2 MB.
System memory in use after: 95.3 MB.

Unloading 20 unused Assets to reduce memory usage. Loaded Objects now: 2278.
Total: 2.809300 ms (FindLiveObjects: 0.288200 ms CreateObjectMapping: 0.158300 ms MarkObjects: 2.260100 ms  DeleteObjects: 0.101100 ms)

========================================================================
Received Import Request.
  path: Assets/02 script/GameManager.cs
  artifactKey: Guid(77b445cae8c0351408087dede561feb4) Importer(815301076,1909f56bfc062723c751e8b465ee728b)
Start importing Assets/02 script/GameManager.cs using Guid(77b445cae8c0351408087dede561feb4) Importer(815301076,1909f56bfc062723c751e8b465ee728b)  -> (artifact id: 'bd32bdd99abf9909ae9ab9502bdb7ac6') in 0.037561 seconds
  Import took 0.043866 seconds .

========================================================================
Received Import Request.
  Time since last request: 1267.546106 seconds.
  path: Assets/02 script/NewBehaviourScript.cs
  artifactKey: Guid(23768d32c3c625545acb2d8c0da28f8a) Importer(815301076,1909f56bfc062723c751e8b465ee728b)
Start importing Assets/02 script/NewBehaviourScript.cs using Guid(23768d32c3c625545acb2d8c0da28f8a) Importer(815301076,1909f56bfc062723c751e8b465ee728b)  -> (artifact id: '1bc97a60a53de0337b06170ec0b88de0') in 0.019844 seconds
  Import took 0.027688 seconds .

========================================================================
Received Prepare
Registering precompiled user dll's ...
Registered in 0.004494 seconds.
Begin MonoManager ReloadAssembly
Native extension for WindowsStandalone target not found
Refreshing native plugins compatible for Editor in 0.47 ms, found 2 plugins.
Preloading 0 native plugins for Editor in 0.00 ms.
Mono: successfully reloaded assembly
- Completed reload, in  1.232 seconds
Platform modules already initialized, skipping
Refreshing native plugins compatible for Editor in 0.54 ms, found 2 plugins.
Preloading 0 native plugins for Editor in 0.00 ms.
Unloading 1798 Unused Serialized files (Serialized files now loaded: 0)
System memory in use before: 92.3 MB.
System memory in use after: 92.4 MB.

Unloading 15 unused Assets to reduce memory usage. Loaded Objects now: 2281.
Total: 2.673200 ms (FindLiveObjects: 0.228700 ms CreateObjectMapping: 0.136700 ms MarkObjects: 2.224900 ms  DeleteObjects: 0.081600 ms)

========================================================================
Received Import Request.
  Time since last request: 17.181578 seconds.
  path: Assets/02 script/NevMeshAgent.cs
  artifactKey: Guid(8a726a9bb913d944496fecbae60352bc) Importer(815301076,1909f56bfc062723c751e8b465ee728b)
Start importing Assets/02 script/NevMeshAgent.cs using Guid(8a726a9bb913d944496fecbae60352bc) Importer(815301076,1909f56bfc062723c751e8b465ee728b)  -> (artifact id: '78a103407294b2130b2fa66616d00e09') in 0.018723 seconds
  Import took 0.023287 seconds .

========================================================================
Received Prepare
Registering precompiled user dll's ...
Registered in 0.004555 seconds.
Begin MonoManager ReloadAssembly
Native extension for WindowsStandalone target not found
Refreshing native plugins compatible for Editor in 0.55 ms, found 2 plugins.
Preloading 0 native plugins for Editor in 0.00 ms.
Mono: successfully reloaded assembly
- Completed reload, in  1.198 seconds
Platform modules already initialized, skipping
Refreshing native plugins compatible for Editor in 0.49 ms, found 2 plugins.
Preloading 0 native plugins for Editor in 0.00 ms.
Unloading 1799 Unused Serialized files (Serialized files now loaded: 0)
System memory in use before: 92.4 MB.
System memory in use after: 92.5 MB.

Unloading 15 unused Assets to reduce memory usage. Loaded Objects now: 2285.
Total: 2.719200 ms (FindLiveObjects: 0.229100 ms CreateObjectMapping: 0.159400 ms MarkObjects: 2.261000 ms  DeleteObjects: 0.068100 ms)

========================================================================
Received Import Request.
  Time since last request: 14.521569 seconds.
  path: Assets/02 script/EnemyHpBar.cs
  artifactKey: Guid(23768d32c3c625545acb2d8c0da28f8a) Importer(815301076,1909f56bfc062723c751e8b465ee728b)
Start importing Assets/02 script/EnemyHpBar.cs using Guid(23768d32c3c625545acb2d8c0da28f8a) Importer(815301076,1909f56bfc062723c751e8b465ee728b)  -> (artifact id: '5015991f7a77c5da3a03e696788b930c') in 0.016347 seconds
  Import took 0.022994 seconds .

========================================================================
Received Prepare
Registering precompiled user dll's ...
Registered in 0.005124 seconds.
Begin MonoManager ReloadAssembly
Native extension for WindowsStandalone target not found
Refreshing native plugins compatible for Editor in 0.47 ms, found 2 plugins.
Preloading 0 native plugins for Editor in 0.00 ms.
Mono: successfully reloaded assembly
- Completed reload, in  1.191 seconds
Platform modules already initialized, skipping
Refreshing native plugins compatible for Editor in 0.50 ms, found 2 plugins.
Preloading 0 native plugins for Editor in 0.00 ms.
Unloading 1799 Unused Serialized files (Serialized files now loaded: 0)
System memory in use before: 92.4 MB.
System memory in use after: 92.5 MB.

Unloading 15 unused Assets to reduce memory usage. Loaded Objects now: 2288.
Total: 2.878100 ms (FindLiveObjects: 0.261200 ms CreateObjectMapping: 0.157500 ms MarkObjects: 2.386000 ms  DeleteObjects: 0.071900 ms)

========================================================================
Received Prepare
Registering precompiled user dll's ...
Registered in 0.004527 seconds.
Begin MonoManager ReloadAssembly
Native extension for WindowsStandalone target not found
Refreshing native plugins compatible for Editor in 0.46 ms, found 2 plugins.
Preloading 0 native plugins for Editor in 0.00 ms.
Mono: successfully reloaded assembly
- Completed reload, in  1.202 seconds
Platform modules already initialized, skipping
Refreshing native plugins compatible for Editor in 0.49 ms, found 2 plugins.
Preloading 0 native plugins for Editor in 0.00 ms.
Unloading 1798 Unused Serialized files (Serialized files now loaded: 0)
System memory in use before: 92.4 MB.
System memory in use after: 92.5 MB.

Unloading 16 unused Assets to reduce memory usage. Loaded Objects now: 2290.
Total: 2.701900 ms (FindLiveObjects: 0.220200 ms CreateObjectMapping: 0.134300 ms MarkObjects: 2.273900 ms  DeleteObjects: 0.072100 ms)

========================================================================
Received Import Request.
  Time since last request: 40.124946 seconds.
  path: Assets/02 script/EnemyHpBar_.cs
  artifactKey: Guid(5cac7f878c21b184aa393649540c4c2f) Importer(815301076,1909f56bfc062723c751e8b465ee728b)
Start importing Assets/02 script/EnemyHpBar_.cs using Guid(5cac7f878c21b184aa393649540c4c2f) Importer(815301076,1909f56bfc062723c751e8b465ee728b)  -> (artifact id: '68cb137fdebef2860d3cf7864b780622') in 0.016683 seconds
  Import took 0.021782 seconds .

========================================================================
Received Import Request.
  Time since last request: 0.002222 seconds.
  path: Assets/02 script/EnemyHpBar_.cs
  artifactKey: Guid(5cac7f878c21b184aa393649540c4c2f) Importer(815301076,1909f56bfc062723c751e8b465ee728b)
Start importing Assets/02 script/EnemyHpBar_.cs using Guid(5cac7f878c21b184aa393649540c4c2f) Importer(815301076,1909f56bfc062723c751e8b465ee728b)  -> (artifact id: '68cb137fdebef2860d3cf7864b780622') in 0.008937 seconds
  Import took 0.014662 seconds .

========================================================================
Received Prepare
Registering precompiled user dll's ...
Registered in 0.004470 seconds.
Begin MonoManager ReloadAssembly
Native extension for WindowsStandalone target not found
Refreshing native plugins compatible for Editor in 0.47 ms, found 2 plugins.
Preloading 0 native plugins for Editor in 0.00 ms.
Mono: successfully reloaded assembly
- Completed reload, in  1.206 seconds
Platform modules already initialized, skipping
Refreshing native plugins compatible for Editor in 0.52 ms, found 2 plugins.
Preloading 0 native plugins for Editor in 0.00 ms.
Unloading 1799 Unused Serialized files (Serialized files now loaded: 0)
System memory in use before: 92.4 MB.
System memory in use after: 92.5 MB.

Unloading 15 unused Assets to reduce memory usage. Loaded Objects now: 2294.
Total: 2.635400 ms (FindLiveObjects: 0.232900 ms CreateObjectMapping: 0.140000 ms MarkObjects: 2.192600 ms  DeleteObjects: 0.068200 ms)

========================================================================
Received Prepare
Registering precompiled user dll's ...
Registered in 0.004683 seconds.
Begin MonoManager ReloadAssembly
Native extension for WindowsStandalone target not found
Refreshing native plugins compatible for Editor in 0.47 ms, found 2 plugins.
Preloading 0 native plugins for Editor in 0.00 ms.
Mono: successfully reloaded assembly
- Completed reload, in  1.148 seconds
Platform modules already initialized, skipping
Refreshing native plugins compatible for Editor in 0.54 ms, found 2 plugins.
Preloading 0 native plugins for Editor in 0.00 ms.
Unloading 1799 Unused Serialized files (Serialized files now loaded: 0)
System memory in use before: 92.4 MB.
System memory in use after: 92.5 MB.

Unloading 15 unused Assets to reduce memory usage. Loaded Objects now: 2297.
Total: 2.557900 ms (FindLiveObjects: 0.244200 ms CreateObjectMapping: 0.140500 ms MarkObjects: 2.104000 ms  DeleteObjects: 0.067200 ms)

========================================================================
Received Import Request.
  Time since last request: 126.246788 seconds.
  path: Assets/02 script/EnemyHpBar_.cs
  artifactKey: Guid(5cac7f878c21b184aa393649540c4c2f) Importer(815301076,1909f56bfc062723c751e8b465ee728b)
Start importing Assets/02 script/EnemyHpBar_.cs using Guid(5cac7f878c21b184aa393649540c4c2f) Importer(815301076,1909f56bfc062723c751e8b465ee728b)  -> (artifact id: 'c4c0c7a7313bc88f3f09262e46fe165d') in 0.007538 seconds
  Import took 0.011677 seconds .

========================================================================
Received Prepare
Registering precompiled user dll's ...
Registered in 0.020114 seconds.
Begin MonoManager ReloadAssembly
Native extension for WindowsStandalone target not found
Refreshing native plugins compatible for Editor in 0.65 ms, found 2 plugins.
Preloading 0 native plugins for Editor in 0.00 ms.
Mono: successfully reloaded assembly
- Completed reload, in  1.307 seconds
Platform modules already initialized, skipping
Refreshing native plugins compatible for Editor in 0.60 ms, found 2 plugins.
Preloading 0 native plugins for Editor in 0.00 ms.
Unloading 1799 Unused Serialized files (Serialized files now loaded: 0)
System memory in use before: 92.4 MB.
System memory in use after: 92.5 MB.

Unloading 15 unused Assets to reduce memory usage. Loaded Objects now: 2300.
Total: 4.386500 ms (FindLiveObjects: 0.665300 ms CreateObjectMapping: 0.177500 ms MarkObjects: 3.431800 ms  DeleteObjects: 0.109100 ms)

========================================================================
Received Prepare
Registering precompiled user dll's ...
Registered in 0.007480 seconds.
Begin MonoManager ReloadAssembly
Native extension for WindowsStandalone target not found
Refreshing native plugins compatible for Editor in 0.59 ms, found 2 plugins.
Preloading 0 native plugins for Editor in 0.00 ms.
Mono: successfully reloaded assembly
- Completed reload, in  1.303 seconds
Platform modules already initialized, skipping
Refreshing native plugins compatible for Editor in 0.50 ms, found 2 plugins.
Preloading 0 native plugins for Editor in 0.00 ms.
Unloading 1799 Unused Serialized files (Serialized files now loaded: 0)
System memory in use before: 92.5 MB.
System memory in use after: 92.5 MB.

Unloading 15 unused Assets to reduce memory usage. Loaded Objects now: 2303.
Total: 2.898700 ms (FindLiveObjects: 0.284300 ms CreateObjectMapping: 0.178100 ms MarkObjects: 2.354600 ms  DeleteObjects: 0.079800 ms)

========================================================================
Received Import Request.
  Time since last request: 3183.642453 seconds.
  path: Assets/03.Prefabs/EnemyHpBar.prefab
  artifactKey: Guid(97f705ba0fa751a45b141c6621ddeb4d) Importer(815301076,1909f56bfc062723c751e8b465ee728b)
Start importing Assets/03.Prefabs/EnemyHpBar.prefab using Guid(97f705ba0fa751a45b141c6621ddeb4d) Importer(815301076,1909f56bfc062723c751e8b465ee728b)  -> (artifact id: '4c8902cf9ecbe31dd2ab99359f6911dd') in 0.412156 seconds
  Import took 0.418994 seconds .

========================================================================
Received Prepare
Registering precompiled user dll's ...
Registered in 0.007622 seconds.
Begin MonoManager ReloadAssembly
Native extension for WindowsStandalone target not found
Refreshing native plugins compatible for Editor in 0.83 ms, found 2 plugins.
Preloading 0 native plugins for Editor in 0.00 ms.
Mono: successfully reloaded assembly
- Completed reload, in  1.554 seconds
Platform modules already initialized, skipping
Refreshing native plugins compatible for Editor in 0.56 ms, found 2 plugins.
Preloading 0 native plugins for Editor in 0.00 ms.
Unloading 1799 Unused Serialized files (Serialized files now loaded: 0)
System memory in use before: 92.5 MB.
System memory in use after: 92.6 MB.

Unloading 15 unused Assets to reduce memory usage. Loaded Objects now: 2306.
Total: 3.447800 ms (FindLiveObjects: 0.286400 ms CreateObjectMapping: 0.160500 ms MarkObjects: 2.872100 ms  DeleteObjects: 0.127300 ms)

========================================================================
Received Import Request.
  Time since last request: 1448.157683 seconds.
  path: Assets/03.Prefabs/Enemy.prefab
  artifactKey: Guid(e6c2b8558317c8745a808e35b0359ca5) Importer(815301076,1909f56bfc062723c751e8b465ee728b)
Start importing Assets/03.Prefabs/Enemy.prefab using Guid(e6c2b8558317c8745a808e35b0359ca5) Importer(815301076,1909f56bfc062723c751e8b465ee728b)  -> (artifact id: '9f98d7f275ba02f1efb2413bcc50c7fc') in 0.469187 seconds
  Import took 0.476478 seconds .

========================================================================
Received Import Request.
  Time since last request: 7.003631 seconds.
  path: Assets/03.Prefabs/Enemy.prefab
  artifactKey: Guid(e6c2b8558317c8745a808e35b0359ca5) Importer(815301076,1909f56bfc062723c751e8b465ee728b)
Start importing Assets/03.Prefabs/Enemy.prefab using Guid(e6c2b8558317c8745a808e35b0359ca5) Importer(815301076,1909f56bfc062723c751e8b465ee728b)  -> (artifact id: 'f5a4ca55f18eb253feaf10e803633a5b') in 0.090785 seconds
  Import took 0.098481 seconds .

========================================================================
Received Prepare
Registering precompiled user dll's ...
Registered in 0.005238 seconds.
Begin MonoManager ReloadAssembly
Native extension for WindowsStandalone target not found
Refreshing native plugins compatible for Editor in 0.50 ms, found 2 plugins.
Preloading 0 native plugins for Editor in 0.00 ms.
Mono: successfully reloaded assembly
- Completed reload, in  1.373 seconds
Platform modules already initialized, skipping
Refreshing native plugins compatible for Editor in 0.73 ms, found 2 plugins.
Preloading 0 native plugins for Editor in 0.00 ms.
Unloading 1799 Unused Serialized files (Serialized files now loaded: 0)
System memory in use before: 109.2 MB.
System memory in use after: 109.3 MB.

Unloading 15 unused Assets to reduce memory usage. Loaded Objects now: 2318.
Total: 4.042700 ms (FindLiveObjects: 0.312600 ms CreateObjectMapping: 0.172500 ms MarkObjects: 3.460700 ms  DeleteObjects: 0.095300 ms)

========================================================================
Received Import Request.
  Time since last request: 902.586803 seconds.
  path: Assets/04.Images/Weapons/shotgun.png
  artifactKey: Guid(4f9a3b5d06e3e1147a8c52d0188825ca) Importer(815301076,1909f56bfc062723c751e8b465ee728b)
Start importing Assets/04.Images/Weapons/shotgun.png using Guid(4f9a3b5d06e3e1147a8c52d0188825ca) Importer(815301076,1909f56bfc062723c751e8b465ee728b)  -> (artifact id: '45411c1a108eacf705f5921afa525754') in 0.131788 seconds
  Import took 0.139392 seconds .

========================================================================
Received Import Request.
  Time since last request: 0.128798 seconds.
  path: Assets/04.Images/Weapons/rifle.png
  artifactKey: Guid(10eb4b9736e9a0444bf9a050d579cc1c) Importer(815301076,1909f56bfc062723c751e8b465ee728b)
Start importing Assets/04.Images/Weapons/rifle.png using Guid(10eb4b9736e9a0444bf9a050d579cc1c) Importer(815301076,1909f56bfc062723c751e8b465ee728b)  -> (artifact id: '890bbeef49170f230779cea27b2eb07d') in 0.036170 seconds
  Import took 0.041392 seconds .

========================================================================
Received Prepare
Registering precompiled user dll's ...
Registered in 0.005454 seconds.
Begin MonoManager ReloadAssembly
Native extension for WindowsStandalone target not found
Refreshing native plugins compatible for Editor in 0.72 ms, found 2 plugins.
Preloading 0 native plugins for Editor in 0.00 ms.
Mono: successfully reloaded assembly
- Completed reload, in  1.303 seconds
Platform modules already initialized, skipping
Refreshing native plugins compatible for Editor in 0.59 ms, found 2 plugins.
Preloading 0 native plugins for Editor in 0.00 ms.
Unloading 1799 Unused Serialized files (Serialized files now loaded: 0)
System memory in use before: 109.3 MB.
System memory in use after: 109.3 MB.

Unloading 15 unused Assets to reduce memory usage. Loaded Objects now: 2323.
Total: 3.653200 ms (FindLiveObjects: 0.310600 ms CreateObjectMapping: 0.172000 ms MarkObjects: 3.098100 ms  DeleteObjects: 0.070700 ms)

========================================================================
Received Import Request.
  Time since last request: 18.702301 seconds.
  path: Assets/04.Images/Weapons/rifle.png
  artifactKey: Guid(10eb4b9736e9a0444bf9a050d579cc1c) Importer(815301076,1909f56bfc062723c751e8b465ee728b)
Start importing Assets/04.Images/Weapons/rifle.png using Guid(10eb4b9736e9a0444bf9a050d579cc1c) Importer(815301076,1909f56bfc062723c751e8b465ee728b)  -> (artifact id: '91a15ca40b00aa0ed6cff78a5ca49555') in 0.110217 seconds
  Import took 0.114940 seconds .

========================================================================
Received Prepare
Registering precompiled user dll's ...
Registered in 0.005056 seconds.
Begin MonoManager ReloadAssembly
Native extension for WindowsStandalone target not found
Refreshing native plugins compatible for Editor in 0.52 ms, found 2 plugins.
Preloading 0 native plugins for Editor in 0.00 ms.
Mono: successfully reloaded assembly
- Completed reload, in  1.302 seconds
Platform modules already initialized, skipping
Refreshing native plugins compatible for Editor in 0.52 ms, found 2 plugins.
Preloading 0 native plugins for Editor in 0.00 ms.
Unloading 1799 Unused Serialized files (Serialized files now loaded: 0)
System memory in use before: 109.3 MB.
System memory in use after: 109.4 MB.

Unloading 15 unused Assets to reduce memory usage. Loaded Objects now: 2329.
Total: 3.129200 ms (FindLiveObjects: 0.252800 ms CreateObjectMapping: 0.147700 ms MarkObjects: 2.653300 ms  DeleteObjects: 0.074000 ms)

========================================================================
Received Prepare
Registering precompiled user dll's ...
Registered in 0.004797 seconds.
Begin MonoManager ReloadAssembly
Native extension for WindowsStandalone target not found
Refreshing native plugins compatible for Editor in 0.47 ms, found 2 plugins.
Preloading 0 native plugins for Editor in 0.00 ms.
Mono: successfully reloaded assembly
- Completed reload, in  1.226 seconds
Platform modules already initialized, skipping
Refreshing native plugins compatible for Editor in 0.55 ms, found 2 plugins.
Preloading 0 native plugins for Editor in 0.00 ms.
Unloading 1799 Unused Serialized files (Serialized files now loaded: 0)
System memory in use before: 109.3 MB.
System memory in use after: 109.4 MB.

Unloading 15 unused Assets to reduce memory usage. Loaded Objects now: 2332.
Total: 3.165700 ms (FindLiveObjects: 0.286900 ms CreateObjectMapping: 0.178500 ms MarkObjects: 2.613100 ms  DeleteObjects: 0.085100 ms)

========================================================================
Received Prepare
Registering precompiled user dll's ...
Registered in 0.007639 seconds.
Begin MonoManager ReloadAssembly
Native extension for WindowsStandalone target not found
Refreshing native plugins compatible for Editor in 1.04 ms, found 2 plugins.
Preloading 0 native plugins for Editor in 0.00 ms.
Mono: successfully reloaded assembly
- Completed reload, in  1.411 seconds
Platform modules already initialized, skipping
Refreshing native plugins compatible for Editor in 0.51 ms, found 2 plugins.
Preloading 0 native plugins for Editor in 0.00 ms.
Unloading 1799 Unused Serialized files (Serialized files now loaded: 0)
System memory in use before: 109.3 MB.
System memory in use after: 109.4 MB.

Unloading 15 unused Assets to reduce memory usage. Loaded Objects now: 2335.
Total: 3.150700 ms (FindLiveObjects: 0.262000 ms CreateObjectMapping: 0.154600 ms MarkObjects: 2.630200 ms  DeleteObjects: 0.102200 ms)

========================================================================
Received Prepare
Registering precompiled user dll's ...
Registered in 0.019869 seconds.
Begin MonoManager ReloadAssembly
Native extension for WindowsStandalone target not found
Refreshing native plugins compatible for Editor in 0.49 ms, found 2 plugins.
Preloading 0 native plugins for Editor in 0.00 ms.
Mono: successfully reloaded assembly
- Completed reload, in  1.333 seconds
Platform modules already initialized, skipping
Refreshing native plugins compatible for Editor in 0.56 ms, found 2 plugins.
Preloading 0 native plugins for Editor in 0.00 ms.
Unloading 1799 Unused Serialized files (Serialized files now loaded: 0)
System memory in use before: 109.3 MB.
System memory in use after: 109.4 MB.

Unloading 15 unused Assets to reduce memory usage. Loaded Objects now: 2338.
Total: 2.751800 ms (FindLiveObjects: 0.260300 ms CreateObjectMapping: 0.115300 ms MarkObjects: 2.280000 ms  DeleteObjects: 0.094500 ms)

========================================================================
Received Prepare
Registering precompiled user dll's ...
Registered in 0.004565 seconds.
Begin MonoManager ReloadAssembly
Native extension for WindowsStandalone target not found
Refreshing native plugins compatible for Editor in 0.48 ms, found 2 plugins.
Preloading 0 native plugins for Editor in 0.00 ms.
Mono: successfully reloaded assembly
- Completed reload, in  1.151 seconds
Platform modules already initialized, skipping
Refreshing native plugins compatible for Editor in 0.48 ms, found 2 plugins.
Preloading 0 native plugins for Editor in 0.00 ms.
Unloading 1799 Unused Serialized files (Serialized files now loaded: 0)
System memory in use before: 109.3 MB.
System memory in use after: 109.4 MB.

Unloading 15 unused Assets to reduce memory usage. Loaded Objects now: 2341.
Total: 2.835200 ms (FindLiveObjects: 0.305800 ms CreateObjectMapping: 0.172500 ms MarkObjects: 2.274000 ms  DeleteObjects: 0.081300 ms)

========================================================================
Received Prepare
Registering precompiled user dll's ...
Registered in 0.004629 seconds.
Begin MonoManager ReloadAssembly
Native extension for WindowsStandalone target not found
Refreshing native plugins compatible for Editor in 0.46 ms, found 2 plugins.
Preloading 0 native plugins for Editor in 0.00 ms.
Mono: successfully reloaded assembly
- Completed reload, in  1.142 seconds
Platform modules already initialized, skipping
Refreshing native plugins compatible for Editor in 0.52 ms, found 2 plugins.
Preloading 0 native plugins for Editor in 0.00 ms.
Unloading 1799 Unused Serialized files (Serialized files now loaded: 0)
System memory in use before: 109.3 MB.
System memory in use after: 109.4 MB.

Unloading 15 unused Assets to reduce memory usage. Loaded Objects now: 2344.
Total: 2.883000 ms (FindLiveObjects: 0.231800 ms CreateObjectMapping: 0.185700 ms MarkObjects: 2.393400 ms  DeleteObjects: 0.070400 ms)

========================================================================
Received Prepare
Registering precompiled user dll's ...
Registered in 0.004818 seconds.
Begin MonoManager ReloadAssembly
Native extension for WindowsStandalone target not found
Refreshing native plugins compatible for Editor in 0.47 ms, found 2 plugins.
Preloading 0 native plugins for Editor in 0.00 ms.
Mono: successfully reloaded assembly
- Completed reload, in  1.115 seconds
Platform modules already initialized, skipping
Refreshing native plugins compatible for Editor in 0.49 ms, found 2 plugins.
Preloading 0 native plugins for Editor in 0.00 ms.
Unloading 1799 Unused Serialized files (Serialized files now loaded: 0)
System memory in use before: 109.3 MB.
System memory in use after: 109.4 MB.

Unloading 15 unused Assets to reduce memory usage. Loaded Objects now: 2347.
Total: 2.821700 ms (FindLiveObjects: 0.309200 ms CreateObjectMapping: 0.162900 ms MarkObjects: 2.235100 ms  DeleteObjects: 0.112900 ms)

========================================================================
Received Prepare
Registering precompiled user dll's ...
Registered in 0.004538 seconds.
Begin MonoManager ReloadAssembly
Native extension for WindowsStandalone target not found
Refreshing native plugins compatible for Editor in 0.53 ms, found 2 plugins.
Preloading 0 native plugins for Editor in 0.00 ms.
Mono: successfully reloaded assembly
- Completed reload, in  1.134 seconds
Platform modules already initialized, skipping
Refreshing native plugins compatible for Editor in 0.49 ms, found 2 plugins.
Preloading 0 native plugins for Editor in 0.00 ms.
Unloading 1799 Unused Serialized files (Serialized files now loaded: 0)
System memory in use before: 109.3 MB.
System memory in use after: 109.4 MB.

Unloading 15 unused Assets to reduce memory usage. Loaded Objects now: 2350.
Total: 2.802000 ms (FindLiveObjects: 0.235300 ms CreateObjectMapping: 0.147200 ms MarkObjects: 2.298700 ms  DeleteObjects: 0.119400 ms)

========================================================================
Received Prepare
Registering precompiled user dll's ...
Registered in 0.004508 seconds.
Begin MonoManager ReloadAssembly
Native extension for WindowsStandalone target not found
Refreshing native plugins compatible for Editor in 0.49 ms, found 2 plugins.
Preloading 0 native plugins for Editor in 0.00 ms.
Mono: successfully reloaded assembly
- Completed reload, in  1.159 seconds
Platform modules already initialized, skipping
Refreshing native plugins compatible for Editor in 0.49 ms, found 2 plugins.
Preloading 0 native plugins for Editor in 0.00 ms.
Unloading 1799 Unused Serialized files (Serialized files now loaded: 0)
System memory in use before: 109.3 MB.
System memory in use after: 109.4 MB.

Unloading 15 unused Assets to reduce memory usage. Loaded Objects now: 2353.
Total: 2.746100 ms (FindLiveObjects: 0.239800 ms CreateObjectMapping: 0.175200 ms MarkObjects: 2.259100 ms  DeleteObjects: 0.070900 ms)

========================================================================
Received Prepare
Registering precompiled user dll's ...
Registered in 0.004768 seconds.
Begin MonoManager ReloadAssembly
Native extension for WindowsStandalone target not found
Refreshing native plugins compatible for Editor in 0.53 ms, found 2 plugins.
Preloading 0 native plugins for Editor in 0.00 ms.
Mono: successfully reloaded assembly
- Completed reload, in  1.106 seconds
Platform modules already initialized, skipping
Refreshing native plugins compatible for Editor in 0.50 ms, found 2 plugins.
Preloading 0 native plugins for Editor in 0.00 ms.
Unloading 1799 Unused Serialized files (Serialized files now loaded: 0)
System memory in use before: 109.3 MB.
System memory in use after: 109.4 MB.

Unloading 15 unused Assets to reduce memory usage. Loaded Objects now: 2356.
Total: 2.652200 ms (FindLiveObjects: 0.245700 ms CreateObjectMapping: 0.138400 ms MarkObjects: 2.186200 ms  DeleteObjects: 0.080400 ms)

