Using pre-set license
Built from '2020.3/staging' branch; Version is '2020.3.11f1 (99c7afb366b3) revision 10078127'; Using compiler version '192528614'; Build Type 'Release'
OS: 'Windows 10 Pro; OS build 19042.1110; Version 2009; 64bit' Language: 'ko' Physical Memory: 8147 MB
BatchMode: 1, IsHumanControllingUs: 0, StartBugReporterOnCrash: 0, Is64bit: 1, IsPro: 0

 COMMAND LINE ARGUMENTS:
C:\Program Files\Unity\Hub\Editor\2020.3.10f1\Editor\Unity.exe
-adb2
-batchMode
-noUpm
-name
AssetImportWorker0
-projectPath
C:/Users/admin/Desktop/Mermaids_Secret
-logFile
Logs/AssetImportWorker0.log
-srvPort
52206
Successfully changed project path to: C:/Users/admin/Desktop/Mermaids_Secret
C:/Users/admin/Desktop/Mermaids_Secret
Using Asset Import Pipeline V2.
Refreshing native plugins compatible for Editor in 38.77 ms, found 2 plugins.
Preloading 0 native plugins for Editor in 0.00 ms.
Initialize engine version: 2020.3.11f1 (99c7afb366b3)
[Subsystems] Discovering subsystems at path C:/Program Files/Unity/Hub/Editor/2020.3.10f1/Editor/Data/Resources/UnitySubsystems
[Subsystems] Discovering subsystems at path C:/Users/admin/Desktop/Mermaids_Secret/Assets
GfxDevice: creating device client; threaded=0
Direct3D:
    Version:  Direct3D 11.0 [level 11.0]
    Renderer: NVIDIA GeForce GT 620 (ID=0xf01)
    Vendor:   
    VRAM:     969 MB
    Driver:   23.21.13.9135
Initialize mono
Mono path[0] = 'C:/Program Files/Unity/Hub/Editor/2020.3.10f1/Editor/Data/Managed'
Mono path[1] = 'C:/Program Files/Unity/Hub/Editor/2020.3.10f1/Editor/Data/MonoBleedingEdge/lib/mono/unityjit'
Mono config path = 'C:/Program Files/Unity/Hub/Editor/2020.3.10f1/Editor/Data/MonoBleedingEdge/etc'
Using monoOptions --debugger-agent=transport=dt_socket,embedding=1,server=y,suspend=n,address=127.0.0.1:56068
Begin MonoManager ReloadAssembly
Registering precompiled unity dll's ...
Register platform support module: C:/Program Files/Unity/Hub/Editor/2020.3.10f1/Editor/Data/PlaybackEngines/WindowsStandaloneSupport/UnityEditor.WindowsStandalone.Extensions.dll
Registered in 0.001999 seconds.
Native extension for WindowsStandalone target not found
Refreshing native plugins compatible for Editor in 37.97 ms, found 2 plugins.
Preloading 0 native plugins for Editor in 0.00 ms.
Mono: successfully reloaded assembly
- Completed reload, in  1.328 seconds
Platform modules already initialized, skipping
Registering precompiled user dll's ...
Registered in 0.004135 seconds.
Begin MonoManager ReloadAssembly
Native extension for WindowsStandalone target not found
Refreshing native plugins compatible for Editor in 0.40 ms, found 2 plugins.
Preloading 0 native plugins for Editor in 0.00 ms.
Mono: successfully reloaded assembly
- Completed reload, in  1.234 seconds
Platform modules already initialized, skipping
========================================================================
Worker process is ready to serve import requests
Launched and connected shader compiler UnityShaderCompiler.exe after 0.05 seconds
Refreshing native plugins compatible for Editor in 0.42 ms, found 2 plugins.
Preloading 0 native plugins for Editor in 0.00 ms.
Unloading 1422 Unused Serialized files (Serialized files now loaded: 0)
System memory in use before: 82.1 MB.
System memory in use after: 82.2 MB.

Unloading 18 unused Assets to reduce memory usage. Loaded Objects now: 1883.
Total: 2.371200 ms (FindLiveObjects: 0.198100 ms CreateObjectMapping: 0.094200 ms MarkObjects: 1.979500 ms  DeleteObjects: 0.098400 ms)

========================================================================
Received Import Request.
  path: Assets/05.Models/BJY/baby-mermaid
  artifactKey: Guid(b3850dc88ce5aae4693e5d79cd5982db) Importer(815301076,1909f56bfc062723c751e8b465ee728b)
Start importing Assets/05.Models/BJY/baby-mermaid using Guid(b3850dc88ce5aae4693e5d79cd5982db) Importer(815301076,1909f56bfc062723c751e8b465ee728b)  -> (artifact id: 'e4071a2e7cbace69b293ba5626532df9') in 0.010609 seconds
  Import took 0.013632 seconds .

========================================================================
Received Import Request.
  Time since last request: 0.000363 seconds.
  path: Assets/05.Models/BJY
  artifactKey: Guid(10e7cf6c5844d794a9050ffabe4de248) Importer(815301076,1909f56bfc062723c751e8b465ee728b)
Start importing Assets/05.Models/BJY using Guid(10e7cf6c5844d794a9050ffabe4de248) Importer(815301076,1909f56bfc062723c751e8b465ee728b)  -> (artifact id: '59d3e8fdb83b9b1a91ddd0fb82f9aed9') in 0.010268 seconds
  Import took 0.014093 seconds .

========================================================================
Received Import Request.
  Time since last request: 0.930282 seconds.
  path: Assets/05.Models/BJY/baby-mermaid/textures
  artifactKey: Guid(cb8e2ec27db60be488a5a2126aab1e2f) Importer(815301076,1909f56bfc062723c751e8b465ee728b)
Start importing Assets/05.Models/BJY/baby-mermaid/textures using Guid(cb8e2ec27db60be488a5a2126aab1e2f) Importer(815301076,1909f56bfc062723c751e8b465ee728b)  -> (artifact id: 'd4d7da1a7ac326634dfc5cfcdbeee1d9') in 0.008774 seconds
  Import took 0.013053 seconds .

========================================================================
Received Import Request.
  Time since last request: 3.046562 seconds.
  path: Assets/05.Models/BJY/baby-mermaid/source
  artifactKey: Guid(e47d5b61f2b81d142ae36fdeb1302f09) Importer(815301076,1909f56bfc062723c751e8b465ee728b)
Start importing Assets/05.Models/BJY/baby-mermaid/source using Guid(e47d5b61f2b81d142ae36fdeb1302f09) Importer(815301076,1909f56bfc062723c751e8b465ee728b)  -> (artifact id: 'e51d35241b2c1bd43dbc59f98b2641e5') in 0.007748 seconds
  Import took 0.010580 seconds .

========================================================================
Received Import Request.
  Time since last request: 0.617102 seconds.
  path: Assets/05.Models/BJY/baby-mermaid/source/454untitled.blend1
  artifactKey: Guid(f07594deb6e814d4180211b6740d01c6) Importer(815301076,1909f56bfc062723c751e8b465ee728b)
Start importing Assets/05.Models/BJY/baby-mermaid/source/454untitled.blend1 using Guid(f07594deb6e814d4180211b6740d01c6) Importer(815301076,1909f56bfc062723c751e8b465ee728b)  -> (artifact id: 'f1d16ac8f8482e1164bec742be686c7f') in 0.037512 seconds
  Import took 0.040831 seconds .

========================================================================
Received Import Request.
  Time since last request: 10.754130 seconds.
  path: Assets/05.Models/BJY/baby-mermaid/textures/model.png
  artifactKey: Guid(9aa225f1c1089df4989755ebb9293b63) Importer(815301076,1909f56bfc062723c751e8b465ee728b)
Start importing Assets/05.Models/BJY/baby-mermaid/textures/model.png using Guid(9aa225f1c1089df4989755ebb9293b63) Importer(815301076,1909f56bfc062723c751e8b465ee728b)  -> (artifact id: 'c1df62f6a89120cd6612e09456113cc2') in 0.081761 seconds
  Import took 0.085046 seconds .

========================================================================
Received Import Request.
  Time since last request: 4.831930 seconds.
  path: Assets/05.Models/BJY/baby-mermaid/textures/Mermaid_HairFins_diffuse.png
  artifactKey: Guid(64a3311265e868f4098935c047b9849c) Importer(815301076,1909f56bfc062723c751e8b465ee728b)
Start importing Assets/05.Models/BJY/baby-mermaid/textures/Mermaid_HairFins_diffuse.png using Guid(64a3311265e868f4098935c047b9849c) Importer(815301076,1909f56bfc062723c751e8b465ee728b)  -> (artifact id: 'f82c3dfb7b41a4346e2b29cececd2c7a') in 0.030995 seconds
  Import took 0.034117 seconds .

========================================================================
Received Import Request.
  Time since last request: 3.234903 seconds.
  path: Assets/05.Models/BJY/baby-mermaid/textures/Mermaid_Bikini_diffuse.jpeg
  artifactKey: Guid(2f14ea34aaf9f0144b681be95e3279d1) Importer(815301076,1909f56bfc062723c751e8b465ee728b)
Start importing Assets/05.Models/BJY/baby-mermaid/textures/Mermaid_Bikini_diffuse.jpeg using Guid(2f14ea34aaf9f0144b681be95e3279d1) Importer(815301076,1909f56bfc062723c751e8b465ee728b)  -> (artifact id: '0b083043ca840543b02dadf4d521df08') in 0.028064 seconds
  Import took 0.032299 seconds .

========================================================================
Received Import Request.
  Time since last request: 161.425480 seconds.
  path: Assets/05.Models/BJY/baby_mermaid
  artifactKey: Guid(9b614dfcfaae0a045b0f08518ffc9d72) Importer(815301076,1909f56bfc062723c751e8b465ee728b)
Start importing Assets/05.Models/BJY/baby_mermaid using Guid(9b614dfcfaae0a045b0f08518ffc9d72) Importer(815301076,1909f56bfc062723c751e8b465ee728b)  -> (artifact id: 'f96fd4a8143634865ef408a513d9fadf') in 0.009965 seconds
  Import took 0.014304 seconds .

========================================================================
Received Import Request.
  Time since last request: 4.027730 seconds.
  path: Assets/05.Models/BJY/baby_mermaid/scene.gltf
  artifactKey: Guid(249e3a75e69ab3346926ab98041635a9) Importer(815301076,1909f56bfc062723c751e8b465ee728b)
Start importing Assets/05.Models/BJY/baby_mermaid/scene.gltf using Guid(249e3a75e69ab3346926ab98041635a9) Importer(815301076,1909f56bfc062723c751e8b465ee728b)  -> (artifact id: '572347487da659115c590040bf4a368c') in 0.017056 seconds
  Import took 0.021056 seconds .

========================================================================
Received Import Request.
  Time since last request: 90.794754 seconds.
  path: Assets/05.Models/BJY/Baby_mermaid.usdz
  artifactKey: Guid(d82127485d4cc834abdb21e63c6b754c) Importer(815301076,1909f56bfc062723c751e8b465ee728b)
Start importing Assets/05.Models/BJY/Baby_mermaid.usdz using Guid(d82127485d4cc834abdb21e63c6b754c) Importer(815301076,1909f56bfc062723c751e8b465ee728b)  -> (artifact id: '9d1212d2f0f31c2360f7273b0ebed309') in 0.009395 seconds
  Import took 0.012803 seconds .

========================================================================
Received Import Request.
  Time since last request: 196.751838 seconds.
  path: Assets/05.Models/BJY/capsule
  artifactKey: Guid(e0877d3341d9be8469fe33c995965a3b) Importer(815301076,1909f56bfc062723c751e8b465ee728b)
Start importing Assets/05.Models/BJY/capsule using Guid(e0877d3341d9be8469fe33c995965a3b) Importer(815301076,1909f56bfc062723c751e8b465ee728b)  -> (artifact id: '3726969f813e0a598b9239625e40e90c') in 0.008616 seconds
  Import took 0.011910 seconds .

========================================================================
Received Import Request.
  Time since last request: 4.863187 seconds.
  path: Assets/05.Models/BJY/capsule/scene.gltf
  artifactKey: Guid(965059d6774766a45886d7f7552b296a) Importer(815301076,1909f56bfc062723c751e8b465ee728b)
Start importing Assets/05.Models/BJY/capsule/scene.gltf using Guid(965059d6774766a45886d7f7552b296a) Importer(815301076,1909f56bfc062723c751e8b465ee728b)  -> (artifact id: '33248b518f5a8599bfba3690032c8031') in 0.005395 seconds
  Import took 0.009175 seconds .

========================================================================
Received Import Request.
  Time since last request: 28.443461 seconds.
  path: Assets/05.Models/BJY/capsule/textures
  artifactKey: Guid(0390e4f054a1a324a9c4ef7b9834a5d3) Importer(815301076,1909f56bfc062723c751e8b465ee728b)
Start importing Assets/05.Models/BJY/capsule/textures using Guid(0390e4f054a1a324a9c4ef7b9834a5d3) Importer(815301076,1909f56bfc062723c751e8b465ee728b)  -> (artifact id: 'ab2d0704798bc624b196ed1e9f94f966') in 0.007215 seconds
  Import took 0.009979 seconds .

========================================================================
Received Import Request.
  Time since last request: 1.297534 seconds.
  path: Assets/05.Models/BJY/capsule/textures/Default_normal.png
  artifactKey: Guid(9e0eea0a4eece994085bf727496ed5b0) Importer(815301076,1909f56bfc062723c751e8b465ee728b)
Start importing Assets/05.Models/BJY/capsule/textures/Default_normal.png using Guid(9e0eea0a4eece994085bf727496ed5b0) Importer(815301076,1909f56bfc062723c751e8b465ee728b)  -> (artifact id: '09f16863d33679d2c2c0838d3f472ea1') in 0.026388 seconds
  Import took 0.029979 seconds .

========================================================================
Received Import Request.
  Time since last request: 209.549574 seconds.
  path: Assets/08.Assets/BJY
  artifactKey: Guid(907ac76a28e1d4c48b7988b7137bf37c) Importer(815301076,1909f56bfc062723c751e8b465ee728b)
Start importing Assets/08.Assets/BJY using Guid(907ac76a28e1d4c48b7988b7137bf37c) Importer(815301076,1909f56bfc062723c751e8b465ee728b)  -> (artifact id: '79d508ff10c6b6b0ca6e6fdf19694f2c') in 0.007547 seconds
  Import took 0.012156 seconds .

========================================================================
Received Import Request.
  Time since last request: 0.848194 seconds.
  path: Assets/08.Assets/BJY/Assets_
  artifactKey: Guid(448d14676313aac428942f862fd5fc3b) Importer(815301076,1909f56bfc062723c751e8b465ee728b)
Start importing Assets/08.Assets/BJY/Assets_ using Guid(448d14676313aac428942f862fd5fc3b) Importer(815301076,1909f56bfc062723c751e8b465ee728b)  -> (artifact id: '579b2d29e48d0c18292810ce50806295') in 0.009818 seconds
  Import took 0.012468 seconds .

========================================================================
Received Import Request.
  Time since last request: 6.674324 seconds.
  path: Assets/08.Assets/BJY/Assets_/SciFi_Battery_Pack_free
  artifactKey: Guid(990f7ee1647377e4c98d8983f730b314) Importer(815301076,1909f56bfc062723c751e8b465ee728b)
Start importing Assets/08.Assets/BJY/Assets_/SciFi_Battery_Pack_free using Guid(990f7ee1647377e4c98d8983f730b314) Importer(815301076,1909f56bfc062723c751e8b465ee728b)  -> (artifact id: '59d06d6c7cef6cc34b8d3bef148b3a5f') in 0.009173 seconds
  Import took 0.012018 seconds .

========================================================================
Received Import Request.
  Time since last request: 2.581415 seconds.
  path: Assets/08.Assets/BJY/Assets_/LaboratoryMap
  artifactKey: Guid(19d0d25223fec2c498b932b6ab12da9e) Importer(815301076,1909f56bfc062723c751e8b465ee728b)
Start importing Assets/08.Assets/BJY/Assets_/LaboratoryMap using Guid(19d0d25223fec2c498b932b6ab12da9e) Importer(815301076,1909f56bfc062723c751e8b465ee728b)  -> (artifact id: '1e9b1e4ea17e472c667367fcfb358b1e') in 0.008631 seconds
  Import took 0.012613 seconds .

========================================================================
Received Import Request.
  Time since last request: 2.130528 seconds.
  path: Assets/08.Assets/BJY/Assets_/LaboratoryMap/MainScene.unity
  artifactKey: Guid(7b533dfe561bc47c8975c955fe4ef3d3) Importer(815301076,1909f56bfc062723c751e8b465ee728b)
Start importing Assets/08.Assets/BJY/Assets_/LaboratoryMap/MainScene.unity using Guid(7b533dfe561bc47c8975c955fe4ef3d3) Importer(815301076,1909f56bfc062723c751e8b465ee728b)  -> (artifact id: '9fa536c403f2165c5d5364e74028e7e9') in 0.008946 seconds
  Import took 0.011687 seconds .

========================================================================
Received Import Request.
  Time since last request: 599.950004 seconds.
  path: Assets/08.Assets/Common/Water/Models
  artifactKey: Guid(fe5d00245bc1d42a7927f4b2879026b8) Importer(815301076,1909f56bfc062723c751e8b465ee728b)
Start importing Assets/08.Assets/Common/Water/Models using Guid(fe5d00245bc1d42a7927f4b2879026b8) Importer(815301076,1909f56bfc062723c751e8b465ee728b)  -> (artifact id: '0e533ddd9e0f295669cb80e7a31e6a26') in 0.011551 seconds
  Import took 0.015447 seconds .

========================================================================
Received Import Request.
  Time since last request: 0.495309 seconds.
  path: Assets/08.Assets/Common/Water/Materials
  artifactKey: Guid(8269a010592f549af8f11b1683d9e794) Importer(815301076,1909f56bfc062723c751e8b465ee728b)
Start importing Assets/08.Assets/Common/Water/Materials using Guid(8269a010592f549af8f11b1683d9e794) Importer(815301076,1909f56bfc062723c751e8b465ee728b)  -> (artifact id: '293ec1f9f9c60523380cdec320bb7965') in 0.010308 seconds
  Import took 0.014450 seconds .

========================================================================
Received Import Request.
  Time since last request: 1.218046 seconds.
  path: Assets/08.Assets/Common/Water/Prefabs
  artifactKey: Guid(2dc67c8fe799ae845add403087340bd1) Importer(815301076,1909f56bfc062723c751e8b465ee728b)
Start importing Assets/08.Assets/Common/Water/Prefabs using Guid(2dc67c8fe799ae845add403087340bd1) Importer(815301076,1909f56bfc062723c751e8b465ee728b)  -> (artifact id: 'd586ba1aa2e7f8f8adfc6c2c0951bc79') in 0.008476 seconds
  Import took 0.011060 seconds .

========================================================================
Received Import Request.
  Time since last request: 111.392443 seconds.
  path: Assets/08.Assets/Common/Water/Textures/WaterFresnel.psd
  artifactKey: Guid(5b5c5575fd4c74abd9f7b30862fb76a3) Importer(815301076,1909f56bfc062723c751e8b465ee728b)
Start importing Assets/08.Assets/Common/Water/Textures/WaterFresnel.psd using Guid(5b5c5575fd4c74abd9f7b30862fb76a3) Importer(815301076,1909f56bfc062723c751e8b465ee728b)  -> (artifact id: '279f878cf298614ed6b0012f1c148e8d') in 0.031946 seconds
  Import took 0.035139 seconds .

========================================================================
Received Import Request.
  Time since last request: 0.000224 seconds.
  path: Assets/08.Assets/Common/Water/Textures/WaterProDaytimeGradient.psd
  artifactKey: Guid(ab97f9ab7c2ce724ebc9446060a819a4) Importer(815301076,1909f56bfc062723c751e8b465ee728b)
Start importing Assets/08.Assets/Common/Water/Textures/WaterProDaytimeGradient.psd using Guid(ab97f9ab7c2ce724ebc9446060a819a4) Importer(815301076,1909f56bfc062723c751e8b465ee728b)  -> (artifact id: 'b4397236e03d3cae080d312bedef9942') in 0.027925 seconds
  Import took 0.030827 seconds .

========================================================================
Received Import Request.
  Time since last request: 0.000187 seconds.
  path: Assets/08.Assets/Common/Water/Textures/WaterFresnel.psd
  artifactKey: Guid(5b5c5575fd4c74abd9f7b30862fb76a3) Importer(815301076,1909f56bfc062723c751e8b465ee728b)
Start importing Assets/08.Assets/Common/Water/Textures/WaterFresnel.psd using Guid(5b5c5575fd4c74abd9f7b30862fb76a3) Importer(815301076,1909f56bfc062723c751e8b465ee728b)  -> (artifact id: '279f878cf298614ed6b0012f1c148e8d') in 0.012011 seconds
  Import took 0.014674 seconds .

========================================================================
Received Import Request.
  Time since last request: 0.000223 seconds.
  path: Assets/08.Assets/Common/Water/Textures/WaterBump.jpg
  artifactKey: Guid(2dd3788f8589b40bf82a92d76ffc5091) Importer(815301076,1909f56bfc062723c751e8b465ee728b)
Start importing Assets/08.Assets/Common/Water/Textures/WaterBump.jpg using Guid(2dd3788f8589b40bf82a92d76ffc5091) Importer(815301076,1909f56bfc062723c751e8b465ee728b)  -> (artifact id: '065731616c3ec36f865693e1a49a233a') in 0.068999 seconds
  Import took 0.073126 seconds .

========================================================================
Received Import Request.
  Time since last request: 1594.344544 seconds.
  path: Assets/08.Assets/Common
  artifactKey: Guid(e5ee046778e3ef042be0c29ed7741ce5) Importer(815301076,1909f56bfc062723c751e8b465ee728b)
Start importing Assets/08.Assets/Common using Guid(e5ee046778e3ef042be0c29ed7741ce5) Importer(815301076,1909f56bfc062723c751e8b465ee728b)  -> (artifact id: 'e6753f047f98314cf7d62908e424608a') in 0.015595 seconds
  Import took 0.019192 seconds .

========================================================================
Received Import Request.
  Time since last request: 9.134754 seconds.
  path: Assets/03.Prefabs/KKH/Outline.cs
  artifactKey: Guid(5fea29bb7c508c244a1f805a5fd3fc4d) Importer(815301076,1909f56bfc062723c751e8b465ee728b)
Start importing Assets/03.Prefabs/KKH/Outline.cs using Guid(5fea29bb7c508c244a1f805a5fd3fc4d) Importer(815301076,1909f56bfc062723c751e8b465ee728b)  -> (artifact id: 'b518b82d9de72d72e42579cce05c27ee') in 0.018312 seconds
  Import took 0.021321 seconds .

========================================================================
Received Import Request.
  Time since last request: 40.681392 seconds.
  path: Assets/02.Scripts/BJY/PlayerCtrlBJY.cs
  artifactKey: Guid(d505312ce5d5d7d4fa9572dc96ddb543) Importer(815301076,1909f56bfc062723c751e8b465ee728b)
Start importing Assets/02.Scripts/BJY/PlayerCtrlBJY.cs using Guid(d505312ce5d5d7d4fa9572dc96ddb543) Importer(815301076,1909f56bfc062723c751e8b465ee728b)  -> (artifact id: 'f782251676f8f00d387d8ebcc30dd4be') in 0.009742 seconds
  Import took 0.014029 seconds .

========================================================================
Received Import Request.
  Time since last request: 0.000946 seconds.
  path: Assets/02.Scripts/BJY/PlayerCtrlBJY.cs
  artifactKey: Guid(d505312ce5d5d7d4fa9572dc96ddb543) Importer(815301076,1909f56bfc062723c751e8b465ee728b)
Start importing Assets/02.Scripts/BJY/PlayerCtrlBJY.cs using Guid(d505312ce5d5d7d4fa9572dc96ddb543) Importer(815301076,1909f56bfc062723c751e8b465ee728b)  -> (artifact id: 'f782251676f8f00d387d8ebcc30dd4be') in 0.008945 seconds
  Import took 0.013199 seconds .

========================================================================
Received Prepare
Registering precompiled user dll's ...
Registered in 0.019436 seconds.
Begin MonoManager ReloadAssembly
Native extension for WindowsStandalone target not found
Refreshing native plugins compatible for Editor in 0.48 ms, found 2 plugins.
Preloading 0 native plugins for Editor in 0.00 ms.
Mono: successfully reloaded assembly
- Completed reload, in  2.527 seconds
Platform modules already initialized, skipping
Refreshing native plugins compatible for Editor in 0.54 ms, found 2 plugins.
Preloading 0 native plugins for Editor in 0.00 ms.
Unloading 1407 Unused Serialized files (Serialized files now loaded: 0)
System memory in use before: 84.2 MB.
System memory in use after: 84.3 MB.

Unloading 13 unused Assets to reduce memory usage. Loaded Objects now: 1894.
Total: 2.323500 ms (FindLiveObjects: 0.191600 ms CreateObjectMapping: 0.101700 ms MarkObjects: 2.008200 ms  DeleteObjects: 0.020500 ms)

========================================================================
Received Import Request.
  Time since last request: 22.580001 seconds.
  path: Assets/02.Scripts/YSG/PlayerCtrl.cs
  artifactKey: Guid(8c3906d4873bfc2439e5be54fca3d743) Importer(815301076,1909f56bfc062723c751e8b465ee728b)
Start importing Assets/02.Scripts/YSG/PlayerCtrl.cs using Guid(8c3906d4873bfc2439e5be54fca3d743) Importer(815301076,1909f56bfc062723c751e8b465ee728b)  -> (artifact id: '058cb2ff78da23af1b652309fa5180d4') in 0.020964 seconds
  Import took 0.024406 seconds .

========================================================================
Received Prepare
Registering precompiled user dll's ...
Registered in 0.004056 seconds.
Begin MonoManager ReloadAssembly
Native extension for WindowsStandalone target not found
Refreshing native plugins compatible for Editor in 0.41 ms, found 2 plugins.
Preloading 0 native plugins for Editor in 0.00 ms.
Mono: successfully reloaded assembly
- Completed reload, in  1.236 seconds
Platform modules already initialized, skipping
Refreshing native plugins compatible for Editor in 0.66 ms, found 2 plugins.
Preloading 0 native plugins for Editor in 0.00 ms.
Unloading 1407 Unused Serialized files (Serialized files now loaded: 0)
System memory in use before: 84.2 MB.
System memory in use after: 84.3 MB.

Unloading 13 unused Assets to reduce memory usage. Loaded Objects now: 1897.
Total: 2.007900 ms (FindLiveObjects: 0.141300 ms CreateObjectMapping: 0.050400 ms MarkObjects: 1.769100 ms  DeleteObjects: 0.045900 ms)

========================================================================
Received Import Request.
  Time since last request: 180.335483 seconds.
  path: Assets/01.Scenes/YSG/Island_20210721.unity
  artifactKey: Guid(2f5bd5ddb965f7a45967dbfc935a5a98) Importer(815301076,1909f56bfc062723c751e8b465ee728b)
Start importing Assets/01.Scenes/YSG/Island_20210721.unity using Guid(2f5bd5ddb965f7a45967dbfc935a5a98) Importer(815301076,1909f56bfc062723c751e8b465ee728b)  -> (artifact id: '1542e9adc3fa36ef8b27c6fa93ae93e9') in 0.033814 seconds
  Import took 0.036786 seconds .

========================================================================
Received Import Request.
  Time since last request: 81.743311 seconds.
  path: Assets/01.Scenes/BJY/Scenes
  artifactKey: Guid(0edb12b4fb58ed943835815d542dac7a) Importer(815301076,1909f56bfc062723c751e8b465ee728b)
Start importing Assets/01.Scenes/BJY/Scenes using Guid(0edb12b4fb58ed943835815d542dac7a) Importer(815301076,1909f56bfc062723c751e8b465ee728b)  -> (artifact id: 'bb01d03b280a63bebb592c3c23d648e9') in 0.025210 seconds
  Import took 0.028840 seconds .

========================================================================
Received Import Request.
  Time since last request: 0.141098 seconds.
  path: Assets/01.Scenes/BJY/Scenes
  artifactKey: Guid(0edb12b4fb58ed943835815d542dac7a) Importer(815301076,1909f56bfc062723c751e8b465ee728b)
Start importing Assets/01.Scenes/BJY/Scenes using Guid(0edb12b4fb58ed943835815d542dac7a) Importer(815301076,1909f56bfc062723c751e8b465ee728b)  -> (artifact id: 'bb01d03b280a63bebb592c3c23d648e9') in 0.003942 seconds
  Import took 0.006695 seconds .

========================================================================
Received Import Request.
  Time since last request: 2.365956 seconds.
  path: Assets/01.Scenes/BJY/Scenes/MainScene.unity
  artifactKey: Guid(922aae7779e98d842911703b3aeee73e) Importer(815301076,1909f56bfc062723c751e8b465ee728b)
Start importing Assets/01.Scenes/BJY/Scenes/MainScene.unity using Guid(922aae7779e98d842911703b3aeee73e) Importer(815301076,1909f56bfc062723c751e8b465ee728b)  -> (artifact id: '2450363a46393ffd0dc53d75d51da3be') in 0.015187 seconds
  Import took 0.019992 seconds .

========================================================================
Received Import Request.
  Time since last request: 0.050323 seconds.
  path: Assets/01.Scenes/BJY/Scenes/MainScene.unity
  artifactKey: Guid(922aae7779e98d842911703b3aeee73e) Importer(815301076,1909f56bfc062723c751e8b465ee728b)
Start importing Assets/01.Scenes/BJY/Scenes/MainScene.unity using Guid(922aae7779e98d842911703b3aeee73e) Importer(815301076,1909f56bfc062723c751e8b465ee728b)  -> (artifact id: '2450363a46393ffd0dc53d75d51da3be') in 0.004951 seconds
  Import took 0.007756 seconds .

========================================================================
Received Prepare
Registering precompiled user dll's ...
Registered in 0.003857 seconds.
Begin MonoManager ReloadAssembly
Native extension for WindowsStandalone target not found
Refreshing native plugins compatible for Editor in 0.46 ms, found 2 plugins.
Preloading 0 native plugins for Editor in 0.00 ms.
Mono: successfully reloaded assembly
- Completed reload, in  1.118 seconds
Platform modules already initialized, skipping
Refreshing native plugins compatible for Editor in 0.43 ms, found 2 plugins.
Preloading 0 native plugins for Editor in 0.00 ms.
Unloading 1407 Unused Serialized files (Serialized files now loaded: 0)
System memory in use before: 84.2 MB.
System memory in use after: 84.3 MB.

Unloading 13 unused Assets to reduce memory usage. Loaded Objects now: 1900.
Total: 2.118000 ms (FindLiveObjects: 0.165300 ms CreateObjectMapping: 0.104600 ms MarkObjects: 1.821300 ms  DeleteObjects: 0.025800 ms)

========================================================================
Received Import Request.
  Time since last request: 97.723978 seconds.
  path: Assets/03.Prefabs/KKH/Branches.prefab
  artifactKey: Guid(9679b1f1d712cb24ab8c8bf0a6c011e9) Importer(815301076,1909f56bfc062723c751e8b465ee728b)
Start importing Assets/03.Prefabs/KKH/Branches.prefab using Guid(9679b1f1d712cb24ab8c8bf0a6c011e9) Importer(815301076,1909f56bfc062723c751e8b465ee728b)  -> (artifact id: 'e0dbe2431c53469cec2887e7386a6e64') in 0.128604 seconds
  Import took 0.132016 seconds .

========================================================================
Received Import Request.
  Time since last request: 1.510765 seconds.
  path: Assets/03.Prefabs/KKH/BigBranch.prefab
  artifactKey: Guid(b5eb08c8f12751e4183adff1c93981f6) Importer(815301076,1909f56bfc062723c751e8b465ee728b)
Start importing Assets/03.Prefabs/KKH/BigBranch.prefab using Guid(b5eb08c8f12751e4183adff1c93981f6) Importer(815301076,1909f56bfc062723c751e8b465ee728b)  -> (artifact id: '2404d580de9a02ed3fa92188fbfbaa41') in 0.043977 seconds
  Import took 0.047459 seconds .

========================================================================
Received Prepare
Registering precompiled user dll's ...
Registered in 0.004676 seconds.
Begin MonoManager ReloadAssembly
Native extension for WindowsStandalone target not found
Refreshing native plugins compatible for Editor in 0.43 ms, found 2 plugins.
Preloading 0 native plugins for Editor in 0.00 ms.
Mono: successfully reloaded assembly
- Completed reload, in  1.173 seconds
Platform modules already initialized, skipping
Refreshing native plugins compatible for Editor in 0.45 ms, found 2 plugins.
Preloading 0 native plugins for Editor in 0.00 ms.
Unloading 1407 Unused Serialized files (Serialized files now loaded: 0)
System memory in use before: 84.3 MB.
System memory in use after: 84.5 MB.

Unloading 13 unused Assets to reduce memory usage. Loaded Objects now: 1908.
Total: 1.967300 ms (FindLiveObjects: 0.140500 ms CreateObjectMapping: 0.049400 ms MarkObjects: 1.739800 ms  DeleteObjects: 0.036600 ms)

========================================================================
Received Import Request.
  Time since last request: 689.610036 seconds.
  path: Assets/02.Scripts/BJY/LookPoint.cs
  artifactKey: Guid(2f31f1793333cb1409da29c10332a2c8) Importer(815301076,1909f56bfc062723c751e8b465ee728b)
Start importing Assets/02.Scripts/BJY/LookPoint.cs using Guid(2f31f1793333cb1409da29c10332a2c8) Importer(815301076,1909f56bfc062723c751e8b465ee728b)  -> (artifact id: 'dc02ea69a595c9399569316640c7f101') in 0.029157 seconds
  Import took 0.033315 seconds .

========================================================================
Received Import Request.
  Time since last request: 0.039054 seconds.
  path: Assets/02.Scripts/BJY/LookPoint.cs
  artifactKey: Guid(2f31f1793333cb1409da29c10332a2c8) Importer(815301076,1909f56bfc062723c751e8b465ee728b)
Start importing Assets/02.Scripts/BJY/LookPoint.cs using Guid(2f31f1793333cb1409da29c10332a2c8) Importer(815301076,1909f56bfc062723c751e8b465ee728b)  -> (artifact id: 'dc02ea69a595c9399569316640c7f101') in 0.009553 seconds
  Import took 0.015228 seconds .

========================================================================
Received Import Request.
  Time since last request: 26.240819 seconds.
  path: Assets/02.Scripts/BJY/LookPoint.cs
  artifactKey: Guid(2f31f1793333cb1409da29c10332a2c8) Importer(815301076,1909f56bfc062723c751e8b465ee728b)
Start importing Assets/02.Scripts/BJY/LookPoint.cs using Guid(2f31f1793333cb1409da29c10332a2c8) Importer(815301076,1909f56bfc062723c751e8b465ee728b)  -> (artifact id: '8e963e09159fe088251db28a4ff266eb') in 0.009988 seconds
  Import took 0.014625 seconds .

========================================================================
Received Import Request.
  Time since last request: 0.010296 seconds.
  path: Assets/02.Scripts/BJY/LookPoint.cs
  artifactKey: Guid(2f31f1793333cb1409da29c10332a2c8) Importer(815301076,1909f56bfc062723c751e8b465ee728b)
Start importing Assets/02.Scripts/BJY/LookPoint.cs using Guid(2f31f1793333cb1409da29c10332a2c8) Importer(815301076,1909f56bfc062723c751e8b465ee728b)  -> (artifact id: '8e963e09159fe088251db28a4ff266eb') in 0.004476 seconds
  Import took 0.011388 seconds .

========================================================================
Received Import Request.
  Time since last request: 92.831237 seconds.
  path: Assets/02.Scripts/BJY/LookPoint.cs
  artifactKey: Guid(2f31f1793333cb1409da29c10332a2c8) Importer(815301076,1909f56bfc062723c751e8b465ee728b)
Start importing Assets/02.Scripts/BJY/LookPoint.cs using Guid(2f31f1793333cb1409da29c10332a2c8) Importer(815301076,1909f56bfc062723c751e8b465ee728b)  -> (artifact id: '7c9b075bebf038bb24f18fdab4a7c145') in 0.014090 seconds
  Import took 0.019220 seconds .

========================================================================
Received Import Request.
  Time since last request: 0.007732 seconds.
  path: Assets/02.Scripts/BJY/LookPoint.cs
  artifactKey: Guid(2f31f1793333cb1409da29c10332a2c8) Importer(815301076,1909f56bfc062723c751e8b465ee728b)
Start importing Assets/02.Scripts/BJY/LookPoint.cs using Guid(2f31f1793333cb1409da29c10332a2c8) Importer(815301076,1909f56bfc062723c751e8b465ee728b)  -> (artifact id: '7c9b075bebf038bb24f18fdab4a7c145') in 0.006329 seconds
  Import took 0.011230 seconds .

========================================================================
Received Import Request.
  Time since last request: 527.722890 seconds.
  path: Assets/02.Scripts/BJY/LookPoint.cs
  artifactKey: Guid(2f31f1793333cb1409da29c10332a2c8) Importer(815301076,1909f56bfc062723c751e8b465ee728b)
Start importing Assets/02.Scripts/BJY/LookPoint.cs using Guid(2f31f1793333cb1409da29c10332a2c8) Importer(815301076,1909f56bfc062723c751e8b465ee728b)  -> (artifact id: '0577dcd9b23d0b2f722f1216c4316827') in 0.007788 seconds
  Import took 0.012350 seconds .

========================================================================
Received Prepare
Registering precompiled user dll's ...
Registered in 0.009343 seconds.
Begin MonoManager ReloadAssembly
Native extension for WindowsStandalone target not found
Refreshing native plugins compatible for Editor in 0.41 ms, found 2 plugins.
Preloading 0 native plugins for Editor in 0.00 ms.
Mono: successfully reloaded assembly
- Completed reload, in  1.049 seconds
Platform modules already initialized, skipping
Refreshing native plugins compatible for Editor in 0.43 ms, found 2 plugins.
Preloading 0 native plugins for Editor in 0.00 ms.
Unloading 1408 Unused Serialized files (Serialized files now loaded: 0)
System memory in use before: 84.5 MB.
System memory in use after: 84.6 MB.

Unloading 13 unused Assets to reduce memory usage. Loaded Objects now: 1912.
Total: 2.008800 ms (FindLiveObjects: 0.139000 ms CreateObjectMapping: 0.048200 ms MarkObjects: 1.776200 ms  DeleteObjects: 0.044400 ms)

========================================================================
Received Prepare
Registering precompiled user dll's ...
Registered in 0.005472 seconds.
Begin MonoManager ReloadAssembly
Native extension for WindowsStandalone target not found
Refreshing native plugins compatible for Editor in 0.41 ms, found 2 plugins.
Preloading 0 native plugins for Editor in 0.00 ms.
Mono: successfully reloaded assembly
- Completed reload, in  1.107 seconds
Platform modules already initialized, skipping
Refreshing native plugins compatible for Editor in 0.44 ms, found 2 plugins.
Preloading 0 native plugins for Editor in 0.00 ms.
Unloading 1408 Unused Serialized files (Serialized files now loaded: 0)
System memory in use before: 84.5 MB.
System memory in use after: 84.6 MB.

Unloading 13 unused Assets to reduce memory usage. Loaded Objects now: 1915.
Total: 1.987000 ms (FindLiveObjects: 0.139400 ms CreateObjectMapping: 0.049700 ms MarkObjects: 1.712600 ms  DeleteObjects: 0.084100 ms)

========================================================================
Received Import Request.
  Time since last request: 990.721085 seconds.
  path: Assets/02.Scripts/BJY/LookPoint.cs
  artifactKey: Guid(2f31f1793333cb1409da29c10332a2c8) Importer(815301076,1909f56bfc062723c751e8b465ee728b)
Start importing Assets/02.Scripts/BJY/LookPoint.cs using Guid(2f31f1793333cb1409da29c10332a2c8) Importer(815301076,1909f56bfc062723c751e8b465ee728b)  -> (artifact id: '085e0c93dd3356981982df75a0f59b99') in 0.008051 seconds
  Import took 0.011843 seconds .

========================================================================
Received Prepare
Registering precompiled user dll's ...
Registered in 0.004084 seconds.
Begin MonoManager ReloadAssembly
Native extension for WindowsStandalone target not found
Refreshing native plugins compatible for Editor in 0.87 ms, found 2 plugins.
Preloading 0 native plugins for Editor in 0.00 ms.
Mono: successfully reloaded assembly
- Completed reload, in  1.094 seconds
Platform modules already initialized, skipping
Refreshing native plugins compatible for Editor in 0.43 ms, found 2 plugins.
Preloading 0 native plugins for Editor in 0.00 ms.
Unloading 1408 Unused Serialized files (Serialized files now loaded: 0)
System memory in use before: 84.5 MB.
System memory in use after: 84.6 MB.

Unloading 13 unused Assets to reduce memory usage. Loaded Objects now: 1918.
Total: 3.906000 ms (FindLiveObjects: 1.644300 ms CreateObjectMapping: 0.143400 ms MarkObjects: 2.096500 ms  DeleteObjects: 0.020300 ms)

========================================================================
Received Prepare
Registering precompiled user dll's ...
Registered in 0.004030 seconds.
Begin MonoManager ReloadAssembly
Native extension for WindowsStandalone target not found
Refreshing native plugins compatible for Editor in 0.42 ms, found 2 plugins.
Preloading 0 native plugins for Editor in 0.00 ms.
Mono: successfully reloaded assembly
- Completed reload, in  1.080 seconds
Platform modules already initialized, skipping
Refreshing native plugins compatible for Editor in 0.46 ms, found 2 plugins.
Preloading 0 native plugins for Editor in 0.00 ms.
Unloading 1408 Unused Serialized files (Serialized files now loaded: 0)
System memory in use before: 84.5 MB.
System memory in use after: 84.6 MB.

Unloading 13 unused Assets to reduce memory usage. Loaded Objects now: 1921.
Total: 1.921600 ms (FindLiveObjects: 0.141000 ms CreateObjectMapping: 0.049200 ms MarkObjects: 1.685500 ms  DeleteObjects: 0.044900 ms)

========================================================================
Received Import Request.
  Time since last request: 364.355364 seconds.
  path: ProjectSettings/TagManager.asset
  artifactKey: Guid(00000000000000003000000000000000) Importer(815301076,1909f56bfc062723c751e8b465ee728b)
Start importing ProjectSettings/TagManager.asset using Guid(00000000000000003000000000000000) Importer(815301076,1909f56bfc062723c751e8b465ee728b)  -> (artifact id: '90f171577af14f49e70abc340bb13537') in 0.063536 seconds
  Import took 0.066879 seconds .

========================================================================
Received Import Request.
  Time since last request: 82.308035 seconds.
  path: Assets/Bitgem/StylisedWater
  artifactKey: Guid(a26b768aec801ec45bd04cfb00c1208f) Importer(815301076,1909f56bfc062723c751e8b465ee728b)
Start importing Assets/Bitgem/StylisedWater using Guid(a26b768aec801ec45bd04cfb00c1208f) Importer(815301076,1909f56bfc062723c751e8b465ee728b)  -> (artifact id: 'd92672993937e670511360ffee0517da') in 0.015839 seconds
  Import took 0.021119 seconds .

========================================================================
Received Import Request.
  Time since last request: 0.017613 seconds.
  path: Assets/Bitgem/StylisedWater
  artifactKey: Guid(a26b768aec801ec45bd04cfb00c1208f) Importer(815301076,1909f56bfc062723c751e8b465ee728b)
Start importing Assets/Bitgem/StylisedWater using Guid(a26b768aec801ec45bd04cfb00c1208f) Importer(815301076,1909f56bfc062723c751e8b465ee728b)  -> (artifact id: 'd92672993937e670511360ffee0517da') in 0.007761 seconds
  Import took 0.010660 seconds .

========================================================================
Received Import Request.
  Time since last request: 0.636152 seconds.
  path: Assets/Bitgem/StylisedWater/URP
  artifactKey: Guid(05ebf30bfcef09e479888e941b51c7fa) Importer(815301076,1909f56bfc062723c751e8b465ee728b)
Start importing Assets/Bitgem/StylisedWater/URP using Guid(05ebf30bfcef09e479888e941b51c7fa) Importer(815301076,1909f56bfc062723c751e8b465ee728b)  -> (artifact id: '6ca5036eae824a2bbc097a2244db03ab') in 0.017840 seconds
  Import took 0.021377 seconds .

========================================================================
Received Import Request.
  Time since last request: 0.883536 seconds.
  path: Assets/Bitgem/StylisedWater/URP/Materials
  artifactKey: Guid(23dd8f7c55dedc9428557d7ab46cf80b) Importer(815301076,1909f56bfc062723c751e8b465ee728b)
Start importing Assets/Bitgem/StylisedWater/URP/Materials using Guid(23dd8f7c55dedc9428557d7ab46cf80b) Importer(815301076,1909f56bfc062723c751e8b465ee728b)  -> (artifact id: '5b7def3a3d346e29d5671b2427d79db1') in 0.016207 seconds
  Import took 0.020067 seconds .

========================================================================
Received Import Request.
  Time since last request: 0.000574 seconds.
  path: Assets/Bitgem/StylisedWater/URP/Materials
  artifactKey: Guid(23dd8f7c55dedc9428557d7ab46cf80b) Importer(815301076,1909f56bfc062723c751e8b465ee728b)
Start importing Assets/Bitgem/StylisedWater/URP/Materials using Guid(23dd8f7c55dedc9428557d7ab46cf80b) Importer(815301076,1909f56bfc062723c751e8b465ee728b)  -> (artifact id: '5b7def3a3d346e29d5671b2427d79db1') in 0.007175 seconds
  Import took 0.009837 seconds .

AssetImportWorkerClient::OnTransportError - code=2 error=End of file
