Using pre-set license
Built from '2020.3/release' branch; Version is '2020.3.7f1 (dd97f2c94397) revision 14522354'; Using compiler version '192528614'; Build Type 'Release'
OS: 'Windows 10 Home; OS build 19042.1083; Version 2009; 64bit' Language: 'ko' Physical Memory: 32681 MB
BatchMode: 1, IsHumanControllingUs: 0, StartBugReporterOnCrash: 0, Is64bit: 1, IsPro: 0

 COMMAND LINE ARGUMENTS:
C:\Program Files\Unity\Hub\Editor\2020.3.7f1\Editor\Unity.exe
-adb2
-batchMode
-noUpm
-name
AssetImportWorker0
-projectPath
C:/Users/fxxk0/Documents/GitHub/Unity/Unity_Team_Project
-logFile
Logs/AssetImportWorker0.log
-srvPort
14288
Successfully changed project path to: C:/Users/fxxk0/Documents/GitHub/Unity/Unity_Team_Project
C:/Users/fxxk0/Documents/GitHub/Unity/Unity_Team_Project
Using Asset Import Pipeline V2.
Refreshing native plugins compatible for Editor in 25.12 ms, found 2 plugins.
Preloading 0 native plugins for Editor in 0.00 ms.
Initialize engine version: 2020.3.7f1 (dd97f2c94397)
[Subsystems] Discovering subsystems at path C:/Program Files/Unity/Hub/Editor/2020.3.7f1/Editor/Data/Resources/UnitySubsystems
[Subsystems] Discovering subsystems at path C:/Users/fxxk0/Documents/GitHub/Unity/Unity_Team_Project/Assets
GfxDevice: creating device client; threaded=0
Direct3D:
    Version:  Direct3D 11.0 [level 11.1]
    Renderer: NVIDIA GeForce RTX 2060 (ID=0x1e89)
    Vendor:   
    VRAM:     5968 MB
    Driver:   27.21.14.5751
Initialize mono
Mono path[0] = 'C:/Program Files/Unity/Hub/Editor/2020.3.7f1/Editor/Data/Managed'
Mono path[1] = 'C:/Program Files/Unity/Hub/Editor/2020.3.7f1/Editor/Data/MonoBleedingEdge/lib/mono/unityjit'
Mono config path = 'C:/Program Files/Unity/Hub/Editor/2020.3.7f1/Editor/Data/MonoBleedingEdge/etc'
Using monoOptions --debugger-agent=transport=dt_socket,embedding=1,server=y,suspend=n,address=127.0.0.1:56224
Begin MonoManager ReloadAssembly
Registering precompiled unity dll's ...
Register platform support module: C:/Program Files/Unity/Hub/Editor/2020.3.7f1/Editor/Data/PlaybackEngines/WebGLSupport/UnityEditor.WebGL.Extensions.dll
Register platform support module: C:/Program Files/Unity/Hub/Editor/2020.3.7f1/Editor/Data/PlaybackEngines/WindowsStandaloneSupport/UnityEditor.WindowsStandalone.Extensions.dll
Registered in 0.002688 seconds.
Native extension for WindowsStandalone target not found
Native extension for WebGL target not found
Refreshing native plugins compatible for Editor in 22.37 ms, found 2 plugins.
Preloading 0 native plugins for Editor in 0.00 ms.
Mono: successfully reloaded assembly
- Completed reload, in  0.932 seconds
Platform modules already initialized, skipping
Registering precompiled user dll's ...
Registered in 0.004198 seconds.
Begin MonoManager ReloadAssembly
Native extension for WindowsStandalone target not found
Native extension for WebGL target not found
Refreshing native plugins compatible for Editor in 0.28 ms, found 2 plugins.
Preloading 0 native plugins for Editor in 0.00 ms.
Mono: successfully reloaded assembly
- Completed reload, in  0.807 seconds
Platform modules already initialized, skipping
========================================================================
Worker process is ready to serve import requests
Launched and connected shader compiler UnityShaderCompiler.exe after 0.03 seconds
Refreshing native plugins compatible for Editor in 0.30 ms, found 2 plugins.
Preloading 0 native plugins for Editor in 0.00 ms.
Unloading 1392 Unused Serialized files (Serialized files now loaded: 0)
System memory in use before: 64.7 MB.
System memory in use after: 64.8 MB.

Unloading 18 unused Assets to reduce memory usage. Loaded Objects now: 1826.
Total: 1.928200 ms (FindLiveObjects: 0.250100 ms CreateObjectMapping: 0.065700 ms MarkObjects: 1.562500 ms  DeleteObjects: 0.048300 ms)

========================================================================
Received Import Request.
  path: Assets/New Material.mat
  artifactKey: Guid(70627cec31082ab4a87c9dcf17fd88ea) Importer(815301076,1909f56bfc062723c751e8b465ee728b)
Start importing Assets/New Material.mat using Guid(70627cec31082ab4a87c9dcf17fd88ea) Importer(815301076,1909f56bfc062723c751e8b465ee728b)  -> (artifact id: 'ef26f05d9ddc53fefb655e3620a342c0') in 0.237912 seconds
  Import took 0.239878 seconds .

========================================================================
Received Import Request.
  Time since last request: 2.335555 seconds.
  path: Assets/SciFi_Battery_Pack_free
  artifactKey: Guid(990f7ee1647377e4c98d8983f730b314) Importer(815301076,1909f56bfc062723c751e8b465ee728b)
Start importing Assets/SciFi_Battery_Pack_free using Guid(990f7ee1647377e4c98d8983f730b314) Importer(815301076,1909f56bfc062723c751e8b465ee728b)  -> (artifact id: 'e3c11936adfd7361cb50ecdb9d1e3614') in 0.005617 seconds
  Import took 0.007528 seconds .

========================================================================
Received Import Request.
  Time since last request: 0.005648 seconds.
  path: Assets/SciFi_Battery_Pack_free
  artifactKey: Guid(990f7ee1647377e4c98d8983f730b314) Importer(815301076,1909f56bfc062723c751e8b465ee728b)
Start importing Assets/SciFi_Battery_Pack_free using Guid(990f7ee1647377e4c98d8983f730b314) Importer(815301076,1909f56bfc062723c751e8b465ee728b)  -> (artifact id: 'e3c11936adfd7361cb50ecdb9d1e3614') in 0.002214 seconds
  Import took 0.004152 seconds .

========================================================================
Received Import Request.
  Time since last request: 7.410084 seconds.
  path: Assets/Scenes
  artifactKey: Guid(5d4eb43fc265fb444895cfceadec7dc9) Importer(815301076,1909f56bfc062723c751e8b465ee728b)
Start importing Assets/Scenes using Guid(5d4eb43fc265fb444895cfceadec7dc9) Importer(815301076,1909f56bfc062723c751e8b465ee728b)  -> (artifact id: '468bed3178f4edc01c7a1d9564250186') in 0.005777 seconds
  Import took 0.007690 seconds .

========================================================================
Received Import Request.
  Time since last request: 0.826249 seconds.
  path: Assets/Scenes/SampleScene.unity
  artifactKey: Guid(9fc0d4010bbf28b4594072e72b8655ab) Importer(815301076,1909f56bfc062723c751e8b465ee728b)
Start importing Assets/Scenes/SampleScene.unity using Guid(9fc0d4010bbf28b4594072e72b8655ab) Importer(815301076,1909f56bfc062723c751e8b465ee728b)  -> (artifact id: 'ad2e75f7a97a95276cb59a10a1ba55d1') in 0.005868 seconds
  Import took 0.007841 seconds .

========================================================================
Received Import Request.
  Time since last request: 32.872044 seconds.
  path: Assets/Energy/DemoScene.unity
  artifactKey: Guid(acf491bb25f3ee2478323291e9758466) Importer(815301076,1909f56bfc062723c751e8b465ee728b)
Start importing Assets/Energy/DemoScene.unity using Guid(acf491bb25f3ee2478323291e9758466) Importer(815301076,1909f56bfc062723c751e8b465ee728b)  -> (artifact id: 'e132a27a450af08a4ad9fb3c4e31dc21') in 0.005583 seconds
  Import took 0.007557 seconds .

========================================================================
Received Import Request.
  Time since last request: 9.620801 seconds.
  path: Packages/com.unity.ext.nunit/package.json
  artifactKey: Guid(8143d3a8390f2c64685e3bc272bd9e90) Importer(815301076,1909f56bfc062723c751e8b465ee728b)
Start importing Packages/com.unity.ext.nunit/package.json using Guid(8143d3a8390f2c64685e3bc272bd9e90) Importer(815301076,1909f56bfc062723c751e8b465ee728b)  -> (artifact id: 'a07b9abecd3c2de54dfcd64c9cdfc737') in 0.011296 seconds
  Import took 0.013338 seconds .

========================================================================
Received Import Request.
  Time since last request: 0.914790 seconds.
  path: Packages/com.unity.ide.rider/package.json
  artifactKey: Guid(66c95bb3c74257f41bae2622511dc02d) Importer(815301076,1909f56bfc062723c751e8b465ee728b)
Start importing Packages/com.unity.ide.rider/package.json using Guid(66c95bb3c74257f41bae2622511dc02d) Importer(815301076,1909f56bfc062723c751e8b465ee728b)  -> (artifact id: '180c670cde55f988f4bee35293409fd4') in 0.002652 seconds
  Import took 0.004612 seconds .

========================================================================
Received Import Request.
  Time since last request: 0.369321 seconds.
  path: Packages/com.unity.test-framework/package.json
  artifactKey: Guid(d6a2e6e4803de7b43baacdc355fc144d) Importer(815301076,1909f56bfc062723c751e8b465ee728b)
Start importing Packages/com.unity.test-framework/package.json using Guid(d6a2e6e4803de7b43baacdc355fc144d) Importer(815301076,1909f56bfc062723c751e8b465ee728b)  -> (artifact id: '901a481467c17b5b3d05653400701190') in 0.002574 seconds
  Import took 0.004489 seconds .

========================================================================
Received Import Request.
  Time since last request: 0.411908 seconds.
  path: Packages/com.unity.nuget.newtonsoft-json/package.json
  artifactKey: Guid(f8d4e5c2f2df25449ae8c391afbe5114) Importer(815301076,1909f56bfc062723c751e8b465ee728b)
Start importing Packages/com.unity.nuget.newtonsoft-json/package.json using Guid(f8d4e5c2f2df25449ae8c391afbe5114) Importer(815301076,1909f56bfc062723c751e8b465ee728b)  -> (artifact id: '6513dbcdb27169fe39643a44f76bcd32') in 0.002566 seconds
  Import took 0.004460 seconds .

========================================================================
Received Import Request.
  Time since last request: 0.731123 seconds.
  path: Packages/com.unity.textmeshpro/package.json
  artifactKey: Guid(220e9325710f4235a43492dd1ee4980d) Importer(815301076,1909f56bfc062723c751e8b465ee728b)
Start importing Packages/com.unity.textmeshpro/package.json using Guid(220e9325710f4235a43492dd1ee4980d) Importer(815301076,1909f56bfc062723c751e8b465ee728b)  -> (artifact id: '766dbd356650a840c5382cd5e20868b6') in 0.002665 seconds
  Import took 0.004533 seconds .

========================================================================
Received Import Request.
  Time since last request: 0.396003 seconds.
  path: Packages/com.unity.timeline/package.json
  artifactKey: Guid(13a9c1b4df2e489e8eb9cacca7429596) Importer(815301076,1909f56bfc062723c751e8b465ee728b)
Start importing Packages/com.unity.timeline/package.json using Guid(13a9c1b4df2e489e8eb9cacca7429596) Importer(815301076,1909f56bfc062723c751e8b465ee728b)  -> (artifact id: 'dcbac42700882113ff300849813dbe06') in 0.002572 seconds
  Import took 0.004446 seconds .

========================================================================
Received Import Request.
  Time since last request: 17.438142 seconds.
  path: Assets/_Barking_Dog/3D Free Modular Kit/Camera Profile.asset
  artifactKey: Guid(66fe30987fca4e747985c93aa3738821) Importer(815301076,1909f56bfc062723c751e8b465ee728b)
Start importing Assets/_Barking_Dog/3D Free Modular Kit/Camera Profile.asset using Guid(66fe30987fca4e747985c93aa3738821) Importer(815301076,1909f56bfc062723c751e8b465ee728b)  -> (artifact id: '3687c461c615011bf06b005ea89fa8ef') in 0.007134 seconds
  Import took 0.009061 seconds .

========================================================================
Received Import Request.
  Time since last request: 0.000152 seconds.
  path: Assets/_Barking_Dog/3D Free Modular Kit/Jump.fbx
  artifactKey: Guid(0b7585c78302c4841a511f5a26ee0d02) Importer(815301076,1909f56bfc062723c751e8b465ee728b)
Start importing Assets/_Barking_Dog/3D Free Modular Kit/Jump.fbx using Guid(0b7585c78302c4841a511f5a26ee0d02) Importer(815301076,1909f56bfc062723c751e8b465ee728b)  -> (artifact id: '3e036d7efd99b438bb6a416094d70d05') in 0.285677 seconds
  Import took 0.287684 seconds .

========================================================================
Received Import Request.
  Time since last request: 1.957596 seconds.
  path: Assets/_Barking_Dog/3D Free Modular Kit/Test_Map.unity
  artifactKey: Guid(7b533dfe561bc47c8975c955fe4ef3d3) Importer(815301076,1909f56bfc062723c751e8b465ee728b)
Start importing Assets/_Barking_Dog/3D Free Modular Kit/Test_Map.unity using Guid(7b533dfe561bc47c8975c955fe4ef3d3) Importer(815301076,1909f56bfc062723c751e8b465ee728b)  -> (artifact id: '9ad64489b83e5797f1289dc886ed0077') in 0.005934 seconds
  Import took 0.007962 seconds .

========================================================================
Received Prepare
Registering precompiled user dll's ...
Registered in 0.003937 seconds.
Begin MonoManager ReloadAssembly
Native extension for WindowsStandalone target not found
Native extension for WebGL target not found
Refreshing native plugins compatible for Editor in 0.28 ms, found 2 plugins.
Preloading 0 native plugins for Editor in 0.00 ms.
Mono: successfully reloaded assembly
- Completed reload, in  0.760 seconds
Platform modules already initialized, skipping
Refreshing native plugins compatible for Editor in 0.27 ms, found 2 plugins.
Preloading 0 native plugins for Editor in 0.00 ms.
Unloading 1386 Unused Serialized files (Serialized files now loaded: 0)
System memory in use before: 81.6 MB.
System memory in use after: 81.7 MB.

Unloading 13 unused Assets to reduce memory usage. Loaded Objects now: 1873.
Total: 1.581100 ms (FindLiveObjects: 0.154700 ms CreateObjectMapping: 0.046100 ms MarkObjects: 1.364900 ms  DeleteObjects: 0.013800 ms)

========================================================================
Received Prepare
Registering precompiled user dll's ...
Registered in 0.003586 seconds.
Begin MonoManager ReloadAssembly
Native extension for WindowsStandalone target not found
Native extension for WebGL target not found
Refreshing native plugins compatible for Editor in 0.33 ms, found 2 plugins.
Preloading 0 native plugins for Editor in 0.00 ms.
Mono: successfully reloaded assembly
- Completed reload, in  0.744 seconds
Platform modules already initialized, skipping
Refreshing native plugins compatible for Editor in 0.26 ms, found 2 plugins.
Preloading 0 native plugins for Editor in 0.00 ms.
Unloading 1386 Unused Serialized files (Serialized files now loaded: 0)
System memory in use before: 81.6 MB.
System memory in use after: 81.7 MB.

Unloading 13 unused Assets to reduce memory usage. Loaded Objects now: 1876.
Total: 1.744100 ms (FindLiveObjects: 0.163700 ms CreateObjectMapping: 0.055200 ms MarkObjects: 1.505700 ms  DeleteObjects: 0.018400 ms)

========================================================================
Received Prepare
Registering precompiled user dll's ...
Registered in 0.003737 seconds.
Begin MonoManager ReloadAssembly
Native extension for WindowsStandalone target not found
Native extension for WebGL target not found
Refreshing native plugins compatible for Editor in 0.28 ms, found 2 plugins.
Preloading 0 native plugins for Editor in 0.00 ms.
Mono: successfully reloaded assembly
- Completed reload, in  0.772 seconds
Platform modules already initialized, skipping
Refreshing native plugins compatible for Editor in 0.33 ms, found 2 plugins.
Preloading 0 native plugins for Editor in 0.00 ms.
Unloading 1386 Unused Serialized files (Serialized files now loaded: 0)
System memory in use before: 81.6 MB.
System memory in use after: 81.7 MB.

Unloading 13 unused Assets to reduce memory usage. Loaded Objects now: 1879.
Total: 1.678300 ms (FindLiveObjects: 0.214700 ms CreateObjectMapping: 0.058700 ms MarkObjects: 1.389500 ms  DeleteObjects: 0.014000 ms)

AssetImportWorkerClient::OnTransportError - code=2 error=End of file
