Using pre-set license
Built from '2020.3/release' branch; Version is '2020.3.7f1 (dd97f2c94397) revision 14522354'; Using compiler version '192528614'; Build Type 'Release'
OS: 'Windows 10 Home; OS build 19042.1083; Version 2009; 64bit' Language: 'ko' Physical Memory: 32681 MB
BatchMode: 1, IsHumanControllingUs: 0, StartBugReporterOnCrash: 0, Is64bit: 1, IsPro: 0

 COMMAND LINE ARGUMENTS:
C:\Program Files\Unity\Hub\Editor\2020.3.7f1\Editor\Unity.exe
-adb2
-batchMode
-noUpm
-name
AssetImportWorker0
-projectPath
C:/Users/fxxk0/Documents/GitHub/Unity/Unity_Team_Project
-logFile
Logs/AssetImportWorker0.log
-srvPort
5295
Successfully changed project path to: C:/Users/fxxk0/Documents/GitHub/Unity/Unity_Team_Project
C:/Users/fxxk0/Documents/GitHub/Unity/Unity_Team_Project
Using Asset Import Pipeline V2.
Refreshing native plugins compatible for Editor in 23.39 ms, found 2 plugins.
Preloading 0 native plugins for Editor in 0.00 ms.
Initialize engine version: 2020.3.7f1 (dd97f2c94397)
[Subsystems] Discovering subsystems at path C:/Program Files/Unity/Hub/Editor/2020.3.7f1/Editor/Data/Resources/UnitySubsystems
[Subsystems] Discovering subsystems at path C:/Users/fxxk0/Documents/GitHub/Unity/Unity_Team_Project/Assets
GfxDevice: creating device client; threaded=0
Direct3D:
    Version:  Direct3D 11.0 [level 11.1]
    Renderer: NVIDIA GeForce RTX 2060 (ID=0x1e89)
    Vendor:   
    VRAM:     5968 MB
    Driver:   27.21.14.5751
Initialize mono
Mono path[0] = 'C:/Program Files/Unity/Hub/Editor/2020.3.7f1/Editor/Data/Managed'
Mono path[1] = 'C:/Program Files/Unity/Hub/Editor/2020.3.7f1/Editor/Data/MonoBleedingEdge/lib/mono/unityjit'
Mono config path = 'C:/Program Files/Unity/Hub/Editor/2020.3.7f1/Editor/Data/MonoBleedingEdge/etc'
Using monoOptions --debugger-agent=transport=dt_socket,embedding=1,server=y,suspend=n,address=127.0.0.1:56604
Begin MonoManager ReloadAssembly
Registering precompiled unity dll's ...
Register platform support module: C:/Program Files/Unity/Hub/Editor/2020.3.7f1/Editor/Data/PlaybackEngines/WebGLSupport/UnityEditor.WebGL.Extensions.dll
Register platform support module: C:/Program Files/Unity/Hub/Editor/2020.3.7f1/Editor/Data/PlaybackEngines/WindowsStandaloneSupport/UnityEditor.WindowsStandalone.Extensions.dll
Registered in 0.002526 seconds.
Native extension for WindowsStandalone target not found
Native extension for WebGL target not found
Refreshing native plugins compatible for Editor in 22.27 ms, found 2 plugins.
Preloading 0 native plugins for Editor in 0.00 ms.
Mono: successfully reloaded assembly
- Completed reload, in  0.920 seconds
Platform modules already initialized, skipping
Registering precompiled user dll's ...
Registered in 0.003834 seconds.
Begin MonoManager ReloadAssembly
Native extension for WindowsStandalone target not found
Native extension for WebGL target not found
Refreshing native plugins compatible for Editor in 0.27 ms, found 2 plugins.
Preloading 0 native plugins for Editor in 0.00 ms.
Mono: successfully reloaded assembly
- Completed reload, in  0.821 seconds
Platform modules already initialized, skipping
========================================================================
Worker process is ready to serve import requests
Launched and connected shader compiler UnityShaderCompiler.exe after 0.03 seconds
Refreshing native plugins compatible for Editor in 0.27 ms, found 2 plugins.
Preloading 0 native plugins for Editor in 0.00 ms.
Unloading 1392 Unused Serialized files (Serialized files now loaded: 0)
System memory in use before: 65.3 MB.
System memory in use after: 65.4 MB.

Unloading 18 unused Assets to reduce memory usage. Loaded Objects now: 1828.
Total: 1.843500 ms (FindLiveObjects: 0.144400 ms CreateObjectMapping: 0.043800 ms MarkObjects: 1.607100 ms  DeleteObjects: 0.047300 ms)

========================================================================
Received Import Request.
  path: Assets/_Barking_Dog/3D Free Modular Kit/_Meshes/Floor_Small_01.FBX
  artifactKey: Guid(f6768e02308fe4b40ba12aece1070179) Importer(815301076,1909f56bfc062723c751e8b465ee728b)
Start importing Assets/_Barking_Dog/3D Free Modular Kit/_Meshes/Floor_Small_01.FBX using Guid(f6768e02308fe4b40ba12aece1070179) Importer(815301076,1909f56bfc062723c751e8b465ee728b)  -> (artifact id: 'adeed7b00fdab53912a03679fa7cb419') in 0.124018 seconds
  Import took 0.126408 seconds .

========================================================================
Received Import Request.
  Time since last request: 0.000198 seconds.
  path: Assets/_Barking_Dog/3D Free Modular Kit/_Meshes/Roof_Door_01.FBX
  artifactKey: Guid(7387acdd6d3eb4b1d80e5da2645047c4) Importer(815301076,1909f56bfc062723c751e8b465ee728b)
Start importing Assets/_Barking_Dog/3D Free Modular Kit/_Meshes/Roof_Door_01.FBX using Guid(7387acdd6d3eb4b1d80e5da2645047c4) Importer(815301076,1909f56bfc062723c751e8b465ee728b)  -> (artifact id: 'da4a431d36fe2886d8738873ac7f6ed8') in 0.022716 seconds
  Import took 0.025175 seconds .

========================================================================
Received Import Request.
  Time since last request: 0.000163 seconds.
  path: Assets/_Barking_Dog/3D Free Modular Kit/_Meshes/Wall_Arc_90_02.FBX
  artifactKey: Guid(638f44b41e0a6471486ec2c4e9ca96fd) Importer(815301076,1909f56bfc062723c751e8b465ee728b)
Start importing Assets/_Barking_Dog/3D Free Modular Kit/_Meshes/Wall_Arc_90_02.FBX using Guid(638f44b41e0a6471486ec2c4e9ca96fd) Importer(815301076,1909f56bfc062723c751e8b465ee728b)  -> (artifact id: 'ab651016abe4055953757297e00ca219') in 0.021695 seconds
  Import took 0.024003 seconds .

========================================================================
Received Import Request.
  Time since last request: 0.000203 seconds.
  path: Assets/_Barking_Dog/3D Free Modular Kit/_Textures/Normal_01.png
  artifactKey: Guid(5e704b54cc0cc4015add600ce739fb2f) Importer(815301076,1909f56bfc062723c751e8b465ee728b)
Start importing Assets/_Barking_Dog/3D Free Modular Kit/_Textures/Normal_01.png using Guid(5e704b54cc0cc4015add600ce739fb2f) Importer(815301076,1909f56bfc062723c751e8b465ee728b)  -> (artifact id: 'b5222dd14f050e82f16f019f93671b2f') in 0.019762 seconds
  Import took 0.022014 seconds .

========================================================================
Received Import Request.
  Time since last request: 0.000229 seconds.
  path: Assets/_Barking_Dog/3D Free Modular Kit/_Meshes/Roof_Angle_01.FBX
  artifactKey: Guid(a335669a69f934699847642d88414623) Importer(815301076,1909f56bfc062723c751e8b465ee728b)
Start importing Assets/_Barking_Dog/3D Free Modular Kit/_Meshes/Roof_Angle_01.FBX using Guid(a335669a69f934699847642d88414623) Importer(815301076,1909f56bfc062723c751e8b465ee728b)  -> (artifact id: 'b871a7b686bd1c0fdff3dcf579cad48a') in 0.028021 seconds
  Import took 0.030597 seconds .

========================================================================
Received Import Request.
  Time since last request: 0.000175 seconds.
  path: Assets/_Barking_Dog/3D Free Modular Kit/_Meshes/Floor_01.FBX
  artifactKey: Guid(318fc5659f68549feb9d55d15a12de2a) Importer(815301076,1909f56bfc062723c751e8b465ee728b)
Start importing Assets/_Barking_Dog/3D Free Modular Kit/_Meshes/Floor_01.FBX using Guid(318fc5659f68549feb9d55d15a12de2a) Importer(815301076,1909f56bfc062723c751e8b465ee728b)  -> (artifact id: '652abf6d0c4ddb682eb897805e130c6c') in 0.019141 seconds
  Import took 0.021891 seconds .

========================================================================
Received Import Request.
  Time since last request: 0.000161 seconds.
  path: Assets/_Barking_Dog/3D Free Modular Kit/_Textures/Metal_01.tif
  artifactKey: Guid(1d3de45b986d240139bd085299915265) Importer(815301076,1909f56bfc062723c751e8b465ee728b)
Start importing Assets/_Barking_Dog/3D Free Modular Kit/_Textures/Metal_01.tif using Guid(1d3de45b986d240139bd085299915265) Importer(815301076,1909f56bfc062723c751e8b465ee728b)  -> (artifact id: '8fb7263d9069296da3e3dfad435fb905') in 0.020565 seconds
  Import took 0.022403 seconds .

========================================================================
Received Import Request.
  Time since last request: 0.000190 seconds.
  path: Assets/_Barking_Dog/3D Free Modular Kit/_Meshes/Fan_01.FBX
  artifactKey: Guid(64d2cd6749bca4f3892daf258e7c68a2) Importer(815301076,1909f56bfc062723c751e8b465ee728b)
Start importing Assets/_Barking_Dog/3D Free Modular Kit/_Meshes/Fan_01.FBX using Guid(64d2cd6749bca4f3892daf258e7c68a2) Importer(815301076,1909f56bfc062723c751e8b465ee728b)  -> (artifact id: '7dd1a511bd6cc448209afbec16857020') in 0.026698 seconds
  Import took 0.029236 seconds .

========================================================================
Received Import Request.
  Time since last request: 0.000156 seconds.
  path: Assets/_Barking_Dog/3D Free Modular Kit/_Meshes/Wall_HalfArc_90_03.FBX
  artifactKey: Guid(38b9333c840464ce789e1b0aff1b89ad) Importer(815301076,1909f56bfc062723c751e8b465ee728b)
Start importing Assets/_Barking_Dog/3D Free Modular Kit/_Meshes/Wall_HalfArc_90_03.FBX using Guid(38b9333c840464ce789e1b0aff1b89ad) Importer(815301076,1909f56bfc062723c751e8b465ee728b)  -> (artifact id: '64debaa970d88467f1f169d619bbd870') in 0.026359 seconds
  Import took 0.028748 seconds .

========================================================================
Received Import Request.
  Time since last request: 0.000160 seconds.
  path: Assets/_Barking_Dog/3D Free Modular Kit/_Meshes/Door_Arch_01.FBX
  artifactKey: Guid(ff2448abfdccb4826856bab7a63c6d68) Importer(815301076,1909f56bfc062723c751e8b465ee728b)
Start importing Assets/_Barking_Dog/3D Free Modular Kit/_Meshes/Door_Arch_01.FBX using Guid(ff2448abfdccb4826856bab7a63c6d68) Importer(815301076,1909f56bfc062723c751e8b465ee728b)  -> (artifact id: 'd6f930210c760c13d27cad583c2ed985') in 0.022971 seconds
  Import took 0.025233 seconds .

========================================================================
Received Import Request.
  Time since last request: 0.000156 seconds.
  path: Assets/_Barking_Dog/3D Free Modular Kit/_Meshes/Wall_Arc_90_01.FBX
  artifactKey: Guid(13aac7515de6a4dd4b3c7979f7dbe7a2) Importer(815301076,1909f56bfc062723c751e8b465ee728b)
Start importing Assets/_Barking_Dog/3D Free Modular Kit/_Meshes/Wall_Arc_90_01.FBX using Guid(13aac7515de6a4dd4b3c7979f7dbe7a2) Importer(815301076,1909f56bfc062723c751e8b465ee728b)  -> (artifact id: '2324f0041091312fce8c81711b5a4f2d') in 0.024795 seconds
  Import took 0.027019 seconds .

========================================================================
Received Import Request.
  Time since last request: 0.000180 seconds.
  path: Assets/_Barking_Dog/3D Free Modular Kit/_Meshes/Roof_01.FBX
  artifactKey: Guid(76e15ece664ee41ada45b8500a673f22) Importer(815301076,1909f56bfc062723c751e8b465ee728b)
Start importing Assets/_Barking_Dog/3D Free Modular Kit/_Meshes/Roof_01.FBX using Guid(76e15ece664ee41ada45b8500a673f22) Importer(815301076,1909f56bfc062723c751e8b465ee728b)  -> (artifact id: 'bfc8ca611160c5d669ea14d239483f99') in 0.021590 seconds
  Import took 0.023822 seconds .

========================================================================
Received Import Request.
  Time since last request: 0.000159 seconds.
  path: Assets/_Barking_Dog/3D Free Modular Kit/_Meshes/Roof_Angle_Smal_01.FBX
  artifactKey: Guid(2c0055bf80c5d48de99a4610f68413ac) Importer(815301076,1909f56bfc062723c751e8b465ee728b)
Start importing Assets/_Barking_Dog/3D Free Modular Kit/_Meshes/Roof_Angle_Smal_01.FBX using Guid(2c0055bf80c5d48de99a4610f68413ac) Importer(815301076,1909f56bfc062723c751e8b465ee728b)  -> (artifact id: 'c48d5208d7c3fb437044382ea4c108cc') in 0.020221 seconds
  Import took 0.022577 seconds .

========================================================================
Received Import Request.
  Time since last request: 0.000180 seconds.
  path: Assets/_Barking_Dog/3D Free Modular Kit/_Meshes/Wall_Simple_01.FBX
  artifactKey: Guid(8386fa60b76534bc0856f1d023537484) Importer(815301076,1909f56bfc062723c751e8b465ee728b)
Start importing Assets/_Barking_Dog/3D Free Modular Kit/_Meshes/Wall_Simple_01.FBX using Guid(8386fa60b76534bc0856f1d023537484) Importer(815301076,1909f56bfc062723c751e8b465ee728b)  -> (artifact id: '5239d6ed0f5a5cd875320e19893a8e5a') in 0.023102 seconds
  Import took 0.025551 seconds .

========================================================================
Received Import Request.
  Time since last request: 0.000153 seconds.
  path: Assets/_Barking_Dog/3D Free Modular Kit/_Meshes/Column_01_Top.FBX
  artifactKey: Guid(39b1bd6e779034598a04e38901990489) Importer(815301076,1909f56bfc062723c751e8b465ee728b)
Start importing Assets/_Barking_Dog/3D Free Modular Kit/_Meshes/Column_01_Top.FBX using Guid(39b1bd6e779034598a04e38901990489) Importer(815301076,1909f56bfc062723c751e8b465ee728b)  -> (artifact id: '8aa531838b95879c613476fbf6cc00eb') in 0.022319 seconds
  Import took 0.024640 seconds .

========================================================================
Received Import Request.
  Time since last request: 0.000160 seconds.
  path: Assets/_Barking_Dog/3D Free Modular Kit/_Textures/Neon.png
  artifactKey: Guid(b5c9448ddba954bc0afcc5c19cf42525) Importer(815301076,1909f56bfc062723c751e8b465ee728b)
Start importing Assets/_Barking_Dog/3D Free Modular Kit/_Textures/Neon.png using Guid(b5c9448ddba954bc0afcc5c19cf42525) Importer(815301076,1909f56bfc062723c751e8b465ee728b)  -> (artifact id: 'eaca494ea9c4db2f86614dd30936a6cd') in 0.007858 seconds
  Import took 0.009748 seconds .

========================================================================
Received Import Request.
  Time since last request: 0.000159 seconds.
  path: Assets/_Barking_Dog/3D Free Modular Kit/_Meshes/Roof_Angle_Large_01.FBX
  artifactKey: Guid(c7f0be1a7661a448388e936acefcd607) Importer(815301076,1909f56bfc062723c751e8b465ee728b)
Start importing Assets/_Barking_Dog/3D Free Modular Kit/_Meshes/Roof_Angle_Large_01.FBX using Guid(c7f0be1a7661a448388e936acefcd607) Importer(815301076,1909f56bfc062723c751e8b465ee728b)  -> (artifact id: '1a682c5eab8aac991f59bb1ee578acfe') in 0.025081 seconds
  Import took 0.027419 seconds .

========================================================================
Received Import Request.
  Time since last request: 0.000201 seconds.
  path: Assets/_Barking_Dog/3D Free Modular Kit/_Prefabs/Roof_01.prefab
  artifactKey: Guid(1a5e2f40365fe44ada271dd97ea7506f) Importer(815301076,1909f56bfc062723c751e8b465ee728b)
Start importing Assets/_Barking_Dog/3D Free Modular Kit/_Prefabs/Roof_01.prefab using Guid(1a5e2f40365fe44ada271dd97ea7506f) Importer(815301076,1909f56bfc062723c751e8b465ee728b)  -> (artifact id: 'b84539fac19514f0200dd47f685f83d9') in 0.016804 seconds
  Import took 0.019194 seconds .

========================================================================
Received Import Request.
  Time since last request: 0.000173 seconds.
  path: Assets/_Barking_Dog/3D Free Modular Kit/_Prefabs/Light_01.prefab
  artifactKey: Guid(530f5ce44fdac4197a29f5bec8818d85) Importer(815301076,1909f56bfc062723c751e8b465ee728b)
Start importing Assets/_Barking_Dog/3D Free Modular Kit/_Prefabs/Light_01.prefab using Guid(530f5ce44fdac4197a29f5bec8818d85) Importer(815301076,1909f56bfc062723c751e8b465ee728b)  -> (artifact id: '45124dfb8a1dfef33ffb15480ca31e67') in 0.021289 seconds
  Import took 0.023718 seconds .

========================================================================
Received Import Request.
  Time since last request: 0.000151 seconds.
  path: Assets/_Barking_Dog/3D Free Modular Kit/_Prefabs/Floor_01.prefab
  artifactKey: Guid(c76d2d3504ddb4847940a815cad04644) Importer(815301076,1909f56bfc062723c751e8b465ee728b)
Start importing Assets/_Barking_Dog/3D Free Modular Kit/_Prefabs/Floor_01.prefab using Guid(c76d2d3504ddb4847940a815cad04644) Importer(815301076,1909f56bfc062723c751e8b465ee728b)  -> (artifact id: '7ecbcc84d75ac153c314ae9683351d76') in 0.019624 seconds
  Import took 0.021925 seconds .

========================================================================
Received Import Request.
  Time since last request: 0.000152 seconds.
  path: Assets/_Barking_Dog/3D Free Modular Kit/_Prefabs/Roof_Angle_Smal_01.prefab
  artifactKey: Guid(d3cf9ea092c094147a2a98c2a7973a3e) Importer(815301076,1909f56bfc062723c751e8b465ee728b)
Start importing Assets/_Barking_Dog/3D Free Modular Kit/_Prefabs/Roof_Angle_Smal_01.prefab using Guid(d3cf9ea092c094147a2a98c2a7973a3e) Importer(815301076,1909f56bfc062723c751e8b465ee728b)  -> (artifact id: '12ec7f30796931f79b3e417254f5f791') in 0.020790 seconds
  Import took 0.023050 seconds .

========================================================================
Received Import Request.
  Time since last request: 0.000170 seconds.
  path: Assets/_Barking_Dog/3D Free Modular Kit/_Prefabs/Roof_02.prefab
  artifactKey: Guid(b9038ed84a1fe4aecb34086f7f42d1bf) Importer(815301076,1909f56bfc062723c751e8b465ee728b)
Start importing Assets/_Barking_Dog/3D Free Modular Kit/_Prefabs/Roof_02.prefab using Guid(b9038ed84a1fe4aecb34086f7f42d1bf) Importer(815301076,1909f56bfc062723c751e8b465ee728b)  -> (artifact id: '09ce05ff78f03aaf15100446ad0d32dc') in 0.019795 seconds
  Import took 0.022111 seconds .

========================================================================
Received Import Request.
  Time since last request: 0.000201 seconds.
  path: Assets/_Barking_Dog/3D Free Modular Kit/_Prefabs/Wall_HalfArc_90_03.prefab
  artifactKey: Guid(ff42754d1c37f4da7b050c07fe83d3af) Importer(815301076,1909f56bfc062723c751e8b465ee728b)
Start importing Assets/_Barking_Dog/3D Free Modular Kit/_Prefabs/Wall_HalfArc_90_03.prefab using Guid(ff42754d1c37f4da7b050c07fe83d3af) Importer(815301076,1909f56bfc062723c751e8b465ee728b)  -> (artifact id: 'b0621930874f82380444e1f492463e2c') in 0.018264 seconds
  Import took 0.020620 seconds .

========================================================================
Received Import Request.
  Time since last request: 0.000164 seconds.
  path: Assets/_Barking_Dog/3D Free Modular Kit/_Prefabs/Floor_Small_01.prefab
  artifactKey: Guid(1acd03bc537c24f3484ab4d6f07b9e02) Importer(815301076,1909f56bfc062723c751e8b465ee728b)
Start importing Assets/_Barking_Dog/3D Free Modular Kit/_Prefabs/Floor_Small_01.prefab using Guid(1acd03bc537c24f3484ab4d6f07b9e02) Importer(815301076,1909f56bfc062723c751e8b465ee728b)  -> (artifact id: 'ee1375327d414666482b0d4b2c4afc6b') in 0.017819 seconds
  Import took 0.020118 seconds .

========================================================================
Received Import Request.
  Time since last request: 0.000159 seconds.
  path: Assets/_Barking_Dog/3D Free Modular Kit/_Prefabs/Room_Big_Part_02.prefab
  artifactKey: Guid(56f887c8f9289447895ae8a07be226ec) Importer(815301076,1909f56bfc062723c751e8b465ee728b)
Start importing Assets/_Barking_Dog/3D Free Modular Kit/_Prefabs/Room_Big_Part_02.prefab using Guid(56f887c8f9289447895ae8a07be226ec) Importer(815301076,1909f56bfc062723c751e8b465ee728b)  -> (artifact id: 'af772b00127c284346fdb4031c00c9c7') in 0.021042 seconds
  Import took 0.023526 seconds .

========================================================================
Received Import Request.
  Time since last request: 0.000163 seconds.
  path: Assets/_Barking_Dog/3D Free Modular Kit/_Prefabs/Wall_Simple_01.prefab
  artifactKey: Guid(a4c18952442944083b1fddc06ba477c2) Importer(815301076,1909f56bfc062723c751e8b465ee728b)
Start importing Assets/_Barking_Dog/3D Free Modular Kit/_Prefabs/Wall_Simple_01.prefab using Guid(a4c18952442944083b1fddc06ba477c2) Importer(815301076,1909f56bfc062723c751e8b465ee728b)  -> (artifact id: '92ff4381debd93ed459b39211b3f1691') in 0.018981 seconds
  Import took 0.021527 seconds .

========================================================================
Received Import Request.
  Time since last request: 0.000163 seconds.
  path: Assets/_Barking_Dog/3D Free Modular Kit/_Prefabs/Room_Big_Part_03.prefab
  artifactKey: Guid(39b43e271567b4134a12f482c52c8a0f) Importer(815301076,1909f56bfc062723c751e8b465ee728b)
Start importing Assets/_Barking_Dog/3D Free Modular Kit/_Prefabs/Room_Big_Part_03.prefab using Guid(39b43e271567b4134a12f482c52c8a0f) Importer(815301076,1909f56bfc062723c751e8b465ee728b)  -> (artifact id: '9581b83ba1b49796b3793f5ccca81263') in 0.023205 seconds
  Import took 0.025690 seconds .

========================================================================
Received Import Request.
  Time since last request: 0.000156 seconds.
  path: Assets/_Barking_Dog/3D Free Modular Kit/_Prefabs/Roof_Door_01.prefab
  artifactKey: Guid(1e6809cccc6f04f01b0819da314e428b) Importer(815301076,1909f56bfc062723c751e8b465ee728b)
Start importing Assets/_Barking_Dog/3D Free Modular Kit/_Prefabs/Roof_Door_01.prefab using Guid(1e6809cccc6f04f01b0819da314e428b) Importer(815301076,1909f56bfc062723c751e8b465ee728b)  -> (artifact id: 'f1b4c382e489139ccb8e6c87f5a35476') in 0.017827 seconds
  Import took 0.020079 seconds .

========================================================================
Received Import Request.
  Time since last request: 0.000162 seconds.
  path: Assets/_Barking_Dog/3D Free Modular Kit/_Prefabs/Door_Arch_01.prefab
  artifactKey: Guid(0f9396310131e47e3979f1a7cb96c071) Importer(815301076,1909f56bfc062723c751e8b465ee728b)
Start importing Assets/_Barking_Dog/3D Free Modular Kit/_Prefabs/Door_Arch_01.prefab using Guid(0f9396310131e47e3979f1a7cb96c071) Importer(815301076,1909f56bfc062723c751e8b465ee728b)  -> (artifact id: 'a9d25af93410b064cdc5432ee2ea190a') in 0.019094 seconds
  Import took 0.021401 seconds .

========================================================================
Received Import Request.
  Time since last request: 0.000148 seconds.
  path: Assets/_Barking_Dog/3D Free Modular Kit/_Prefabs/Wall_Arc_90_01.prefab
  artifactKey: Guid(e4f34474191354a5688752acf8cf95fe) Importer(815301076,1909f56bfc062723c751e8b465ee728b)
Start importing Assets/_Barking_Dog/3D Free Modular Kit/_Prefabs/Wall_Arc_90_01.prefab using Guid(e4f34474191354a5688752acf8cf95fe) Importer(815301076,1909f56bfc062723c751e8b465ee728b)  -> (artifact id: 'a60ffb4438aa707cf1e1654f24cba66a') in 0.021445 seconds
  Import took 0.023972 seconds .

========================================================================
Received Import Request.
  Time since last request: 0.000151 seconds.
  path: Assets/_Barking_Dog/3D Free Modular Kit/_Prefabs/Wall_Arc_90_02.prefab
  artifactKey: Guid(13990f94448cc49c08e917134d8b0479) Importer(815301076,1909f56bfc062723c751e8b465ee728b)
Start importing Assets/_Barking_Dog/3D Free Modular Kit/_Prefabs/Wall_Arc_90_02.prefab using Guid(13990f94448cc49c08e917134d8b0479) Importer(815301076,1909f56bfc062723c751e8b465ee728b)  -> (artifact id: '1e6c483e0de69800eabb5dca6616f558') in 0.018277 seconds
  Import took 0.020827 seconds .

========================================================================
Received Import Request.
  Time since last request: 0.000148 seconds.
  path: Assets/_Barking_Dog/3D Free Modular Kit/_Prefabs/Column_01_Top.prefab
  artifactKey: Guid(3cd8d44393ff84c5b81c559e5a60c35c) Importer(815301076,1909f56bfc062723c751e8b465ee728b)
Start importing Assets/_Barking_Dog/3D Free Modular Kit/_Prefabs/Column_01_Top.prefab using Guid(3cd8d44393ff84c5b81c559e5a60c35c) Importer(815301076,1909f56bfc062723c751e8b465ee728b)  -> (artifact id: '50841d6529ec4596907d15699b54a466') in 0.017005 seconds
  Import took 0.019421 seconds .

========================================================================
Received Import Request.
  Time since last request: 0.000158 seconds.
  path: Assets/_Barking_Dog/3D Free Modular Kit/_Prefabs/Roof_Angle_01.prefab
  artifactKey: Guid(c27c7521daec24863af069554ea1fb47) Importer(815301076,1909f56bfc062723c751e8b465ee728b)
Start importing Assets/_Barking_Dog/3D Free Modular Kit/_Prefabs/Roof_Angle_01.prefab using Guid(c27c7521daec24863af069554ea1fb47) Importer(815301076,1909f56bfc062723c751e8b465ee728b)  -> (artifact id: '3e98cb2ecf12c1307204970485b922b5') in 0.017100 seconds
  Import took 0.019461 seconds .

========================================================================
Received Import Request.
  Time since last request: 0.000156 seconds.
  path: Assets/_Barking_Dog/3D Free Modular Kit/_Prefabs/Wall_HalfArc_90_02.prefab
  artifactKey: Guid(618681761d79b4f72b0746a3dcd4bff1) Importer(815301076,1909f56bfc062723c751e8b465ee728b)
Start importing Assets/_Barking_Dog/3D Free Modular Kit/_Prefabs/Wall_HalfArc_90_02.prefab using Guid(618681761d79b4f72b0746a3dcd4bff1) Importer(815301076,1909f56bfc062723c751e8b465ee728b)  -> (artifact id: '8d764622e8c3f009d1e9b62d5611dd77') in 0.020262 seconds
  Import took 0.022616 seconds .

========================================================================
Received Import Request.
  Time since last request: 0.000159 seconds.
  path: Assets/_Barking_Dog/3D Free Modular Kit/_Prefabs/Roof_Angle_Large_01.prefab
  artifactKey: Guid(4d57a31eab232457da9acbcc32af22cf) Importer(815301076,1909f56bfc062723c751e8b465ee728b)
Start importing Assets/_Barking_Dog/3D Free Modular Kit/_Prefabs/Roof_Angle_Large_01.prefab using Guid(4d57a31eab232457da9acbcc32af22cf) Importer(815301076,1909f56bfc062723c751e8b465ee728b)  -> (artifact id: '0574e35f0d2e8096c34ce1ec4eeba1c9') in 0.019566 seconds
  Import took 0.021894 seconds .

========================================================================
Received Import Request.
  Time since last request: 0.000154 seconds.
  path: Assets/_Barking_Dog/3D Free Modular Kit/_Prefabs/Room_Big_Part_01.prefab
  artifactKey: Guid(8db5b99e1590340a4a7166fa4c9f9cf2) Importer(815301076,1909f56bfc062723c751e8b465ee728b)
Start importing Assets/_Barking_Dog/3D Free Modular Kit/_Prefabs/Room_Big_Part_01.prefab using Guid(8db5b99e1590340a4a7166fa4c9f9cf2) Importer(815301076,1909f56bfc062723c751e8b465ee728b)  -> (artifact id: 'c968fa87027bb811b388682a53efe356') in 0.021569 seconds
  Import took 0.024565 seconds .

========================================================================
Received Import Request.
  Time since last request: 0.000156 seconds.
  path: Assets/_Barking_Dog/3D Free Modular Kit/Test_Map/LightingData.asset
  artifactKey: Guid(5ccf681a5a6a0d34ba50f7346e31858c) Importer(815301076,1909f56bfc062723c751e8b465ee728b)
Start importing Assets/_Barking_Dog/3D Free Modular Kit/Test_Map/LightingData.asset using Guid(5ccf681a5a6a0d34ba50f7346e31858c) Importer(815301076,1909f56bfc062723c751e8b465ee728b)  -> (artifact id: 'bc798ec3cdcc629587275e7259159c27') in 0.032798 seconds
  Import took 0.034908 seconds .

========================================================================
Received Import Request.
  Time since last request: 0.000219 seconds.
  path: Assets/_Barking_Dog/3D Free Modular Kit/_Prefabs/Door_Left_01.prefab
  artifactKey: Guid(088b5f04d52a542ec975e88d7d9934f5) Importer(815301076,1909f56bfc062723c751e8b465ee728b)
Start importing Assets/_Barking_Dog/3D Free Modular Kit/_Prefabs/Door_Left_01.prefab using Guid(088b5f04d52a542ec975e88d7d9934f5) Importer(815301076,1909f56bfc062723c751e8b465ee728b)  -> (artifact id: '6a9f75e6b6dd44312fa6b0b0ad6cd70f') in 0.019690 seconds
  Import took 0.021989 seconds .

========================================================================
Received Import Request.
  Time since last request: 0.000159 seconds.
  path: Assets/_Barking_Dog/3D Free Modular Kit/_Prefabs/Room_Big_Part_04.prefab
  artifactKey: Guid(338a3a19b542e4a5bae99feecf242132) Importer(815301076,1909f56bfc062723c751e8b465ee728b)
Start importing Assets/_Barking_Dog/3D Free Modular Kit/_Prefabs/Room_Big_Part_04.prefab using Guid(338a3a19b542e4a5bae99feecf242132) Importer(815301076,1909f56bfc062723c751e8b465ee728b)  -> (artifact id: 'ffd61fc190e7cb7982eb362669f430f3') in 0.021577 seconds
  Import took 0.024101 seconds .

========================================================================
Received Import Request.
  Time since last request: 0.000152 seconds.
  path: Assets/_Barking_Dog/3D Free Modular Kit/_Meshes/Light_01.FBX
  artifactKey: Guid(45d2e8119c39748209c49281be62d9a7) Importer(815301076,1909f56bfc062723c751e8b465ee728b)
Start importing Assets/_Barking_Dog/3D Free Modular Kit/_Meshes/Light_01.FBX using Guid(45d2e8119c39748209c49281be62d9a7) Importer(815301076,1909f56bfc062723c751e8b465ee728b)  -> (artifact id: '133abf300510f45046f9fe5649317f64') in 0.022498 seconds
  Import took 0.024761 seconds .

========================================================================
Received Import Request.
  Time since last request: 0.000146 seconds.
  path: Assets/_Barking_Dog/3D Free Modular Kit/_Meshes/Wall_HalfArc_90_02.FBX
  artifactKey: Guid(fcd3445ec3ee04cb285c72daf3ae46ec) Importer(815301076,1909f56bfc062723c751e8b465ee728b)
Start importing Assets/_Barking_Dog/3D Free Modular Kit/_Meshes/Wall_HalfArc_90_02.FBX using Guid(fcd3445ec3ee04cb285c72daf3ae46ec) Importer(815301076,1909f56bfc062723c751e8b465ee728b)  -> (artifact id: '2750411342f2ba5ac5292e07e6929de1') in 0.019079 seconds
  Import took 0.021363 seconds .

========================================================================
Received Import Request.
  Time since last request: 0.000171 seconds.
  path: Assets/_Barking_Dog/3D Free Modular Kit/_Prefabs/Fan_01.prefab
  artifactKey: Guid(45b9a5b6a96ed4d0699b4faff594d8c4) Importer(815301076,1909f56bfc062723c751e8b465ee728b)
Start importing Assets/_Barking_Dog/3D Free Modular Kit/_Prefabs/Fan_01.prefab using Guid(45b9a5b6a96ed4d0699b4faff594d8c4) Importer(815301076,1909f56bfc062723c751e8b465ee728b)  -> (artifact id: 'fedc6cf481021e97b17a2ab7fef9468f') in 0.020085 seconds
  Import took 0.022453 seconds .

========================================================================
Received Import Request.
  Time since last request: 0.000154 seconds.
  path: Assets/_Barking_Dog/3D Free Modular Kit/_Meshes/Door_Left_01.FBX
  artifactKey: Guid(7fe4a827493384beea453a7d680fa266) Importer(815301076,1909f56bfc062723c751e8b465ee728b)
Start importing Assets/_Barking_Dog/3D Free Modular Kit/_Meshes/Door_Left_01.FBX using Guid(7fe4a827493384beea453a7d680fa266) Importer(815301076,1909f56bfc062723c751e8b465ee728b)  -> (artifact id: '817c32c53c3fc43a2ddc73316a1c53d2') in 0.024129 seconds
  Import took 0.026375 seconds .

========================================================================
Received Import Request.
  Time since last request: 0.000151 seconds.
  path: Assets/_Barking_Dog/3D Free Modular Kit/_Textures/Diffuse_01.png
  artifactKey: Guid(b2c54144d5fbb4a14b95d5e2ec07dbf7) Importer(815301076,1909f56bfc062723c751e8b465ee728b)
Start importing Assets/_Barking_Dog/3D Free Modular Kit/_Textures/Diffuse_01.png using Guid(b2c54144d5fbb4a14b95d5e2ec07dbf7) Importer(815301076,1909f56bfc062723c751e8b465ee728b)  -> (artifact id: '9f6e896d2396ad341a09cc317db702e0') in 0.009195 seconds
  Import took 0.011050 seconds .

========================================================================
Received Import Request.
  Time since last request: 0.000189 seconds.
  path: Assets/_Barking_Dog/3D Free Modular Kit/_Textures/Ambient_01.png
  artifactKey: Guid(0155e7c553ce645b9a03c0441f234ed4) Importer(815301076,1909f56bfc062723c751e8b465ee728b)
Start importing Assets/_Barking_Dog/3D Free Modular Kit/_Textures/Ambient_01.png using Guid(0155e7c553ce645b9a03c0441f234ed4) Importer(815301076,1909f56bfc062723c751e8b465ee728b)  -> (artifact id: 'ee9a76e9c73174e23b384992ce4179fa') in 0.009609 seconds
  Import took 0.011691 seconds .

========================================================================
Received Import Request.
  Time since last request: 5.928413 seconds.
  path: Assets/_Barking_Dog/3D Free Modular Kit/Test_Map
  artifactKey: Guid(8cbdae5869318ab4ca4b26a1384441ee) Importer(815301076,1909f56bfc062723c751e8b465ee728b)
Start importing Assets/_Barking_Dog/3D Free Modular Kit/Test_Map using Guid(8cbdae5869318ab4ca4b26a1384441ee) Importer(815301076,1909f56bfc062723c751e8b465ee728b)  -> (artifact id: 'b75aaef1d65fc0847f1c7b02565456a0') in 0.005212 seconds
  Import took 0.007162 seconds .

========================================================================
Received Import Request.
  Time since last request: 0.008865 seconds.
  path: Assets/_Barking_Dog/3D Free Modular Kit/Test_Map
  artifactKey: Guid(8cbdae5869318ab4ca4b26a1384441ee) Importer(815301076,1909f56bfc062723c751e8b465ee728b)
Start importing Assets/_Barking_Dog/3D Free Modular Kit/Test_Map using Guid(8cbdae5869318ab4ca4b26a1384441ee) Importer(815301076,1909f56bfc062723c751e8b465ee728b)  -> (artifact id: 'b75aaef1d65fc0847f1c7b02565456a0') in 0.002402 seconds
  Import took 0.004935 seconds .

========================================================================
Received Import Request.
  Time since last request: 49.792124 seconds.
  path: Assets/New Folder
  artifactKey: Guid(19d0d25223fec2c498b932b6ab12da9e) Importer(815301076,1909f56bfc062723c751e8b465ee728b)
Start importing Assets/New Folder using Guid(19d0d25223fec2c498b932b6ab12da9e) Importer(815301076,1909f56bfc062723c751e8b465ee728b)  -> (artifact id: 'fdcb49dedda6e9428caac334088a333b') in 0.005610 seconds
  Import took 0.008766 seconds .

========================================================================
Received Import Request.
  Time since last request: 21.373585 seconds.
  path: Assets/laboratoryMap
  artifactKey: Guid(19d0d25223fec2c498b932b6ab12da9e) Importer(815301076,1909f56bfc062723c751e8b465ee728b)
Start importing Assets/laboratoryMap using Guid(19d0d25223fec2c498b932b6ab12da9e) Importer(815301076,1909f56bfc062723c751e8b465ee728b)  -> (artifact id: '2a48af0a49dada42cca9aa518d51b474') in 0.005652 seconds
  Import took 0.007791 seconds .

========================================================================
Received Import Request.
  Time since last request: 25.785752 seconds.
  path: Assets/LaboratoryMap
  artifactKey: Guid(19d0d25223fec2c498b932b6ab12da9e) Importer(815301076,1909f56bfc062723c751e8b465ee728b)
Start importing Assets/LaboratoryMap using Guid(19d0d25223fec2c498b932b6ab12da9e) Importer(815301076,1909f56bfc062723c751e8b465ee728b)  -> (artifact id: 'f00c05093d80432c582aba13c7ea838e') in 0.005621 seconds
  Import took 0.007664 seconds .

========================================================================
Received Import Request.
  Time since last request: 5.759460 seconds.
  path: Assets/LaboratoryMap/Test_Map.unity
  artifactKey: Guid(7b533dfe561bc47c8975c955fe4ef3d3) Importer(815301076,1909f56bfc062723c751e8b465ee728b)
Start importing Assets/LaboratoryMap/Test_Map.unity using Guid(7b533dfe561bc47c8975c955fe4ef3d3) Importer(815301076,1909f56bfc062723c751e8b465ee728b)  -> (artifact id: '1a8011128a7d260d0917c5f307fc63bd') in 0.006014 seconds
  Import took 0.008006 seconds .

========================================================================
Received Import Request.
  Time since last request: 24.364600 seconds.
  path: Assets/LaboratoryMap/MainScene.unity
  artifactKey: Guid(7b533dfe561bc47c8975c955fe4ef3d3) Importer(815301076,1909f56bfc062723c751e8b465ee728b)
Start importing Assets/LaboratoryMap/MainScene.unity using Guid(7b533dfe561bc47c8975c955fe4ef3d3) Importer(815301076,1909f56bfc062723c751e8b465ee728b)  -> (artifact id: '5f331aa27811559aea20d842133788c0') in 0.006097 seconds
  Import took 0.008610 seconds .

========================================================================
Received Import Request.
  Time since last request: 5.070199 seconds.
  path: Assets/rig.cs
  artifactKey: Guid(0ba127e4b3aa6454fb07ec4c96895ad3) Importer(815301076,1909f56bfc062723c751e8b465ee728b)
Start importing Assets/rig.cs using Guid(0ba127e4b3aa6454fb07ec4c96895ad3) Importer(815301076,1909f56bfc062723c751e8b465ee728b)  -> (artifact id: 'd09e46d83670f56c3a130fb3bcd49d3c') in 0.015385 seconds
  Import took 0.017306 seconds .

========================================================================
Received Prepare
Registering precompiled user dll's ...
Registered in 0.003514 seconds.
Begin MonoManager ReloadAssembly
Native extension for WindowsStandalone target not found
Native extension for WebGL target not found
Refreshing native plugins compatible for Editor in 0.27 ms, found 2 plugins.
Preloading 0 native plugins for Editor in 0.00 ms.
Mono: successfully reloaded assembly
- Completed reload, in  0.755 seconds
Platform modules already initialized, skipping
Refreshing native plugins compatible for Editor in 0.40 ms, found 2 plugins.
Preloading 0 native plugins for Editor in 0.00 ms.
Unloading 1385 Unused Serialized files (Serialized files now loaded: 0)
System memory in use before: 68.7 MB.
System memory in use after: 68.8 MB.

Unloading 14 unused Assets to reduce memory usage. Loaded Objects now: 1844.
Total: 1.691400 ms (FindLiveObjects: 0.152200 ms CreateObjectMapping: 0.048600 ms MarkObjects: 1.474100 ms  DeleteObjects: 0.014700 ms)

========================================================================
Received Import Request.
  Time since last request: 9.627874 seconds.
  path: Assets/EntranceSpotLightScr.cs
  artifactKey: Guid(75d9323cd0ea8274bab5ec13838816a6) Importer(815301076,1909f56bfc062723c751e8b465ee728b)
Start importing Assets/EntranceSpotLightScr.cs using Guid(75d9323cd0ea8274bab5ec13838816a6) Importer(815301076,1909f56bfc062723c751e8b465ee728b)  -> (artifact id: 'fa35b1bf0f034acd12fe146fa7545f3c') in 0.007253 seconds
  Import took 0.009212 seconds .

========================================================================
Received Import Request.
  Time since last request: 5.039540 seconds.
  path: Assets
  artifactKey: Guid(00000000000000001000000000000000) Importer(815301076,1909f56bfc062723c751e8b465ee728b)
Start importing Assets using Guid(00000000000000001000000000000000) Importer(815301076,1909f56bfc062723c751e8b465ee728b)  -> (artifact id: '5f6a1853b736837ecfb0820a881449cb') in 0.005946 seconds
  Import took 0.007841 seconds .

========================================================================
Received Import Request.
  Time since last request: 10.545191 seconds.
  path: Assets/Scripts
  artifactKey: Guid(2517cc39c743ebf4f8048d5c0c3121ad) Importer(815301076,1909f56bfc062723c751e8b465ee728b)
Start importing Assets/Scripts using Guid(2517cc39c743ebf4f8048d5c0c3121ad) Importer(815301076,1909f56bfc062723c751e8b465ee728b)  -> (artifact id: 'abe4648ffe277a9425b4a1c6f373e90d') in 0.005783 seconds
  Import took 0.007715 seconds .

========================================================================
Received Import Request.
  Time since last request: 3.224699 seconds.
  path: Assets/CameraCtrl.cs
  artifactKey: Guid(3f9982e42300fd546ac11f69d61c29df) Importer(815301076,1909f56bfc062723c751e8b465ee728b)
Start importing Assets/CameraCtrl.cs using Guid(3f9982e42300fd546ac11f69d61c29df) Importer(815301076,1909f56bfc062723c751e8b465ee728b)  -> (artifact id: 'd3d2ca949e3d30438ac96a5fa80bab1b') in 0.005512 seconds
  Import took 0.007465 seconds .

========================================================================
Received Import Request.
  Time since last request: 1.069789 seconds.
  path: Assets/CameraCtrl.cs
  artifactKey: Guid(3f9982e42300fd546ac11f69d61c29df) Importer(815301076,1909f56bfc062723c751e8b465ee728b)
Start importing Assets/CameraCtrl.cs using Guid(3f9982e42300fd546ac11f69d61c29df) Importer(815301076,1909f56bfc062723c751e8b465ee728b)  -> (artifact id: 'd3d2ca949e3d30438ac96a5fa80bab1b') in 0.002194 seconds
  Import took 0.004069 seconds .

========================================================================
Received Import Request.
  Time since last request: 1.731050 seconds.
  path: Assets/PlayerCtrl.cs
  artifactKey: Guid(47e7cdcb9acd9ba4bb05a28d032491f5) Importer(815301076,1909f56bfc062723c751e8b465ee728b)
Start importing Assets/PlayerCtrl.cs using Guid(47e7cdcb9acd9ba4bb05a28d032491f5) Importer(815301076,1909f56bfc062723c751e8b465ee728b)  -> (artifact id: 'ad0e869d8a35a7c141bf9bfd20abd514') in 0.005648 seconds
  Import took 0.007624 seconds .

========================================================================
Received Import Request.
  Time since last request: 0.000770 seconds.
  path: Assets/PlayerCtrl.cs
  artifactKey: Guid(47e7cdcb9acd9ba4bb05a28d032491f5) Importer(815301076,1909f56bfc062723c751e8b465ee728b)
Start importing Assets/PlayerCtrl.cs using Guid(47e7cdcb9acd9ba4bb05a28d032491f5) Importer(815301076,1909f56bfc062723c751e8b465ee728b)  -> (artifact id: 'ad0e869d8a35a7c141bf9bfd20abd514') in 0.002334 seconds
  Import took 0.004192 seconds .

========================================================================
Received Prepare
Registering precompiled user dll's ...
Registered in 0.003596 seconds.
Begin MonoManager ReloadAssembly
Native extension for WindowsStandalone target not found
Native extension for WebGL target not found
Refreshing native plugins compatible for Editor in 0.28 ms, found 2 plugins.
Preloading 0 native plugins for Editor in 0.00 ms.
Mono: successfully reloaded assembly
- Completed reload, in  0.759 seconds
Platform modules already initialized, skipping
Refreshing native plugins compatible for Editor in 0.28 ms, found 2 plugins.
Preloading 0 native plugins for Editor in 0.00 ms.
Unloading 1384 Unused Serialized files (Serialized files now loaded: 0)
System memory in use before: 68.7 MB.
System memory in use after: 68.8 MB.

Unloading 14 unused Assets to reduce memory usage. Loaded Objects now: 1846.
Total: 1.735100 ms (FindLiveObjects: 0.171700 ms CreateObjectMapping: 0.046700 ms MarkObjects: 1.501600 ms  DeleteObjects: 0.014500 ms)

========================================================================
Received Prepare
Registering precompiled user dll's ...
Registered in 0.003485 seconds.
Begin MonoManager ReloadAssembly
Native extension for WindowsStandalone target not found
Native extension for WebGL target not found
Refreshing native plugins compatible for Editor in 0.27 ms, found 2 plugins.
Preloading 0 native plugins for Editor in 0.00 ms.
Mono: successfully reloaded assembly
- Completed reload, in  0.747 seconds
Platform modules already initialized, skipping
Refreshing native plugins compatible for Editor in 0.28 ms, found 2 plugins.
Preloading 0 native plugins for Editor in 0.00 ms.
Unloading 1384 Unused Serialized files (Serialized files now loaded: 0)
System memory in use before: 68.7 MB.
System memory in use after: 68.8 MB.

Unloading 13 unused Assets to reduce memory usage. Loaded Objects now: 1849.
Total: 1.663700 ms (FindLiveObjects: 0.181200 ms CreateObjectMapping: 0.051900 ms MarkObjects: 1.416100 ms  DeleteObjects: 0.013600 ms)

========================================================================
Received Prepare
Registering precompiled user dll's ...
Registered in 0.003778 seconds.
Begin MonoManager ReloadAssembly
Native extension for WindowsStandalone target not found
Native extension for WebGL target not found
Refreshing native plugins compatible for Editor in 0.30 ms, found 2 plugins.
Preloading 0 native plugins for Editor in 0.00 ms.
Mono: successfully reloaded assembly
- Completed reload, in  0.749 seconds
Platform modules already initialized, skipping
Refreshing native plugins compatible for Editor in 0.28 ms, found 2 plugins.
Preloading 0 native plugins for Editor in 0.00 ms.
Unloading 1383 Unused Serialized files (Serialized files now loaded: 0)
System memory in use before: 68.7 MB.
System memory in use after: 68.8 MB.

Unloading 14 unused Assets to reduce memory usage. Loaded Objects now: 1851.
Total: 1.726500 ms (FindLiveObjects: 0.160700 ms CreateObjectMapping: 0.048800 ms MarkObjects: 1.500400 ms  DeleteObjects: 0.015600 ms)

========================================================================
Received Import Request.
  Time since last request: 61.076956 seconds.
  path: Assets/Table and chair
  artifactKey: Guid(02a5db18dc834e8439f8ff29a2eb659b) Importer(815301076,1909f56bfc062723c751e8b465ee728b)
Start importing Assets/Table and chair using Guid(02a5db18dc834e8439f8ff29a2eb659b) Importer(815301076,1909f56bfc062723c751e8b465ee728b)  -> (artifact id: '4225584b02f908bfb9fc85b1a658bbbd') in 0.006829 seconds
  Import took 0.009058 seconds .

========================================================================
Received Import Request.
  Time since last request: 0.002825 seconds.
  path: Assets/Table and chair
  artifactKey: Guid(02a5db18dc834e8439f8ff29a2eb659b) Importer(815301076,1909f56bfc062723c751e8b465ee728b)
Start importing Assets/Table and chair using Guid(02a5db18dc834e8439f8ff29a2eb659b) Importer(815301076,1909f56bfc062723c751e8b465ee728b)  -> (artifact id: '4225584b02f908bfb9fc85b1a658bbbd') in 0.002052 seconds
  Import took 0.004018 seconds .

========================================================================
Received Import Request.
  Time since last request: 26.908784 seconds.
  path: Assets/_Barking_Dog
  artifactKey: Guid(a028399e5c882d94c9fd7d172ddca3ed) Importer(815301076,1909f56bfc062723c751e8b465ee728b)
Start importing Assets/_Barking_Dog using Guid(a028399e5c882d94c9fd7d172ddca3ed) Importer(815301076,1909f56bfc062723c751e8b465ee728b)  -> (artifact id: '7cedff382b805b25ce08241f32a80d40') in 0.005774 seconds
  Import took 0.007716 seconds .

========================================================================
Received Import Request.
  Time since last request: 55.966533 seconds.
  path: Assets/SciFi_Battery_Pack_free/Prefabs/Battery_medium_05.prefab
  artifactKey: Guid(00535fc2ee77d314e8bb9ff3e1f754a3) Importer(815301076,1909f56bfc062723c751e8b465ee728b)
Start importing Assets/SciFi_Battery_Pack_free/Prefabs/Battery_medium_05.prefab using Guid(00535fc2ee77d314e8bb9ff3e1f754a3) Importer(815301076,1909f56bfc062723c751e8b465ee728b)  -> (artifact id: 'c1878b9026f48d8401b4efd8ec000bbd') in 0.046889 seconds
  Import took 0.048995 seconds .

========================================================================
Received Import Request.
  Time since last request: 0.000248 seconds.
  path: Assets/SciFi_Battery_Pack_free/Prefabs/Battery_small_06.prefab
  artifactKey: Guid(fdf643b7e57fb9f498ade64169c21613) Importer(815301076,1909f56bfc062723c751e8b465ee728b)
Start importing Assets/SciFi_Battery_Pack_free/Prefabs/Battery_small_06.prefab using Guid(fdf643b7e57fb9f498ade64169c21613) Importer(815301076,1909f56bfc062723c751e8b465ee728b)  -> (artifact id: 'b88f9e9823a7c8c1e6ca4c530ecccd2b') in 0.020785 seconds
  Import took 0.022721 seconds .

========================================================================
Received Import Request.
  Time since last request: 0.000161 seconds.
  path: Assets/SciFi_Battery_Pack_free/Prefabs/damaged_Battery_small_06.prefab
  artifactKey: Guid(e8c721df9dfa30a48bdb36f19c81b90f) Importer(815301076,1909f56bfc062723c751e8b465ee728b)
Start importing Assets/SciFi_Battery_Pack_free/Prefabs/damaged_Battery_small_06.prefab using Guid(e8c721df9dfa30a48bdb36f19c81b90f) Importer(815301076,1909f56bfc062723c751e8b465ee728b)  -> (artifact id: '7faa6f8f27eeaff6358a3c96804b95f8') in 0.020548 seconds
  Import took 0.022519 seconds .

========================================================================
Received Import Request.
  Time since last request: 0.000175 seconds.
  path: Assets/Energy/Type 1/EnergyCell_1/Prefabs/EnergyCell_1_1.prefab
  artifactKey: Guid(305be5e0fdd8efe4ba012079676d5c7c) Importer(815301076,1909f56bfc062723c751e8b465ee728b)
Start importing Assets/Energy/Type 1/EnergyCell_1/Prefabs/EnergyCell_1_1.prefab using Guid(305be5e0fdd8efe4ba012079676d5c7c) Importer(815301076,1909f56bfc062723c751e8b465ee728b)  -> (artifact id: 'b0c5e00a42da74c79adb808bf023f54d') in 0.024347 seconds
  Import took 0.027023 seconds .

========================================================================
Received Import Request.
  Time since last request: 0.000194 seconds.
  path: Assets/FreeLabAssets/Prefabs/Flask_06.prefab
  artifactKey: Guid(ba04b8d03f30146f58b58231278be18f) Importer(815301076,1909f56bfc062723c751e8b465ee728b)
Start importing Assets/FreeLabAssets/Prefabs/Flask_06.prefab using Guid(ba04b8d03f30146f58b58231278be18f) Importer(815301076,1909f56bfc062723c751e8b465ee728b)  -> (artifact id: '3a96f1772c6b6493f1cc8cc40ea7e227') in 0.084463 seconds
  Import took 0.086379 seconds .

========================================================================
Received Import Request.
  Time since last request: 0.000239 seconds.
  path: Assets/FreeLabAssets/Prefabs/Flask_04.prefab
  artifactKey: Guid(2c6cc31bf35264ce197c644db6a7b6a0) Importer(815301076,1909f56bfc062723c751e8b465ee728b)
Start importing Assets/FreeLabAssets/Prefabs/Flask_04.prefab using Guid(2c6cc31bf35264ce197c644db6a7b6a0) Importer(815301076,1909f56bfc062723c751e8b465ee728b)  -> (artifact id: '2d85abd9b212f2d440649508f4e827f6') in 0.011370 seconds
  Import took 0.013354 seconds .

========================================================================
Received Import Request.
  Time since last request: 0.000167 seconds.
  path: Assets/FreeLabAssets/Prefabs/Pipette_Multy.prefab
  artifactKey: Guid(08521dc67da0f464d8e02468d5dfa443) Importer(815301076,1909f56bfc062723c751e8b465ee728b)
Start importing Assets/FreeLabAssets/Prefabs/Pipette_Multy.prefab using Guid(08521dc67da0f464d8e02468d5dfa443) Importer(815301076,1909f56bfc062723c751e8b465ee728b)  -> (artifact id: 'cbdb95904d76d83245bf135b772b0d6d') in 0.014447 seconds
  Import took 0.016429 seconds .

========================================================================
Received Import Request.
  Time since last request: 0.000260 seconds.
  path: Assets/SciFi_Battery_Pack_free/Prefabs/Crate01.prefab
  artifactKey: Guid(7f14939db768c9f41a86e14e5cb27273) Importer(815301076,1909f56bfc062723c751e8b465ee728b)
Start importing Assets/SciFi_Battery_Pack_free/Prefabs/Crate01.prefab using Guid(7f14939db768c9f41a86e14e5cb27273) Importer(815301076,1909f56bfc062723c751e8b465ee728b)  -> (artifact id: '081466842c0bbfd6abd463d3cbf209af') in 0.011409 seconds
  Import took 0.013305 seconds .

========================================================================
Received Import Request.
  Time since last request: 0.000244 seconds.
  path: Assets/FreeLabAssets/Prefabs/Pipette.prefab
  artifactKey: Guid(a8c0ffcd92f66401780885a74ce3a767) Importer(815301076,1909f56bfc062723c751e8b465ee728b)
Start importing Assets/FreeLabAssets/Prefabs/Pipette.prefab using Guid(a8c0ffcd92f66401780885a74ce3a767) Importer(815301076,1909f56bfc062723c751e8b465ee728b)  -> (artifact id: '79636066d97c1ec9aea75dd496b53ba2') in 0.014535 seconds
  Import took 0.016464 seconds .

========================================================================
Received Import Request.
  Time since last request: 0.000268 seconds.
  path: Assets/FreeLabAssets/Prefabs/Flask_03.prefab
  artifactKey: Guid(63bc87997658c4bcc8bc204d70a7ffd1) Importer(815301076,1909f56bfc062723c751e8b465ee728b)
Start importing Assets/FreeLabAssets/Prefabs/Flask_03.prefab using Guid(63bc87997658c4bcc8bc204d70a7ffd1) Importer(815301076,1909f56bfc062723c751e8b465ee728b)  -> (artifact id: 'fd4b570138ecbc56bcc08905529b1d27') in 0.011537 seconds
  Import took 0.013442 seconds .

========================================================================
Received Import Request.
  Time since last request: 0.000280 seconds.
  path: Assets/FreeLabAssets/Prefabs/Flask_01.prefab
  artifactKey: Guid(2673d10920a9a4e1e8ea3928e8e90043) Importer(815301076,1909f56bfc062723c751e8b465ee728b)
Start importing Assets/FreeLabAssets/Prefabs/Flask_01.prefab using Guid(2673d10920a9a4e1e8ea3928e8e90043) Importer(815301076,1909f56bfc062723c751e8b465ee728b)  -> (artifact id: 'd3963629b30eeee353618d19475ea8c6') in 0.011389 seconds
  Import took 0.013322 seconds .

========================================================================
Received Import Request.
  Time since last request: 0.000260 seconds.
  path: Assets/SciFi_Battery_Pack_free/Prefabs/damaged_Battery_medium_05.prefab
  artifactKey: Guid(bbf15e28c066b2a49b0c74d051dc72d8) Importer(815301076,1909f56bfc062723c751e8b465ee728b)
Start importing Assets/SciFi_Battery_Pack_free/Prefabs/damaged_Battery_medium_05.prefab using Guid(bbf15e28c066b2a49b0c74d051dc72d8) Importer(815301076,1909f56bfc062723c751e8b465ee728b)  -> (artifact id: '596f32a162c294f8ee685adf6098715e') in 0.011671 seconds
  Import took 0.013567 seconds .

========================================================================
Received Import Request.
  Time since last request: 0.000264 seconds.
  path: Assets/Energy/Type 2/EnergyCell_2/Prefabs/EnergyCell_2_1.prefab
  artifactKey: Guid(9b8eb3977e316df4a844588b024c4e67) Importer(815301076,1909f56bfc062723c751e8b465ee728b)
Start importing Assets/Energy/Type 2/EnergyCell_2/Prefabs/EnergyCell_2_1.prefab using Guid(9b8eb3977e316df4a844588b024c4e67) Importer(815301076,1909f56bfc062723c751e8b465ee728b)  -> (artifact id: '28ae5eda5bd7eed504f97e4064c27daa') in 0.084155 seconds
  Import took 0.086825 seconds .

========================================================================
Received Import Request.
  Time since last request: 0.000219 seconds.
  path: Assets/FreeLabAssets/Prefabs/Flask_05.prefab
  artifactKey: Guid(9d79a38f83fd64d7890b96cd421bf2a8) Importer(815301076,1909f56bfc062723c751e8b465ee728b)
Start importing Assets/FreeLabAssets/Prefabs/Flask_05.prefab using Guid(9d79a38f83fd64d7890b96cd421bf2a8) Importer(815301076,1909f56bfc062723c751e8b465ee728b)  -> (artifact id: 'd2b5540457b4de8d8745d7f1d3fb37b8') in 0.011567 seconds
  Import took 0.013432 seconds .

========================================================================
Received Import Request.
  Time since last request: 0.000193 seconds.
  path: Assets/FreeLabAssets/Prefabs/Flask_02.prefab
  artifactKey: Guid(f5ce0121a3a3c496f800967d31cc8950) Importer(815301076,1909f56bfc062723c751e8b465ee728b)
Start importing Assets/FreeLabAssets/Prefabs/Flask_02.prefab using Guid(f5ce0121a3a3c496f800967d31cc8950) Importer(815301076,1909f56bfc062723c751e8b465ee728b)  -> (artifact id: '70f05de4ef140d4c7f809222ca8295f9') in 0.017381 seconds
  Import took 0.019284 seconds .

========================================================================
Received Import Request.
  Time since last request: 0.000186 seconds.
  path: Assets/SciFi_Battery_Pack_free/Prefabs/damaged_Crate01.prefab
  artifactKey: Guid(3dfeff51216a50346b1899f200fc0227) Importer(815301076,1909f56bfc062723c751e8b465ee728b)
Start importing Assets/SciFi_Battery_Pack_free/Prefabs/damaged_Crate01.prefab using Guid(3dfeff51216a50346b1899f200fc0227) Importer(815301076,1909f56bfc062723c751e8b465ee728b)  -> (artifact id: '8da53e4583b93808da3922163bbda3f6') in 0.011644 seconds
  Import took 0.013545 seconds .

========================================================================
Received Import Request.
  Time since last request: 168.540403 seconds.
  path: Assets/MemoScr.cs
  artifactKey: Guid(0d0a000dbfd2ebc43bbdc917d846b692) Importer(815301076,1909f56bfc062723c751e8b465ee728b)
Start importing Assets/MemoScr.cs using Guid(0d0a000dbfd2ebc43bbdc917d846b692) Importer(815301076,1909f56bfc062723c751e8b465ee728b)  -> (artifact id: '1675ade299d9b5a4350776d74091757e') in 0.005590 seconds
  Import took 0.007896 seconds .

========================================================================
Received Prepare
Registering precompiled user dll's ...
Registered in 0.003521 seconds.
Begin MonoManager ReloadAssembly
Native extension for WindowsStandalone target not found
Native extension for WebGL target not found
Refreshing native plugins compatible for Editor in 0.28 ms, found 2 plugins.
Preloading 0 native plugins for Editor in 0.00 ms.
Mono: successfully reloaded assembly
- Completed reload, in  0.761 seconds
Platform modules already initialized, skipping
Refreshing native plugins compatible for Editor in 0.27 ms, found 2 plugins.
Preloading 0 native plugins for Editor in 0.00 ms.
Unloading 1384 Unused Serialized files (Serialized files now loaded: 0)
System memory in use before: 68.8 MB.
System memory in use after: 68.9 MB.

Unloading 13 unused Assets to reduce memory usage. Loaded Objects now: 1856.
Total: 1.716400 ms (FindLiveObjects: 0.137000 ms CreateObjectMapping: 0.042900 ms MarkObjects: 1.522600 ms  DeleteObjects: 0.013300 ms)

========================================================================
Received Import Request.
  Time since last request: 40.903441 seconds.
  path: Assets/Assets_
  artifactKey: Guid(35385121209b17043bbbab0a6679513b) Importer(815301076,1909f56bfc062723c751e8b465ee728b)
Start importing Assets/Assets_ using Guid(35385121209b17043bbbab0a6679513b) Importer(815301076,1909f56bfc062723c751e8b465ee728b)  -> (artifact id: '14632e383d3dd67d3b042b37f399a8e6') in 0.007511 seconds
  Import took 0.009491 seconds .

========================================================================
Received Import Request.
  Time since last request: 0.022016 seconds.
  path: Assets/Assets_
  artifactKey: Guid(35385121209b17043bbbab0a6679513b) Importer(815301076,1909f56bfc062723c751e8b465ee728b)
Start importing Assets/Assets_ using Guid(35385121209b17043bbbab0a6679513b) Importer(815301076,1909f56bfc062723c751e8b465ee728b)  -> (artifact id: '14632e383d3dd67d3b042b37f399a8e6') in 0.002278 seconds
  Import took 0.004479 seconds .

========================================================================
Received Prepare
Registering precompiled user dll's ...
Registered in 0.003723 seconds.
Begin MonoManager ReloadAssembly
Native extension for WindowsStandalone target not found
Native extension for WebGL target not found
Refreshing native plugins compatible for Editor in 0.29 ms, found 2 plugins.
Preloading 0 native plugins for Editor in 0.00 ms.
Mono: successfully reloaded assembly
- Completed reload, in  0.748 seconds
Platform modules already initialized, skipping
Refreshing native plugins compatible for Editor in 0.31 ms, found 2 plugins.
Preloading 0 native plugins for Editor in 0.00 ms.
Unloading 1384 Unused Serialized files (Serialized files now loaded: 0)
System memory in use before: 68.8 MB.
System memory in use after: 68.9 MB.

Unloading 13 unused Assets to reduce memory usage. Loaded Objects now: 1859.
Total: 1.722800 ms (FindLiveObjects: 0.222900 ms CreateObjectMapping: 0.068900 ms MarkObjects: 1.417500 ms  DeleteObjects: 0.012300 ms)

========================================================================
Received Prepare
Registering precompiled user dll's ...
Registered in 0.003626 seconds.
Begin MonoManager ReloadAssembly
Native extension for WindowsStandalone target not found
Native extension for WebGL target not found
Refreshing native plugins compatible for Editor in 0.29 ms, found 2 plugins.
Preloading 0 native plugins for Editor in 0.00 ms.
Mono: successfully reloaded assembly
- Completed reload, in  0.755 seconds
Platform modules already initialized, skipping
Refreshing native plugins compatible for Editor in 0.28 ms, found 2 plugins.
Preloading 0 native plugins for Editor in 0.00 ms.
Unloading 1384 Unused Serialized files (Serialized files now loaded: 0)
System memory in use before: 68.8 MB.
System memory in use after: 69.0 MB.

Unloading 13 unused Assets to reduce memory usage. Loaded Objects now: 1862.
Total: 1.679700 ms (FindLiveObjects: 0.150900 ms CreateObjectMapping: 0.039300 ms MarkObjects: 1.475600 ms  DeleteObjects: 0.012900 ms)

AssetImportWorkerClient::OnTransportError - code=2 error=End of file
