Using pre-set license
Built from '2020.3/staging' branch; Version is '2020.3.10f1 (297d780c91bc) revision 2719096'; Using compiler version '192528614'; Build Type 'Release'
OS: 'Windows 10 Pro; OS build 19042.1052; Version 2009; 64bit' Language: 'ko' Physical Memory: 8147 MB
BatchMode: 1, IsHumanControllingUs: 0, StartBugReporterOnCrash: 0, Is64bit: 1, IsPro: 0

 COMMAND LINE ARGUMENTS:
C:\Program Files\Unity\Hub\Editor\2020.3.10f1\Editor\Unity.exe
-adb2
-batchMode
-noUpm
-name
AssetImportWorker0
-projectPath
C:/TappyPlane2
-logFile
Logs/AssetImportWorker0.log
-srvPort
57307
Successfully changed project path to: C:/TappyPlane2
C:/TappyPlane2
Using Asset Import Pipeline V2.
Refreshing native plugins compatible for Editor in 46.47 ms, found 3 plugins.
Preloading 0 native plugins for Editor in 0.00 ms.
Initialize engine version: 2020.3.10f1 (297d780c91bc)
[Subsystems] Discovering subsystems at path C:/Program Files/Unity/Hub/Editor/2020.3.10f1/Editor/Data/Resources/UnitySubsystems
[Subsystems] Discovering subsystems at path C:/TappyPlane2/Assets
GfxDevice: creating device client; threaded=0
Direct3D:
    Version:  Direct3D 11.0 [level 11.0]
    Renderer: NVIDIA GeForce GT 620 (ID=0xf01)
    Vendor:   
    VRAM:     969 MB
    Driver:   23.21.13.9135
Initialize mono
Mono path[0] = 'C:/Program Files/Unity/Hub/Editor/2020.3.10f1/Editor/Data/Managed'
Mono path[1] = 'C:/Program Files/Unity/Hub/Editor/2020.3.10f1/Editor/Data/MonoBleedingEdge/lib/mono/unityjit'
Mono config path = 'C:/Program Files/Unity/Hub/Editor/2020.3.10f1/Editor/Data/MonoBleedingEdge/etc'
Using monoOptions --debugger-agent=transport=dt_socket,embedding=1,server=y,suspend=n,address=127.0.0.1:56508
Begin MonoManager ReloadAssembly
Registering precompiled unity dll's ...
Register platform support module: C:/Program Files/Unity/Hub/Editor/2020.3.10f1/Editor/Data/PlaybackEngines/WindowsStandaloneSupport/UnityEditor.WindowsStandalone.Extensions.dll
Registered in 0.001958 seconds.
Native extension for WindowsStandalone target not found
Refreshing native plugins compatible for Editor in 42.46 ms, found 3 plugins.
Preloading 0 native plugins for Editor in 0.00 ms.
Mono: successfully reloaded assembly
- Completed reload, in  2.355 seconds
Platform modules already initialized, skipping
Registering precompiled user dll's ...
Registered in 0.004123 seconds.
Begin MonoManager ReloadAssembly
Native extension for WindowsStandalone target not found
Refreshing native plugins compatible for Editor in 42.46 ms, found 3 plugins.
Preloading 0 native plugins for Editor in 0.00 ms.
Mono: successfully reloaded assembly
- Completed reload, in  1.251 seconds
Platform modules already initialized, skipping
========================================================================
Worker process is ready to serve import requests
Launched and connected shader compiler UnityShaderCompiler.exe after 0.04 seconds
Refreshing native plugins compatible for Editor in 0.51 ms, found 3 plugins.
Preloading 0 native plugins for Editor in 0.00 ms.
Unloading 2093 Unused Serialized files (Serialized files now loaded: 0)
System memory in use before: 95.9 MB.
System memory in use after: 95.8 MB.

Unloading 33 unused Assets to reduce memory usage. Loaded Objects now: 2528.
Total: 3.087700 ms (FindLiveObjects: 0.238900 ms CreateObjectMapping: 0.172300 ms MarkObjects: 2.497600 ms  DeleteObjects: 0.178200 ms)

========================================================================
Received Import Request.
  path: Assets/Scripts/Star.cs
  artifactKey: Guid(527b3e75a9f06a5459e1c1e42bcddc93) Importer(815301076,1909f56bfc062723c751e8b465ee728b)
Start importing Assets/Scripts/Star.cs using Guid(527b3e75a9f06a5459e1c1e42bcddc93) Importer(815301076,1909f56bfc062723c751e8b465ee728b)  -> (artifact id: '9e37d8e222ba9a1961adbd6a8a2c4c08') in 0.029608 seconds
  Import took 0.034274 seconds .

========================================================================
Received Prepare
Registering precompiled user dll's ...
Registered in 0.004121 seconds.
Begin MonoManager ReloadAssembly
Native extension for WindowsStandalone target not found
Refreshing native plugins compatible for Editor in 0.55 ms, found 3 plugins.
Preloading 0 native plugins for Editor in 0.00 ms.
Mono: successfully reloaded assembly
- Completed reload, in  1.196 seconds
Platform modules already initialized, skipping
Refreshing native plugins compatible for Editor in 0.56 ms, found 3 plugins.
Preloading 0 native plugins for Editor in 0.00 ms.
Unloading 2088 Unused Serialized files (Serialized files now loaded: 0)
System memory in use before: 95.8 MB.
System memory in use after: 95.8 MB.

Unloading 21 unused Assets to reduce memory usage. Loaded Objects now: 2532.
Total: 2.945100 ms (FindLiveObjects: 0.255900 ms CreateObjectMapping: 0.160100 ms MarkObjects: 2.377100 ms  DeleteObjects: 0.150800 ms)

========================================================================
Received Prepare
Registering precompiled user dll's ...
Registered in 0.004424 seconds.
Begin MonoManager ReloadAssembly
Native extension for WindowsStandalone target not found
Refreshing native plugins compatible for Editor in 0.51 ms, found 3 plugins.
Preloading 0 native plugins for Editor in 0.00 ms.
Mono: successfully reloaded assembly
- Completed reload, in  1.170 seconds
Platform modules already initialized, skipping
Refreshing native plugins compatible for Editor in 0.53 ms, found 3 plugins.
Preloading 0 native plugins for Editor in 0.00 ms.
Unloading 2088 Unused Serialized files (Serialized files now loaded: 0)
System memory in use before: 95.9 MB.
System memory in use after: 95.8 MB.

Unloading 21 unused Assets to reduce memory usage. Loaded Objects now: 2536.
Total: 2.868100 ms (FindLiveObjects: 0.242400 ms CreateObjectMapping: 0.204400 ms MarkObjects: 2.272300 ms  DeleteObjects: 0.147800 ms)

========================================================================
Received Import Request.
  Time since last request: 1551.706160 seconds.
  path: Assets/Scripts/StarMaker.cs
  artifactKey: Guid(10bb8cbc7d0b7444fa751ee65eaad38e) Importer(815301076,1909f56bfc062723c751e8b465ee728b)
Start importing Assets/Scripts/StarMaker.cs using Guid(10bb8cbc7d0b7444fa751ee65eaad38e) Importer(815301076,1909f56bfc062723c751e8b465ee728b)  -> (artifact id: '428c345bb7bdb2978758f10abb494728') in 0.013885 seconds
  Import took 0.019275 seconds .

========================================================================
Received Import Request.
  Time since last request: 0.001268 seconds.
  path: Assets/Scripts/StarMaker.cs
  artifactKey: Guid(10bb8cbc7d0b7444fa751ee65eaad38e) Importer(815301076,1909f56bfc062723c751e8b465ee728b)
Start importing Assets/Scripts/StarMaker.cs using Guid(10bb8cbc7d0b7444fa751ee65eaad38e) Importer(815301076,1909f56bfc062723c751e8b465ee728b)  -> (artifact id: '428c345bb7bdb2978758f10abb494728') in 0.003220 seconds
  Import took 0.007228 seconds .

========================================================================
Received Import Request.
  Time since last request: 17.899954 seconds.
  path: Assets/Scripts/bronzeStar.cs
  artifactKey: Guid(53b4c14e0e3dd0c498389992e33cf3ff) Importer(815301076,1909f56bfc062723c751e8b465ee728b)
Start importing Assets/Scripts/bronzeStar.cs using Guid(53b4c14e0e3dd0c498389992e33cf3ff) Importer(815301076,1909f56bfc062723c751e8b465ee728b)  -> (artifact id: '24dd0ceba9f97a604dd779bf91d9b570') in 0.012996 seconds
  Import took 0.019399 seconds .

========================================================================
Received Import Request.
  Time since last request: 1977.956157 seconds.
  path: Assets/Scripts/PlayerScr.cs
  artifactKey: Guid(739c97a6a4f300247bd4450a8679707d) Importer(815301076,1909f56bfc062723c751e8b465ee728b)
Start importing Assets/Scripts/PlayerScr.cs using Guid(739c97a6a4f300247bd4450a8679707d) Importer(815301076,1909f56bfc062723c751e8b465ee728b)  -> (artifact id: '43a96b218616a6e2b7cf91797709f7b3') in 0.009737 seconds
  Import took 0.014719 seconds .

========================================================================
Received Import Request.
  Time since last request: 0.033450 seconds.
  path: Assets/Scripts/PlayerScr.cs
  artifactKey: Guid(739c97a6a4f300247bd4450a8679707d) Importer(815301076,1909f56bfc062723c751e8b465ee728b)
Start importing Assets/Scripts/PlayerScr.cs using Guid(739c97a6a4f300247bd4450a8679707d) Importer(815301076,1909f56bfc062723c751e8b465ee728b)  -> (artifact id: '43a96b218616a6e2b7cf91797709f7b3') in 0.005020 seconds
  Import took 0.009504 seconds .

========================================================================
Received Prepare
Registering precompiled user dll's ...
Registered in 0.005145 seconds.
Begin MonoManager ReloadAssembly
Native extension for WindowsStandalone target not found
Refreshing native plugins compatible for Editor in 0.73 ms, found 3 plugins.
Preloading 0 native plugins for Editor in 0.00 ms.
Mono: successfully reloaded assembly
- Completed reload, in  1.197 seconds
Platform modules already initialized, skipping
Refreshing native plugins compatible for Editor in 0.54 ms, found 3 plugins.
Preloading 0 native plugins for Editor in 0.00 ms.
Unloading 2088 Unused Serialized files (Serialized files now loaded: 0)
System memory in use before: 95.9 MB.
System memory in use after: 95.9 MB.

Unloading 21 unused Assets to reduce memory usage. Loaded Objects now: 2540.
Total: 2.930200 ms (FindLiveObjects: 0.242200 ms CreateObjectMapping: 0.154700 ms MarkObjects: 2.379200 ms  DeleteObjects: 0.153300 ms)

========================================================================
Received Import Request.
  Time since last request: 562.401789 seconds.
  path: Assets/Resources/Letters
  artifactKey: Guid(a291ecc54a0d3c34fae224699005f4c2) Importer(815301076,1909f56bfc062723c751e8b465ee728b)
Start importing Assets/Resources/Letters using Guid(a291ecc54a0d3c34fae224699005f4c2) Importer(815301076,1909f56bfc062723c751e8b465ee728b)  -> (artifact id: '273f7f1fb3c775cd048b5e647cc91f23') in 0.014753 seconds
  Import took 0.020266 seconds .

========================================================================
Received Import Request.
  Time since last request: 195.477698 seconds.
  path: Assets/Scripts/MyDownObs.cs
  artifactKey: Guid(de58be4b0744661469c57b2cfd53fbea) Importer(815301076,1909f56bfc062723c751e8b465ee728b)
Start importing Assets/Scripts/MyDownObs.cs using Guid(de58be4b0744661469c57b2cfd53fbea) Importer(815301076,1909f56bfc062723c751e8b465ee728b)  -> (artifact id: '79dd35c4b050c97ed9c180315ca53fb6') in 0.010968 seconds
  Import took 0.016970 seconds .

========================================================================
Received Import Request.
  Time since last request: 0.001834 seconds.
  path: Assets/Scripts/MyDownObs.cs
  artifactKey: Guid(de58be4b0744661469c57b2cfd53fbea) Importer(815301076,1909f56bfc062723c751e8b465ee728b)
Start importing Assets/Scripts/MyDownObs.cs using Guid(de58be4b0744661469c57b2cfd53fbea) Importer(815301076,1909f56bfc062723c751e8b465ee728b)  -> (artifact id: '79dd35c4b050c97ed9c180315ca53fb6') in 0.004974 seconds
  Import took 0.008965 seconds .

========================================================================
Received Import Request.
  Time since last request: 22.426697 seconds.
  path: Assets/Scripts/starSilver.cs
  artifactKey: Guid(a0f67d4a82fc3874788dd27e17b758e8) Importer(815301076,1909f56bfc062723c751e8b465ee728b)
Start importing Assets/Scripts/starSilver.cs using Guid(a0f67d4a82fc3874788dd27e17b758e8) Importer(815301076,1909f56bfc062723c751e8b465ee728b)  -> (artifact id: '79f13ea9cafce81703eda2666dc4316b') in 0.008736 seconds
  Import took 0.013399 seconds .

========================================================================
Received Import Request.
  Time since last request: 0.000877 seconds.
  path: Assets/Scripts/starSilver.cs
  artifactKey: Guid(a0f67d4a82fc3874788dd27e17b758e8) Importer(815301076,1909f56bfc062723c751e8b465ee728b)
Start importing Assets/Scripts/starSilver.cs using Guid(a0f67d4a82fc3874788dd27e17b758e8) Importer(815301076,1909f56bfc062723c751e8b465ee728b)  -> (artifact id: '79f13ea9cafce81703eda2666dc4316b') in 0.005694 seconds
  Import took 0.010156 seconds .

AssetImportWorkerClient::OnTransportError - code=2 error=End of file
